
Searching for OR Library files in:
  /home/eb276/ALP-Project/data

  [FOUND]   airland1.txt
  [FOUND]   airland2.txt
  [FOUND]   airland3.txt
  [FOUND]   airland4.txt
  [FOUND]   airland5.txt
  [FOUND]   airland6.txt
  [FOUND]   airland7.txt
  [FOUND]   airland8.txt
  [FOUND]   airland9.txt
  [FOUND]   airland10.txt
  [FOUND]   airland11.txt
  [FOUND]   airland12.txt
  [FOUND]   airland13.txt

Running 13 instance(s)...


── Instance diagnostic: airland1  (n=10) ──
   s̄ = 10.4 s   max_sep = 99999 s
   delta range  : [98, 258] s  (interval ≈ 3 s)
   window range : r=[89,195]  d=[510,744]
   EDD     :     feasible   obj = 700.00
   ERD     :     feasible   obj = 1280.00
   MDD     :     feasible   obj = 700.00
   MPDS    :     feasible   obj = 970.00
   Random seq feasibility: 500/500 (100.0%)


══════════════════════════════════════════════════════════════════════
  Instance : airland1   n=10   s̄=10s
  CPU cores: 28   ILS/chain: 0   t_limit: 3600s
  Params (adaptive): α=0.97  N_iter=80  T_min=1e-04  I_max=300  M_stag=50  chi0=0.5
  Reference: 700
══════════════════════════════════════════════════════════════════════
  MS-SA: 28 chains  |  28 workers  |  ILS/chain: 0  |  t_limit: 3600s

  SA chains:   0%|          | 0/28 [00:00<?, ?it/s]
  SA chains:   4%|▎         | 1/28 [00:09<04:07,  9.18s/it]
  SA chains:  21%|██▏       | 6/28 [00:09<00:26,  1.19s/it]
  SA chains:  25%|██▌       | 7/28 [00:09<00:20,  1.01it/s]
  SA chains:  82%|████████▏ | 23/28 [00:09<00:00,  5.31it/s]
  SA chains: 100%|██████████| 28/28 [00:10<00:00,  2.79it/s]

  2/28 initial solutions already at best objective
  Total distinct near-optimal sequences found: 56
  MS-SA → 700.00  semi=700.00  (best start: MPDS)  [wall: 10.1s  |  TTB(feas): 1.5s]

──────────────────────────────────────────────────────────────────────
  Method                          Obj   Obj (semi)       Gap   Wall(s)   TTB(s)  Alt seqs
  ──────────────── ────────────────── ──────────── ───────── ───────── ──────── ─────────
  MS-SA                        700.00       700.00    +0.00%     10.09     1.52        56
══════════════════════════════════════════════════════════════════════

════════════════════════════════════════════════════════════════════
  Verification — airland1   n=10
────────────────────────────────────────────────────────────────────
  Result         : ✓ PASS
  Obj reported   : 700.000000
  Obj recomputed : 700.000000  (Δ=0.00e+00)
  Obj LP re-solve: 700.000000  (Δ=0.00e+00)
  Tolerance      : 1e-04
  Violations     : 0
════════════════════════════════════════════════════════════════════
  Saved: adaptive_results/airland1/summary.csv
  Saved: adaptive_results/airland1/schedules.csv
  Saved: adaptive_results/airland1/verification.txt
  Saved: adaptive_results/airland1/run_metadata.json
  Saved: adaptive_results/plots/gantt/gantt_airland1_MS_SA.png
  Saved: adaptive_results/plots/convergence/convergence_airland1.png
  Saved: adaptive_results/plots/alpha_trajectory/alpha_trajectory_airland1.png
  Saved: adaptive_results/plots/seed_improvement/seed_improvement_airland1.png
  Saved: adaptive_results/plots/penalty_profile/penalty_profile_airland1_MS_SA.png

── Instance diagnostic: airland2  (n=15) ──
   s̄ = 10.9 s   max_sep = 99999 s
   delta range  : [93, 342] s  (interval ≈ 13 s)
   window range : r=[84,276]  d=[501,837]
   EDD     :     feasible   obj = 1500.00
   ERD     :     feasible   obj = 1790.00
   MDD     :     feasible   obj = 1500.00
   MPDS    :     feasible   obj = 1500.00
   Random seq feasibility: 500/500 (100.0%)


══════════════════════════════════════════════════════════════════════
  Instance : airland2   n=15   s̄=11s
  CPU cores: 28   ILS/chain: 0   t_limit: 3600s
  Params (adaptive): α=0.97  N_iter=80  T_min=1e-04  I_max=300  M_stag=50  chi0=0.5
  Reference: 1480
══════════════════════════════════════════════════════════════════════
  MS-SA: 28 chains  |  28 workers  |  ILS/chain: 0  |  t_limit: 3600s

  SA chains:   0%|          | 0/28 [00:00<?, ?it/s]
  SA chains:   4%|▎         | 1/28 [00:11<05:16, 11.73s/it]
  SA chains:   7%|▋         | 2/28 [00:12<02:13,  5.15s/it]
  SA chains: 100%|██████████| 28/28 [00:12<00:00,  2.27it/s]

  2/28 initial solutions already at best objective
  Total distinct near-optimal sequences found: 224
  MS-SA → 1480.00  semi=1480.00  (best start: MPDS)  [wall: 12.4s  |  TTB(feas): 2.9s]

──────────────────────────────────────────────────────────────────────
  Method                          Obj   Obj (semi)       Gap   Wall(s)   TTB(s)  Alt seqs
  ──────────────── ────────────────── ──────────── ───────── ───────── ──────── ─────────
  MS-SA                       1480.00      1480.00    +0.00%     12.41     2.88       224
══════════════════════════════════════════════════════════════════════

════════════════════════════════════════════════════════════════════
  Verification — airland2   n=15
────────────────────────────────────────────────────────────────────
  Result         : ✓ PASS
  Obj reported   : 1480.000000
  Obj recomputed : 1480.000000  (Δ=0.00e+00)
  Obj LP re-solve: 1480.000000  (Δ=0.00e+00)
  Tolerance      : 1e-04
  Violations     : 0
════════════════════════════════════════════════════════════════════
  Saved: adaptive_results/airland2/summary.csv
  Saved: adaptive_results/airland2/schedules.csv
  Saved: adaptive_results/airland2/verification.txt
  Saved: adaptive_results/airland2/run_metadata.json
  Saved: adaptive_results/plots/gantt/gantt_airland2_MS_SA.png
  Saved: adaptive_results/plots/convergence/convergence_airland2.png
  Saved: adaptive_results/plots/alpha_trajectory/alpha_trajectory_airland2.png
  Saved: adaptive_results/plots/seed_improvement/seed_improvement_airland2.png
  Saved: adaptive_results/plots/penalty_profile/penalty_profile_airland2_MS_SA.png

── Instance diagnostic: airland3  (n=20) ──
   s̄ = 10.5 s   max_sep = 99999 s
   delta range  : [82, 409] s  (interval ≈ 5 s)
   window range : r=[75,310]  d=[486,967]
   EDD     :     feasible   obj = 1730.00
   ERD     :     feasible   obj = 1790.00
   MDD     :     feasible   obj = 1730.00
   MPDS    :     feasible   obj = 980.00
   Random seq feasibility: 490/500 (98.0%)


══════════════════════════════════════════════════════════════════════
  Instance : airland3   n=20   s̄=10s
  CPU cores: 28   ILS/chain: 0   t_limit: 3600s
  Params (adaptive): α=0.97  N_iter=80  T_min=1e-04  I_max=300  M_stag=50  chi0=0.5
  Reference: 820
══════════════════════════════════════════════════════════════════════
  MS-SA: 28 chains  |  28 workers  |  ILS/chain: 0  |  t_limit: 3600s

  SA chains:   0%|          | 0/28 [00:00<?, ?it/s]
  SA chains:   4%|▎         | 1/28 [00:10<04:54, 10.90s/it]
  SA chains:  11%|█         | 3/28 [00:12<01:26,  3.46s/it]
  SA chains:  25%|██▌       | 7/28 [00:13<00:25,  1.19s/it]
  SA chains:  29%|██▊       | 8/28 [00:13<00:21,  1.08s/it]
  SA chains:  39%|███▉      | 11/28 [00:13<00:10,  1.65it/s]
  SA chains:  64%|██████▍   | 18/28 [00:14<00:02,  3.92it/s]
  SA chains:  75%|███████▌  | 21/28 [00:14<00:01,  4.98it/s]
  SA chains: 100%|██████████| 28/28 [00:14<00:00,  1.98it/s]

  2/28 initial solutions already at best objective
  Total distinct near-optimal sequences found: 56
  MS-SA → 820.00  semi=820.00  (best start: MPDS)  [wall: 14.3s  |  TTB(feas): 3.5s]

──────────────────────────────────────────────────────────────────────
  Method                          Obj   Obj (semi)       Gap   Wall(s)   TTB(s)  Alt seqs
  ──────────────── ────────────────── ──────────── ───────── ───────── ──────── ─────────
  MS-SA                        820.00       820.00    +0.00%     14.25     3.53        56
══════════════════════════════════════════════════════════════════════

════════════════════════════════════════════════════════════════════
  Verification — airland3   n=20
────────────────────────────────────────────────────────────────────
  Result         : ✓ PASS
  Obj reported   : 820.000000
  Obj recomputed : 820.000000  (Δ=0.00e+00)
  Obj LP re-solve: 820.000000  (Δ=0.00e+00)
  Tolerance      : 1e-04
  Violations     : 0
════════════════════════════════════════════════════════════════════
  Saved: adaptive_results/airland3/summary.csv
  Saved: adaptive_results/airland3/schedules.csv
  Saved: adaptive_results/airland3/verification.txt
  Saved: adaptive_results/airland3/run_metadata.json
  Saved: adaptive_results/plots/gantt/gantt_airland3_MS_SA.png
  Saved: adaptive_results/plots/convergence/convergence_airland3.png
  Saved: adaptive_results/plots/alpha_trajectory/alpha_trajectory_airland3.png
  Saved: adaptive_results/plots/seed_improvement/seed_improvement_airland3.png
  Saved: adaptive_results/plots/penalty_profile/penalty_profile_airland3_MS_SA.png

── Instance diagnostic: airland4  (n=20) ──
   s̄ = 10.7 s   max_sep = 99999 s
   delta range  : [92, 357] s  (interval ≈ 14 s)
   window range : r=[82,286]  d=[509,840]
   EDD     :     feasible   obj = 2520.00
   ERD     :     feasible   obj = 4890.00
   MDD     :     feasible   obj = 2520.00
   MPDS    :     feasible   obj = 8560.00
   Random seq feasibility: 496/500 (99.2%)


══════════════════════════════════════════════════════════════════════
  Instance : airland4   n=20   s̄=11s
  CPU cores: 28   ILS/chain: 0   t_limit: 3600s
  Params (adaptive): α=0.97  N_iter=80  T_min=1e-04  I_max=300  M_stag=50  chi0=0.5
  Reference: 2520
══════════════════════════════════════════════════════════════════════
  MS-SA: 28 chains  |  28 workers  |  ILS/chain: 0  |  t_limit: 3600s

  SA chains:   0%|          | 0/28 [00:00<?, ?it/s]
  SA chains:   4%|▎         | 1/28 [00:13<06:04, 13.51s/it]
  SA chains:  39%|███▉      | 11/28 [00:14<00:15,  1.07it/s]
  SA chains:  46%|████▋     | 13/28 [00:14<00:12,  1.25it/s]
  SA chains:  82%|████████▏ | 23/28 [00:14<00:01,  3.03it/s]
  SA chains: 100%|██████████| 28/28 [00:14<00:00,  1.89it/s]

  4/28 initial solutions already at best objective
  Total distinct near-optimal sequences found: 447
  MS-SA → 2520.00  semi=2520.00  (best start: MPDS)  [wall: 14.9s  |  TTB(feas): 3.9s]

──────────────────────────────────────────────────────────────────────
  Method                          Obj   Obj (semi)       Gap   Wall(s)   TTB(s)  Alt seqs
  ──────────────── ────────────────── ──────────── ───────── ───────── ──────── ─────────
  MS-SA                       2520.00      2520.00    +0.00%     14.91     3.88       447
══════════════════════════════════════════════════════════════════════

════════════════════════════════════════════════════════════════════
  Verification — airland4   n=20
────────────────────────────────────────────────────────────────────
  Result         : ✓ PASS
  Obj reported   : 2520.000000
  Obj recomputed : 2520.000000  (Δ=0.00e+00)
  Obj LP re-solve: 2520.000000  (Δ=0.00e+00)
  Tolerance      : 1e-04
  Violations     : 0
════════════════════════════════════════════════════════════════════
  Saved: adaptive_results/airland4/summary.csv
  Saved: adaptive_results/airland4/schedules.csv
  Saved: adaptive_results/airland4/verification.txt
  Saved: adaptive_results/airland4/run_metadata.json
  Saved: adaptive_results/plots/gantt/gantt_airland4_MS_SA.png
  Saved: adaptive_results/plots/convergence/convergence_airland4.png
  Saved: adaptive_results/plots/alpha_trajectory/alpha_trajectory_airland4.png
  Saved: adaptive_results/plots/seed_improvement/seed_improvement_airland4.png
  Saved: adaptive_results/plots/penalty_profile/penalty_profile_airland4_MS_SA.png

── Instance diagnostic: airland5  (n=20) ──
   s̄ = 10.7 s   max_sep = 99999 s
   delta range  : [90, 393] s  (interval ≈ 1 s)
   window range : r=[82,300]  d=[497,931]
   EDD     :     feasible   obj = 5420.00
   ERD     :     feasible   obj = 6470.00
   MDD     :     feasible   obj = 3100.00
   MPDS    :     feasible   obj = 9270.00
   Random seq feasibility: 496/500 (99.2%)


══════════════════════════════════════════════════════════════════════
  Instance : airland5   n=20   s̄=11s
  CPU cores: 28   ILS/chain: 0   t_limit: 3600s
  Params (adaptive): α=0.97  N_iter=80  T_min=1e-04  I_max=300  M_stag=50  chi0=0.5
  Reference: 3100
══════════════════════════════════════════════════════════════════════
  MS-SA: 28 chains  |  28 workers  |  ILS/chain: 0  |  t_limit: 3600s

  SA chains:   0%|          | 0/28 [00:00<?, ?it/s]
  SA chains:   4%|▎         | 1/28 [00:12<05:34, 12.39s/it]
  SA chains:  14%|█▍        | 4/28 [00:12<00:59,  2.48s/it]
  SA chains:  32%|███▏      | 9/28 [00:14<00:19,  1.03s/it]
  SA chains:  46%|████▋     | 13/28 [00:14<00:09,  1.67it/s]
  SA chains:  54%|█████▎    | 15/28 [00:14<00:06,  2.07it/s]
  SA chains:  79%|███████▊  | 22/28 [00:14<00:01,  4.30it/s]
  SA chains: 100%|██████████| 28/28 [00:14<00:00,  1.90it/s]

  3/28 initial solutions already at best objective
  Total distinct near-optimal sequences found: 672
  MS-SA → 3100.00  semi=3100.00  (best start: MPDS)  [wall: 14.8s  |  TTB(feas): 3.5s]

──────────────────────────────────────────────────────────────────────
  Method                          Obj   Obj (semi)       Gap   Wall(s)   TTB(s)  Alt seqs
  ──────────────── ────────────────── ──────────── ───────── ───────── ──────── ─────────
  MS-SA                       3100.00      3100.00    +0.00%     14.83     3.46       672
══════════════════════════════════════════════════════════════════════

════════════════════════════════════════════════════════════════════
  Verification — airland5   n=20
────────────────────────────────────────────────────────────────────
  Result         : ✓ PASS
  Obj reported   : 3100.000000
  Obj recomputed : 3100.000000  (Δ=0.00e+00)
  Obj LP re-solve: 3100.000000  (Δ=0.00e+00)
  Tolerance      : 1e-04
  Violations     : 0
════════════════════════════════════════════════════════════════════
  Saved: adaptive_results/airland5/summary.csv
  Saved: adaptive_results/airland5/schedules.csv
  Saved: adaptive_results/airland5/verification.txt
  Saved: adaptive_results/airland5/run_metadata.json
  Saved: adaptive_results/plots/gantt/gantt_airland5_MS_SA.png
  Saved: adaptive_results/plots/convergence/convergence_airland5.png
  Saved: adaptive_results/plots/alpha_trajectory/alpha_trajectory_airland5.png
  Saved: adaptive_results/plots/seed_improvement/seed_improvement_airland5.png
  Saved: adaptive_results/plots/penalty_profile/penalty_profile_airland5_MS_SA.png

── Instance diagnostic: airland6  (n=30) ──
   s̄ = 114.1 s   max_sep = 99999 s
   delta range  : [0, 3091] s  (interval ≈ 107 s)
   window range : r=[0,3091]  d=[0,3266]
   EDD     :     feasible   obj = 24442.00
   ERD     :     feasible   obj = 24442.00
   MDD     : INFEASIBLE
   MPDS    : INFEASIBLE
   Random seq feasibility: 0/500 (0.0%)


══════════════════════════════════════════════════════════════════════
  Instance : airland6   n=30   s̄=114s
  CPU cores: 28   ILS/chain: 2   t_limit: 3600s
  Params (adaptive): α=0.98  N_iter=150  T_min=1e-04  I_max=600  M_stag=80  chi0=0.5
  Reference: 24442
══════════════════════════════════════════════════════════════════════
  MS-SA: 28 chains  |  28 workers  |  ILS/chain: 2  |  t_limit: 3600s

  SA chains:   0%|          | 0/28 [00:00<?, ?it/s]
  SA chains:   4%|▎         | 1/28 [00:00<00:13,  2.05it/s]
  SA chains:  14%|█▍        | 4/28 [00:00<00:03,  7.51it/s]
  SA chains: 100%|██████████| 28/28 [00:00<00:00, 40.76it/s]

  2/28 initial solutions already at best objective
  Total distinct near-optimal sequences found: 15
  MS-SA → 24442.00  semi=24442.00  (best start: EDD)  [wall: 0.8s  |  TTB(feas): 0.0s]

──────────────────────────────────────────────────────────────────────
  Method                          Obj   Obj (semi)       Gap   Wall(s)   TTB(s)  Alt seqs
  ──────────────── ────────────────── ──────────── ───────── ───────── ──────── ─────────
  MS-SA                      24442.00     24442.00    +0.00%      0.78     0.00        15
══════════════════════════════════════════════════════════════════════

════════════════════════════════════════════════════════════════════
  Verification — airland6   n=30
────────────────────────────────────────────────────────────────────
  Result         : ✓ PASS
  Obj reported   : 24442.000000
  Obj recomputed : 24442.000000  (Δ=0.00e+00)
  Obj LP re-solve: 24442.000000  (Δ=0.00e+00)
  Tolerance      : 1e-04
  Violations     : 0
════════════════════════════════════════════════════════════════════
  Saved: adaptive_results/airland6/summary.csv
  Saved: adaptive_results/airland6/schedules.csv
  Saved: adaptive_results/airland6/verification.txt
  Saved: adaptive_results/airland6/run_metadata.json
  Saved: adaptive_results/plots/gantt/gantt_airland6_MS_SA.png
  Saved: adaptive_results/plots/convergence/convergence_airland6.png
  Saved: adaptive_results/plots/alpha_trajectory/alpha_trajectory_airland6.png
  Saved: adaptive_results/plots/seed_improvement/seed_improvement_airland6.png
  Saved: adaptive_results/plots/penalty_profile/penalty_profile_airland6_MS_SA.png

── Instance diagnostic: airland7  (n=44) ──
   s̄ = 112.6 s   max_sep = 99999 s
   delta range  : [0, 4927] s  (interval ≈ 115 s)
   window range : r=[0,4802]  d=[0,5052]
   EDD     :     feasible   obj = 1550.00
   ERD     :     feasible   obj = 1550.00
   MDD     :     feasible   obj = 1550.00
   MPDS    : INFEASIBLE
   Random seq feasibility: 0/500 (0.0%)


══════════════════════════════════════════════════════════════════════
  Instance : airland7   n=44   s̄=113s
  CPU cores: 28   ILS/chain: 2   t_limit: 3600s
  Params (adaptive): α=0.98  N_iter=150  T_min=1e-04  I_max=600  M_stag=80  chi0=0.5
  Reference: 1550
══════════════════════════════════════════════════════════════════════
  MS-SA: 28 chains  |  28 workers  |  ILS/chain: 2  |  t_limit: 3600s

  SA chains:   0%|          | 0/28 [00:00<?, ?it/s]
  SA chains:   4%|▎         | 1/28 [00:00<00:13,  2.05it/s]
  SA chains:   7%|▋         | 2/28 [00:01<00:15,  1.66it/s]
  SA chains:  14%|█▍        | 4/28 [00:01<00:08,  2.82it/s]
  SA chains:  29%|██▊       | 8/28 [00:02<00:04,  4.36it/s]
  SA chains: 100%|██████████| 28/28 [00:02<00:00, 12.61it/s]

  3/28 initial solutions already at best objective
  Total distinct near-optimal sequences found: 15
  MS-SA → 1550.00  semi=1550.00  (best start: EDD)  [wall: 2.3s  |  TTB(feas): 0.0s]

──────────────────────────────────────────────────────────────────────
  Method                          Obj   Obj (semi)       Gap   Wall(s)   TTB(s)  Alt seqs
  ──────────────── ────────────────── ──────────── ───────── ───────── ──────── ─────────
  MS-SA                       1550.00      1550.00    +0.00%      2.30     0.00        15
══════════════════════════════════════════════════════════════════════

════════════════════════════════════════════════════════════════════
  Verification — airland7   n=44
────────────────────────────────────────────────────────────────────
  Result         : ✓ PASS
  Obj reported   : 1550.000000
  Obj recomputed : 1550.000000  (Δ=0.00e+00)
  Obj LP re-solve: 1550.000000  (Δ=0.00e+00)
  Tolerance      : 1e-04
  Violations     : 0
════════════════════════════════════════════════════════════════════
  Saved: adaptive_results/airland7/summary.csv
  Saved: adaptive_results/airland7/schedules.csv
  Saved: adaptive_results/airland7/verification.txt
  Saved: adaptive_results/airland7/run_metadata.json
  Saved: adaptive_results/plots/gantt/gantt_airland7_MS_SA.png
  Saved: adaptive_results/plots/convergence/convergence_airland7.png
  Saved: adaptive_results/plots/alpha_trajectory/alpha_trajectory_airland7.png
  Saved: adaptive_results/plots/seed_improvement/seed_improvement_airland7.png
  Saved: adaptive_results/plots/penalty_profile/penalty_profile_airland7_MS_SA.png

── Instance diagnostic: airland8  (n=50) ──
   s̄ = 8.8 s   max_sep = 99999 s
   delta range  : [82, 763] s  (interval ≈ 5 s)
   window range : r=[75,579]  d=[486,1231]
   EDD     :     feasible   obj = 2480.00
   ERD     :     feasible   obj = 18915.00
   MDD     :     feasible   obj = 2480.00
   MPDS    : INFEASIBLE
   Random seq feasibility: 0/500 (0.0%)


══════════════════════════════════════════════════════════════════════
  Instance : airland8   n=50   s̄=9s
  CPU cores: 28   ILS/chain: 2   t_limit: 3600s
  Params (adaptive): α=0.98  N_iter=150  T_min=1e-04  I_max=600  M_stag=80  chi0=0.5
  Reference: 1950
══════════════════════════════════════════════════════════════════════
  MS-SA: 28 chains  |  28 workers  |  ILS/chain: 2  |  t_limit: 3600s

  SA chains:   0%|          | 0/28 [00:00<?, ?it/s]
  SA chains:   4%|▎         | 1/28 [04:03<1:49:26, 243.20s/it]
  SA chains:  25%|██▌       | 7/28 [04:12<09:23, 26.84s/it]   
  SA chains: 100%|██████████| 28/28 [04:12<00:00,  9.03s/it]

  0/28 initial solutions already at best objective
  Total distinct near-optimal sequences found: 157
  MS-SA → 1950.00  semi=1860.00  (best start: MPDS)  [wall: 252.9s  |  TTB(feas): 134.2s]

──────────────────────────────────────────────────────────────────────
  Method                          Obj   Obj (semi)       Gap   Wall(s)   TTB(s)  Alt seqs
  ──────────────── ────────────────── ──────────── ───────── ───────── ──────── ─────────
  MS-SA                       1950.00      1860.00    +0.00%    252.89   134.18       157
══════════════════════════════════════════════════════════════════════

════════════════════════════════════════════════════════════════════
  Verification — airland8   n=50
────────────────────────────────────────────────────────────────────
  Result         : ✓ PASS
  Obj reported   : 1950.000000
  Obj recomputed : 1950.000000  (Δ=0.00e+00)
  Obj LP re-solve: 1950.000000  (Δ=0.00e+00)
  Tolerance      : 1e-04
  Violations     : 0
════════════════════════════════════════════════════════════════════
  Saved: adaptive_results/airland8/summary.csv
  Saved: adaptive_results/airland8/schedules.csv
  Saved: adaptive_results/airland8/verification.txt
  Saved: adaptive_results/airland8/run_metadata.json
  Saved: adaptive_results/plots/gantt/gantt_airland8_MS_SA.png
  Saved: adaptive_results/plots/convergence/convergence_airland8.png
  Saved: adaptive_results/plots/alpha_trajectory/alpha_trajectory_airland8.png
  Saved: adaptive_results/plots/seed_improvement/seed_improvement_airland8.png
  Saved: adaptive_results/plots/penalty_profile/penalty_profile_airland8_MS_SA.png

── Instance diagnostic: airland9  (n=100) ──
   s̄ = 86.1 s   max_sep = 135 s
   delta range  : [908, 12691] s  (interval ≈ 119 s)
   window range : r=[601,12323]  d=[2401,14123]
   EDD     :     feasible   obj = 7310.18
   ERD     :     feasible   obj = 17602.63
   MDD     :     feasible   obj = 7142.52
   MPDS    : INFEASIBLE
   Random seq feasibility: 0/500 (0.0%)


══════════════════════════════════════════════════════════════════════
  Instance : airland9   n=100   s̄=86s
  CPU cores: 28   ILS/chain: 4   t_limit: 3600s
  Params (adaptive): α=0.995  N_iter=300  T_min=1e-05  I_max=1200  M_stag=120  chi0=0.4
  Reference: 5611.7
══════════════════════════════════════════════════════════════════════
  MS-SA: 28 chains  |  28 workers  |  ILS/chain: 4  |  t_limit: 3600s

  SA chains:   0%|          | 0/28 [00:00<?, ?it/s]
  SA chains:   4%|▎         | 1/28 [00:05<02:36,  5.79s/it]
  SA chains:   7%|▋         | 2/28 [01:05<16:14, 37.48s/it]
  SA chains:  11%|█         | 3/28 [01:20<11:25, 27.44s/it]
  SA chains:  14%|█▍        | 4/28 [02:20<16:01, 40.06s/it]
  SA chains:  43%|████▎     | 12/28 [02:52<02:48, 10.54s/it]
  SA chains: 100%|██████████| 28/28 [02:52<00:00,  6.16s/it]

  0/28 initial solutions already at best objective
  Total distinct near-optimal sequences found: 20
  MS-SA → 5611.70  semi=5611.70  (best start: MDD)  [wall: 172.5s  |  TTB(feas): 40.3s]

──────────────────────────────────────────────────────────────────────
  Method                          Obj   Obj (semi)       Gap   Wall(s)   TTB(s)  Alt seqs
  ──────────────── ────────────────── ──────────── ───────── ───────── ──────── ─────────
  MS-SA                       5611.70      5611.70    +0.00%    172.47    40.33        20
══════════════════════════════════════════════════════════════════════

════════════════════════════════════════════════════════════════════
  Verification — airland9   n=100
────────────────────────────────────────────────────────────────────
  Result         : ✓ PASS
  Obj reported   : 5611.700000
  Obj recomputed : 5611.700000  (Δ=1.82e-12)
  Obj LP re-solve: 5611.700000  (Δ=0.00e+00)
  Tolerance      : 1e-04
  Violations     : 0
════════════════════════════════════════════════════════════════════
  Saved: adaptive_results/airland9/summary.csv
  Saved: adaptive_results/airland9/schedules.csv
  Saved: adaptive_results/airland9/verification.txt
  Saved: adaptive_results/airland9/run_metadata.json
  Saved: adaptive_results/plots/gantt/gantt_airland9_MS_SA.png
  Saved: adaptive_results/plots/convergence/convergence_airland9.png
  Saved: adaptive_results/plots/alpha_trajectory/alpha_trajectory_airland9.png
  Saved: adaptive_results/plots/seed_improvement/seed_improvement_airland9.png
  Saved: adaptive_results/plots/penalty_profile/penalty_profile_airland9_MS_SA.png

── Instance diagnostic: airland10  (n=150) ──
   s̄ = 86.3 s   max_sep = 135 s
   delta range  : [1068, 19331] s  (interval ≈ 121 s)
   window range : r=[601,19015]  d=[2401,20815]
   EDD     :     feasible   obj = 20142.41
   ERD     :     feasible   obj = 27201.83
   MDD     :     feasible   obj = 19691.52
   MPDS    : INFEASIBLE
   Random seq feasibility: 0/500 (0.0%)


══════════════════════════════════════════════════════════════════════
  Instance : airland10   n=150   s̄=86s
  CPU cores: 28   ILS/chain: 4   t_limit: 3600s
  Params (adaptive): α=0.995  N_iter=300  T_min=1e-05  I_max=1200  M_stag=120  chi0=0.4
  Reference: 12640.42
══════════════════════════════════════════════════════════════════════
  MS-SA: 28 chains  |  28 workers  |  ILS/chain: 4  |  t_limit: 3600s

  SA chains:   0%|          | 0/28 [00:00<?, ?it/s]
  SA chains:   4%|▎         | 1/28 [00:06<03:02,  6.76s/it]
  SA chains:   7%|▋         | 2/28 [01:45<26:24, 60.94s/it]
  SA chains:  14%|█▍        | 4/28 [03:25<21:36, 54.03s/it]
  SA chains: 100%|██████████| 28/28 [03:25<00:00,  7.34s/it]

  0/28 initial solutions already at best objective
  Total distinct near-optimal sequences found: 5
  MS-SA → 12364.81  semi=12364.81  (best start: MDD)  [wall: 205.6s  |  TTB(feas): 82.1s]

──────────────────────────────────────────────────────────────────────
  Method                          Obj   Obj (semi)       Gap   Wall(s)   TTB(s)  Alt seqs
  ──────────────── ────────────────── ──────────── ───────── ───────── ──────── ─────────
  MS-SA                      12364.81     12364.81    -2.18%    205.59    82.13         5
══════════════════════════════════════════════════════════════════════

════════════════════════════════════════════════════════════════════
  Verification — airland10   n=150
────────────────────────────────────────────────────────────────────
  Result         : ✓ PASS
  Obj reported   : 12364.810000
  Obj recomputed : 12364.810000  (Δ=1.82e-12)
  Obj LP re-solve: 12364.810000  (Δ=0.00e+00)
  Tolerance      : 1e-04
  Violations     : 0
════════════════════════════════════════════════════════════════════
  ⚠  Verified obj 12364.810000 < known reference 12640.42.
     This is a genuine new best — all constraints satisfied.
  Saved: adaptive_results/airland10/summary.csv
  Saved: adaptive_results/airland10/schedules.csv
  Saved: adaptive_results/airland10/verification.txt
  Saved: adaptive_results/airland10/run_metadata.json
  Saved: adaptive_results/plots/gantt/gantt_airland10_MS_SA.png
  Saved: adaptive_results/plots/convergence/convergence_airland10.png
  Saved: adaptive_results/plots/alpha_trajectory/alpha_trajectory_airland10.png
  Saved: adaptive_results/plots/seed_improvement/seed_improvement_airland10.png
  Saved: adaptive_results/plots/penalty_profile/penalty_profile_airland10_MS_SA.png

── Instance diagnostic: airland11  (n=200) ──
   s̄ = 85.2 s   max_sep = 135 s
   delta range  : [1073, 24265] s  (interval ≈ 116 s)
   window range : r=[601,23999]  d=[2401,25799]
   EDD     :     feasible   obj = 15018.84
   ERD     :     feasible   obj = 33405.36
   MDD     :     feasible   obj = 15072.61
   MPDS    : INFEASIBLE
   Random seq feasibility: 0/500 (0.0%)


══════════════════════════════════════════════════════════════════════
  Instance : airland11   n=200   s̄=85s
  CPU cores: 28   ILS/chain: 6   t_limit: 3600s
  Params (adaptive): α=0.997  N_iter=500  T_min=1e-06  I_max=2000  M_stag=200  chi0=0.35
  Reference: 12462.18
══════════════════════════════════════════════════════════════════════
  MS-SA: 28 chains  |  28 workers  |  ILS/chain: 6  |  t_limit: 3600s

  SA chains:   0%|          | 0/28 [00:00<?, ?it/s]
  SA chains:   4%|▎         | 1/28 [00:33<15:13, 33.83s/it]
  SA chains:   7%|▋         | 2/28 [07:36<1:53:45, 262.52s/it]
  SA chains:  14%|█▍        | 4/28 [11:04<1:05:15, 163.15s/it]
  SA chains: 100%|██████████| 28/28 [11:04<00:00, 23.73s/it]  

  0/28 initial solutions already at best objective
  Total distinct near-optimal sequences found: 21
  MS-SA → 12418.32  semi=12418.32  (best start: EDD)  [wall: 664.6s  |  TTB(feas): 273.1s]

──────────────────────────────────────────────────────────────────────
  Method                          Obj   Obj (semi)       Gap   Wall(s)   TTB(s)  Alt seqs
  ──────────────── ────────────────── ──────────── ───────── ───────── ──────── ─────────
  MS-SA                      12418.32     12418.32    -0.35%    664.66   273.12        21
══════════════════════════════════════════════════════════════════════

════════════════════════════════════════════════════════════════════
  Verification — airland11   n=200
────────────────────────────────────────────────────────────────────
  Result         : ✓ PASS
  Obj reported   : 12418.320000
  Obj recomputed : 12418.320000  (Δ=9.09e-12)
  Obj LP re-solve: 12418.320000  (Δ=0.00e+00)
  Tolerance      : 1e-04
  Violations     : 0
════════════════════════════════════════════════════════════════════
  ⚠  Verified obj 12418.320000 < known reference 12462.18.
     This is a genuine new best — all constraints satisfied.
  Saved: adaptive_results/airland11/summary.csv
  Saved: adaptive_results/airland11/schedules.csv
  Saved: adaptive_results/airland11/verification.txt
  Saved: adaptive_results/airland11/run_metadata.json
  Saved: adaptive_results/plots/gantt/gantt_airland11_MS_SA.png
  Saved: adaptive_results/plots/convergence/convergence_airland11.png
  Saved: adaptive_results/plots/alpha_trajectory/alpha_trajectory_airland11.png
  Saved: adaptive_results/plots/seed_improvement/seed_improvement_airland11.png
  Saved: adaptive_results/plots/penalty_profile/penalty_profile_airland11_MS_SA.png

── Instance diagnostic: airland12  (n=250) ──
   s̄ = 84.8 s   max_sep = 135 s
   delta range  : [925, 29338] s  (interval ≈ 113 s)
   window range : r=[601,28829]  d=[2401,30629]
   EDD     :     feasible   obj = 20145.60
   ERD     :     feasible   obj = 43351.63
   MDD     :     feasible   obj = 19777.31
   MPDS    : INFEASIBLE
   Random seq feasibility: 0/500 (0.0%)


══════════════════════════════════════════════════════════════════════
  Instance : airland12   n=250   s̄=85s
  CPU cores: 28   ILS/chain: 6   t_limit: 3600s
  Params (adaptive): α=0.997  N_iter=500  T_min=1e-06  I_max=2000  M_stag=200  chi0=0.35
  Reference: 16629.1
══════════════════════════════════════════════════════════════════════
  MS-SA: 28 chains  |  28 workers  |  ILS/chain: 6  |  t_limit: 3600s

  SA chains:   0%|          | 0/28 [00:00<?, ?it/s]
  SA chains:   4%|▎         | 1/28 [00:17<07:53, 17.55s/it]
  SA chains:   7%|▋         | 2/28 [07:00<1:45:54, 244.39s/it]
  SA chains:  11%|█         | 3/28 [07:24<59:52, 143.69s/it]  
  SA chains:  14%|█▍        | 4/28 [10:17<1:02:04, 155.18s/it]
  SA chains:  57%|█████▋    | 16/28 [10:58<04:35, 22.95s/it]  
  SA chains: 100%|██████████| 28/28 [10:58<00:00, 23.51s/it]

  0/28 initial solutions already at best objective
  Total distinct near-optimal sequences found: 7
  MS-SA → 16249.60  semi=16249.60  (best start: ERD)  [wall: 658.4s  |  TTB(feas): 264.2s]

──────────────────────────────────────────────────────────────────────
  Method                          Obj   Obj (semi)       Gap   Wall(s)   TTB(s)  Alt seqs
  ──────────────── ────────────────── ──────────── ───────── ───────── ──────── ─────────
  MS-SA                      16249.60     16249.60    -2.28%    658.48   264.24         7
══════════════════════════════════════════════════════════════════════

════════════════════════════════════════════════════════════════════
  Verification — airland12   n=250
────────────────────────────────────────────────────────────────────
  Result         : ✓ PASS
  Obj reported   : 16249.600000
  Obj recomputed : 16249.600000  (Δ=0.00e+00)
  Obj LP re-solve: 16249.600000  (Δ=0.00e+00)
  Tolerance      : 1e-04
  Violations     : 0
════════════════════════════════════════════════════════════════════
  ⚠  Verified obj 16249.600000 < known reference 16629.1.
     This is a genuine new best — all constraints satisfied.
  Saved: adaptive_results/airland12/summary.csv
  Saved: adaptive_results/airland12/schedules.csv
  Saved: adaptive_results/airland12/verification.txt
  Saved: adaptive_results/airland12/run_metadata.json
  Saved: adaptive_results/plots/gantt/gantt_airland12_MS_SA.png
  Saved: adaptive_results/plots/convergence/convergence_airland12.png
  Saved: adaptive_results/plots/alpha_trajectory/alpha_trajectory_airland12.png
  Saved: adaptive_results/plots/seed_improvement/seed_improvement_airland12.png
  Saved: adaptive_results/plots/penalty_profile/penalty_profile_airland12_MS_SA.png

── Instance diagnostic: airland13  (n=500) ──
   s̄ = 84.3 s   max_sep = 135 s
   delta range  : [709, 54788] s  (interval ≈ 108 s)
   window range : r=[601,54583]  d=[2401,56383]
   EDD     :     feasible   obj = 47116.73
   ERD     :     feasible   obj = 91991.72
   MDD     :     feasible   obj = 46407.47
   MPDS    : INFEASIBLE
   Random seq feasibility: 0/500 (0.0%)


══════════════════════════════════════════════════════════════════════
  Instance : airland13   n=500   s̄=84s
  CPU cores: 28   ILS/chain: 6   t_limit: 3600s
  Params (adaptive): α=0.997  N_iter=500  T_min=1e-06  I_max=2000  M_stag=200  chi0=0.35
  Reference: 39287.52
══════════════════════════════════════════════════════════════════════
  MS-SA: 28 chains  |  3 workers  |  ILS/chain: 6  |  t_limit: 3600s

  SA chains:   0%|          | 0/28 [00:00<?, ?it/s]
  SA chains:   4%|▎         | 1/28 [00:17<07:54, 17.57s/it]  SA chains:   7%|▋         | 2/28 [23:17<5:54:51, 818.92s/it]  SA chains:  14%|█▍        | 4/28 [26:30<2:26:25, 366.07s/it]  SA chains:  18%|█▊        | 5/28 [36:05<2:45:02, 430.53s/it]  SA chains:  21%|██▏       | 6/28 [44:33<2:46:33, 454.24s/it]  SA chains: 100%|██████████| 28/28 [44:33<00:00, 95.47s/it]  

  0/28 initial solutions already at best objective
  Total distinct near-optimal sequences found: 7
  MS-SA → 37772.23  semi=37772.23  (best start: EDD)  [wall: 2673.1s  |  TTB(feas): 884.4s]

──────────────────────────────────────────────────────────────────────
  Method                          Obj   Obj (semi)       Gap   Wall(s)   TTB(s)  Alt seqs
  ──────────────── ────────────────── ──────────── ───────── ───────── ──────── ─────────
  MS-SA                      37772.23     37772.23    -3.86%   2673.47   884.43         7
══════════════════════════════════════════════════════════════════════

════════════════════════════════════════════════════════════════════
  Verification — airland13   n=500
────────────────────────────────────────────────────────────────────
  Result         : ✓ PASS
  Obj reported   : 37772.230000
  Obj recomputed : 37772.230000  (Δ=1.46e-11)
  Obj LP re-solve: 37772.230000  (Δ=0.00e+00)
  Tolerance      : 1e-04
  Violations     : 0
════════════════════════════════════════════════════════════════════
  ⚠  Verified obj 37772.230000 < known reference 39287.52.
     This is a genuine new best — all constraints satisfied.
  Saved: adaptive_results/airland13/summary.csv
  Saved: adaptive_results/airland13/schedules.csv
  Saved: adaptive_results/airland13/verification.txt
  Saved: adaptive_results/airland13/run_metadata.json
  Saved: adaptive_results/plots/gantt/gantt_airland13_MS_SA.png
  Saved: adaptive_results/plots/convergence/convergence_airland13.png
  Saved: adaptive_results/plots/alpha_trajectory/alpha_trajectory_airland13.png
  Saved: adaptive_results/plots/seed_improvement/seed_improvement_airland13.png
  Saved: adaptive_results/plots/penalty_profile/penalty_profile_airland13_MS_SA.png

══════════════════════════════════════════════════════════════════════
  AGGREGATE RESULTS
  Instance           n       Gap   TTB(s)   Alt seqs  Inits@opt
  ────────────────────────────────────────────────────────────
  airland1          10    +0.00%      1.5         56          2
  airland2          15    +0.00%      2.9        224          2
  airland3          20    +0.00%      3.5         56          2
  airland4          20    +0.00%      3.9        447          4
  airland5          20    +0.00%      3.5        672          3
  airland6          30    +0.00%      0.0         15          2
  airland7          44    +0.00%      0.0         15          3
  airland8          50    +0.00%    134.2        157          0
  airland9         100    +0.00%     40.3         20          0
  airland10        150    -2.18%     82.1          5          0
  airland11        200    -0.35%    273.1         21          0
  airland12        250    -2.28%    264.2          7          0
  airland13        500    -3.86%    884.4          7          0
══════════════════════════════════════════════════════════════════════

  Running post-benchmark full constraint audit...
    airland1      : ✓ PASS
    airland2      : ✓ PASS
    airland3      : ✓ PASS
    airland4      : ✓ PASS
    airland5      : ✓ PASS
    airland6      : ✓ PASS
    airland7      : ✓ PASS
    airland8      : ✓ PASS
    airland9      : ✓ PASS
    airland10     : ✓ PASS
    airland11     : ✓ PASS
    airland12     : ✓ PASS
    airland13     : ✓ PASS

  Audit complete: 13/13 passed.

  Saved: adaptive_results/plots/gap_summary.png
  Saved: adaptive_results/plots/alt_solutions.png

  Exporting consolidated results...
  Saved: adaptive_results/summary.csv
  Saved: adaptive_results/schedules.csv
  Saved: adaptive_results/verification.txt
  Saved: adaptive_results/run_metadata.json
