
════════════════════════════════════════════════════════════════════════
  ALP — DESIGN OF EXPERIMENTS
  Experiments requested : [1, 2, 3]
  Workers               : 28  (all cores used)
  Data dir              : /home/eb276/ALP-Project/data
  Results dir           : /home/eb276/ALP-Project/doe_results
════════════════════════════════════════════════════════════════════════

Loading OR-Library instances...
  [LOADED]  airland1      n=  10  opt=700.0
  [LOADED]  airland2      n=  15  opt=1480.0
  [LOADED]  airland3      n=  20  opt=820.0
  [LOADED]  airland4      n=  20  opt=2520.0
  [LOADED]  airland5      n=  20  opt=3100.0
  [LOADED]  airland6      n=  30  opt=24442.0
  [LOADED]  airland7      n=  44  opt=1550.0
  [LOADED]  airland8      n=  50  opt=1950.0
  [LOADED]  airland9      n= 100  opt=5611.7
  [LOADED]  airland10     n= 150  opt=12640.42
  [LOADED]  airland11     n= 200  opt=12462.18
  [LOADED]  airland12     n= 250  opt=16629.1
  [LOADED]  airland13     n= 500  opt=39287.52

════════════════════════════════════════════════════════════════════════
  EXP-1  HEURISTIC SEEDING STUDY  (28 workers, 30 chains/instance)
  Instances: 13  |  Heuristics: 6  |  Reps: 5
════════════════════════════════════════════════════════════════════════

  ── airland1  (n=10, opt=700.0)  SAParams: α=0.97 N_iter=100 t_lim=60s ──
  Submitting 30 chains to 28 workers...

  airland1:   0%|          | 0/30 [00:00<?, ?it/s]
  airland1:   3%|▎         | 1/30 [00:12<05:57, 12.33s/it]
  airland1:   7%|▋         | 2/30 [00:12<02:27,  5.26s/it]
  airland1:  20%|██        | 6/30 [00:13<00:33,  1.40s/it]
  airland1:  23%|██▎       | 7/30 [00:14<00:28,  1.24s/it]
  airland1:  97%|█████████▋| 29/30 [00:16<00:00,  4.02it/s]
  airland1: 100%|██████████| 30/30 [00:16<00:00,  3.95it/s]
                                                           
  Heuristic Rep  Init(semi)  Init(feas)  Final(feas)     Gap%  T_best(s)  Conv_itr
  ──────── ─── ─────────── ─────────── ──────────── ──────── ────────── ─────────
  ATC_k2     1      880.00      880.00       700.00    +0.00       0.62        14
  ATC_k2     2      880.00      880.00       700.00    +0.00       1.70        24
  ATC_k2     3      880.00      880.00       700.00    +0.00       1.83        26
  ATC_k2     4      880.00      880.00       700.00    +0.00       1.14        27
  ATC_k2     5      880.00      880.00       700.00    +0.00       1.46        21
  ATC_k4     1      880.00      880.00       700.00    +0.00       1.01        14
  ATC_k4     2      880.00      880.00       700.00    +0.00       1.06        24
  ATC_k4     3      880.00      880.00       700.00    +0.00       1.83        26
  ATC_k4     4      880.00      880.00       700.00    +0.00       1.15        27
  ATC_k4     5      880.00      880.00       700.00    +0.00       0.89        21
  EDD        1      700.00      700.00       700.00    +0.00       0.00         0
  EDD        2      700.00      700.00       700.00    +0.00       0.00         0
  EDD        3      700.00      700.00       700.00    +0.00       0.00         0
  EDD        4      700.00      700.00       700.00    +0.00       0.00         0
  EDD        5      700.00      700.00       700.00    +0.00       0.00         0
  ERD        1     1280.00     1280.00       700.00    +0.00       2.20        31
  ERD        2     1280.00     1280.00       700.00    +0.00       2.07        29
  ERD        3     1280.00     1280.00       700.00    +0.00       0.00         0
  ERD        4     1280.00     1280.00       700.00    +0.00       1.15        18
  ERD        5     1280.00     1280.00       700.00    +0.00       1.97        28
  MDD        1      700.00      700.00       700.00    +0.00       0.00         0
  MDD        2      700.00      700.00       700.00    +0.00       0.00         0
  MDD        3      700.00      700.00       700.00    +0.00       0.00         0
  MDD        4      700.00      700.00       700.00    +0.00       0.00         0
  MDD        5      700.00      700.00       700.00    +0.00       0.00         0
  MPDS       1      970.00      970.00       700.00    +0.00       1.90        30
  MPDS       2      970.00      970.00       700.00    +0.00       1.65        26
  MPDS       3      970.00      970.00       700.00    +0.00       1.80        25
  MPDS       4      970.00      970.00       700.00    +0.00       1.90        27
  MPDS       5      970.00      970.00       700.00    +0.00       1.70        26

  ── airland2  (n=15, opt=1480.0)  SAParams: α=0.97 N_iter=100 t_lim=60s ──
  Submitting 30 chains to 28 workers...

  airland2:   0%|          | 0/30 [00:00<?, ?it/s]
  airland2:   3%|▎         | 1/30 [00:16<07:59, 16.53s/it]
  airland2:  10%|█         | 3/30 [00:16<01:57,  4.36s/it]
  airland2:  20%|██        | 6/30 [00:17<00:42,  1.77s/it]
  airland2:  23%|██▎       | 7/30 [00:18<00:37,  1.63s/it]
  airland2: 100%|██████████| 30/30 [00:20<00:00,  3.84it/s]
                                                           
  Heuristic Rep  Init(semi)  Init(feas)  Final(feas)     Gap%  T_best(s)  Conv_itr
  ──────── ─── ─────────── ─────────── ──────────── ──────── ────────── ─────────
  ATC_k2     1     1480.00     1480.00      1480.00    +0.00       0.00         0
  ATC_k2     2     1480.00     1480.00      1480.00    +0.00       0.00         0
  ATC_k2     3     1480.00     1480.00      1480.00    +0.00       0.00         0
  ATC_k2     4     1480.00     1480.00      1480.00    +0.00       0.00         0
  ATC_k2     5     1480.00     1480.00      1480.00    +0.00       0.00         0
  ATC_k4     1     1480.00     1480.00      1480.00    +0.00       0.00         0
  ATC_k4     2     1480.00     1480.00      1480.00    +0.00       0.00         0
  ATC_k4     3     1480.00     1480.00      1480.00    +0.00       0.00         0
  ATC_k4     4     1480.00     1480.00      1480.00    +0.00       0.00         0
  ATC_k4     5     1480.00     1480.00      1480.00    +0.00       0.00         0
  EDD        1     1500.00     1500.00      1480.00    +0.00       2.95        37
  EDD        2     1500.00     1500.00      1480.00    +0.00       4.28        54
  EDD        3     1500.00     1500.00      1480.00    +0.00       3.05        39
  EDD        4     1500.00     1500.00      1480.00    +0.00       2.81        39
  EDD        5     1500.00     1500.00      1480.00    +0.00       2.83        39
  ERD        1     1790.00     1790.00      1480.00    +0.00       3.27        41
  ERD        2     1790.00     1790.00      1480.00    +0.00       4.87        57
  ERD        3     1790.00     1790.00      1480.00    +0.00       2.78        35
  ERD        4     1790.00     1790.00      1480.00    +0.00       3.53        43
  ERD        5     1790.00     1790.00      1480.00    +0.00       3.11        39
  MDD        1     1500.00     1500.00      1480.00    +0.00       2.95        37
  MDD        2     1500.00     1500.00      1480.00    +0.00       4.64        54
  MDD        3     1500.00     1500.00      1480.00    +0.00       3.03        39
  MDD        4     1500.00     1500.00      1480.00    +0.00       2.82        39
  MDD        5     1500.00     1500.00      1480.00    +0.00       1.90        39
  MPDS       1     1500.00     1500.00      1480.00    +0.00       2.69        37
  MPDS       2     1500.00     1500.00      1480.00    +0.00       2.43        31
  MPDS       3     1500.00     1500.00      1480.00    +0.00       3.03        39
  MPDS       4     1500.00     1500.00      1480.00    +0.00       2.11        43
  MPDS       5     1500.00     1500.00      1480.00    +0.00       2.52        35

  ── airland3  (n=20, opt=820.0)  SAParams: α=0.97 N_iter=100 t_lim=60s ──
  Submitting 30 chains to 28 workers...

  airland3:   0%|          | 0/30 [00:00<?, ?it/s]
  airland3:   3%|▎         | 1/30 [00:19<09:19, 19.30s/it]
  airland3:  17%|█▋        | 5/30 [00:20<01:15,  3.03s/it]
  airland3:  47%|████▋     | 14/30 [00:20<00:13,  1.15it/s]
  airland3: 100%|██████████| 30/30 [00:23<00:00,  2.47it/s]
                                                           
  Heuristic Rep  Init(semi)  Init(feas)  Final(feas)     Gap%  T_best(s)  Conv_itr
  ──────── ─── ─────────── ─────────── ──────────── ──────── ────────── ─────────
  ATC_k2     1      820.00      820.00       820.00    +0.00       0.00         0
  ATC_k2     2      820.00      820.00       820.00    +0.00       0.00         0
  ATC_k2     3      820.00      820.00       820.00    +0.00       0.00         0
  ATC_k2     4      820.00      820.00       820.00    +0.00       0.00         0
  ATC_k2     5      820.00      820.00       820.00    +0.00       0.00         0
  ATC_k4     1      820.00      820.00       820.00    +0.00       0.00         0
  ATC_k4     2      820.00      820.00       820.00    +0.00       0.00         0
  ATC_k4     3      820.00      820.00       820.00    +0.00       0.00         0
  ATC_k4     4      820.00      820.00       820.00    +0.00       0.00         0
  ATC_k4     5      820.00      820.00       820.00    +0.00       0.00         0
  EDD        1     1730.00     1730.00       820.00    +0.00       3.93        44
  EDD        2     1730.00     1730.00       820.00    +0.00       3.51        43
  EDD        3     1730.00     1730.00       820.00    +0.00       3.37        42
  EDD        4     1730.00     1730.00       820.00    +0.00       4.69        51
  EDD        5     1730.00     1730.00       820.00    +0.00       4.20        47
  ERD        1     1790.00     1790.00       820.00    +0.00       3.48        43
  ERD        2     1790.00     1790.00       820.00    +0.00       3.76        47
  ERD        3     1790.00     1790.00       820.00    +0.00       4.51        49
  ERD        4     1790.00     1790.00       820.00    +0.00       2.35        43
  ERD        5     1790.00     1790.00       820.00    +0.00       3.86        42
  MDD        1     1730.00     1730.00       820.00    +0.00       3.93        44
  MDD        2     1730.00     1730.00       820.00    +0.00       3.84        43
  MDD        3     1730.00     1730.00       820.00    +0.00       2.27        42
  MDD        4     1730.00     1730.00       820.00    +0.00       6.16        51
  MDD        5     1730.00     1730.00       820.00    +0.00       2.56        47
  MPDS       1      980.00      980.00       820.00    +0.00       3.45        43
  MPDS       2      980.00      980.00       820.00    +0.00       3.81        43
  MPDS       3      980.00      980.00       820.00    +0.00       3.67        42
  MPDS       4      980.00      980.00       820.00    +0.00       3.62        45
  MPDS       5      980.00      980.00       820.00    +0.00       4.78        52

  ── airland4  (n=20, opt=2520.0)  SAParams: α=0.97 N_iter=100 t_lim=60s ──
  Submitting 30 chains to 28 workers...

  airland4:   0%|          | 0/30 [00:00<?, ?it/s]
  airland4:   3%|▎         | 1/30 [00:10<05:10, 10.69s/it]
  airland4:  10%|█         | 3/30 [00:15<01:59,  4.43s/it]
  airland4:  20%|██        | 6/30 [00:19<01:01,  2.58s/it]
  airland4:  57%|█████▋    | 17/30 [00:20<00:09,  1.40it/s]
  airland4: 100%|██████████| 30/30 [00:21<00:00,  3.11it/s]
                                                           
  Heuristic Rep  Init(semi)  Init(feas)  Final(feas)     Gap%  T_best(s)  Conv_itr
  ──────── ─── ─────────── ─────────── ──────────── ──────── ────────── ─────────
  ATC_k2     1     2520.00     2520.00      2520.00    +0.00       0.00         0
  ATC_k2     2     2520.00     2520.00      2520.00    +0.00       0.00         0
  ATC_k2     3     2520.00     2520.00      2520.00    +0.00       0.00         0
  ATC_k2     4     2520.00     2520.00      2520.00    +0.00       0.00         0
  ATC_k2     5     2520.00     2520.00      2520.00    +0.00       0.00         0
  ATC_k4     1     2520.00     2520.00      2520.00    +0.00       0.00         0
  ATC_k4     2     2520.00     2520.00      2520.00    +0.00       0.00         0
  ATC_k4     3     2520.00     2520.00      2520.00    +0.00       0.00         0
  ATC_k4     4     2520.00     2520.00      2520.00    +0.00       0.00         0
  ATC_k4     5     2520.00     2520.00      2520.00    +0.00       0.00         0
  EDD        1     2520.00     2520.00      2520.00    +0.00       0.00         0
  EDD        2     2520.00     2520.00      2520.00    +0.00       0.00         0
  EDD        3     2520.00     2520.00      2520.00    +0.00       0.00         0
  EDD        4     2520.00     2520.00      2520.00    +0.00       0.00         0
  EDD        5     2520.00     2520.00      2520.00    +0.00       0.00         0
  ERD        1     4890.00     4890.00      2520.00    +0.00       4.52        48
  ERD        2     4890.00     4890.00      2520.00    +0.00       4.31        47
  ERD        3     4890.00     4890.00      2520.00    +0.00       4.39        47
  ERD        4     4890.00     4890.00      2520.00    +0.00       4.10        49
  ERD        5     4890.00     4890.00      2520.00    +0.00       4.37        47
  MDD        1     2520.00     2520.00      2520.00    +0.00       0.00         0
  MDD        2     2520.00     2520.00      2520.00    +0.00       0.00         0
  MDD        3     2520.00     2520.00      2520.00    +0.00       0.00         0
  MDD        4     2520.00     2520.00      2520.00    +0.00       0.00         0
  MDD        5     2520.00     2520.00      2520.00    +0.00       0.00         0
  MPDS       1     8560.00     8560.00      2520.00    +0.00       4.17        45
  MPDS       2     8560.00     8560.00      2520.00    +0.00       5.73        60
  MPDS       3     8560.00     8560.00      2520.00    +0.00       4.48        48
  MPDS       4     8560.00     8560.00      2520.00    +0.00       4.14        49
  MPDS       5     8560.00     8560.00      2520.00    +0.00       4.53        49

  ── airland5  (n=20, opt=3100.0)  SAParams: α=0.97 N_iter=100 t_lim=60s ──
  Submitting 30 chains to 28 workers...

  airland5:   0%|          | 0/30 [00:00<?, ?it/s]
  airland5:   3%|▎         | 1/30 [00:19<09:36, 19.88s/it]
  airland5:  10%|█         | 3/30 [00:20<02:25,  5.39s/it]
  airland5:  23%|██▎       | 7/30 [00:20<00:40,  1.75s/it]
  airland5:  30%|███       | 9/30 [00:20<00:25,  1.20s/it]
  airland5:  63%|██████▎   | 19/30 [00:21<00:04,  2.63it/s]
                                                           
  Heuristic Rep  Init(semi)  Init(feas)  Final(feas)     Gap%  T_best(s)  Conv_itr
  ──────── ─── ─────────── ─────────── ──────────── ──────── ────────── ─────────
  ATC_k2     1     3100.00     3100.00      3100.00    +0.00       0.00         0
  ATC_k2     2     3100.00     3100.00      3100.00    +0.00       0.00         0
  ATC_k2     3     3100.00     3100.00      3100.00    +0.00       0.00         0
  ATC_k2     4     3100.00     3100.00      3100.00    +0.00       0.00         0
  ATC_k2     5     3100.00     3100.00      3100.00    +0.00       0.00         0
  ATC_k4     1     3100.00     3100.00      3100.00    +0.00       0.00         0
  ATC_k4     2     3100.00     3100.00      3100.00    +0.00       0.00         0
  ATC_k4     3     3100.00     3100.00      3100.00    +0.00       0.00         0
  ATC_k4     4     3100.00     3100.00      3100.00    +0.00       0.00         0
  ATC_k4     5     3100.00     3100.00      3100.00    +0.00       0.00         0
  EDD        1     5420.00     5420.00      3100.00    +0.00       4.51        46
  EDD        2     5420.00     5420.00      3100.00    +0.00       4.49        46
  EDD        3     5420.00     5420.00      3100.00    +0.00       5.02        52
  EDD        4     5420.00     5420.00      3100.00    +0.00       4.43        45
  EDD        5     5420.00     5420.00      3100.00    +0.00       4.25        47
  ERD        1     6470.00     6470.00      3100.00    +0.00       4.17        46
  ERD        2     6470.00     6470.00      3100.00    +0.00       4.48        46
  ERD        3     6470.00     6470.00      3100.00    +0.00       4.45        45
  ERD        4     6470.00     6470.00      3100.00    +0.00       5.07        52
  ERD        5     6470.00     6470.00      3100.00    +0.00       2.64        43
  MDD        1     3100.00     3100.00      3100.00    +0.00       0.00         0
  MDD        2     3100.00     3100.00      3100.00    +0.00       0.00         0
  MDD        3     3100.00     3100.00      3100.00    +0.00       0.00         0
  MDD        4     3100.00     3100.00      3100.00    +0.00       0.00         0
  MDD        5     3100.00     3100.00      3100.00    +0.00       0.00         0
  MPDS       1     9270.00     9270.00      3100.00    +0.00       3.60        39
  MPDS       2     9270.00     9270.00      3100.00    +0.00       3.62        39
  MPDS       3     9270.00     9270.00      3100.00    +0.00       4.83        49
  MPDS       4     9270.00     9270.00      3100.00    +0.00       4.95        51
  MPDS       5     9270.00     9270.00      3100.00    +0.00       4.10        42

  ── airland6  (n=30, opt=24442.0)  SAParams: α=0.98 N_iter=150 t_lim=120s ──
  Submitting 30 chains to 28 workers...

  airland6:   0%|          | 0/30 [00:00<?, ?it/s]
  airland6:   3%|▎         | 1/30 [00:00<00:05,  5.02it/s]
                                                          
  Heuristic Rep  Init(semi)  Init(feas)  Final(feas)     Gap%  T_best(s)  Conv_itr
  ──────── ─── ─────────── ─────────── ──────────── ──────── ────────── ─────────
  ATC_k2     1         inf         inf          inf      N/A       0.00       240
  ATC_k2     2         inf         inf          inf      N/A       0.00       240
  ATC_k2     3         inf         inf          inf      N/A       0.00       240
  ATC_k2     4         inf         inf          inf      N/A       0.00       240
  ATC_k2     5         inf         inf          inf      N/A       0.00       240
  ATC_k4     1         inf         inf          inf      N/A       0.00       240
  ATC_k4     2         inf         inf          inf      N/A       0.00       240
  ATC_k4     3         inf         inf          inf      N/A       0.00       240
  ATC_k4     4         inf         inf          inf      N/A       0.00       240
  ATC_k4     5         inf         inf          inf      N/A       0.00       240
  EDD        1    24442.00    24442.00     24442.00    +0.00       0.00         0
  EDD        2    24442.00    24442.00     24442.00    +0.00       0.00         0
  EDD        3    24442.00    24442.00     24442.00    +0.00       0.00         0
  EDD        4    24442.00    24442.00     24442.00    +0.00       0.00         0
  EDD        5    24442.00    24442.00     24442.00    +0.00       0.00         0
  ERD        1    24442.00    24442.00     24442.00    +0.00       0.00         0
  ERD        2    24442.00    24442.00     24442.00    +0.00       0.00         0
  ERD        3    24442.00    24442.00     24442.00    +0.00       0.00         0
  ERD        4    24442.00    24442.00     24442.00    +0.00       0.00         0
  ERD        5    24442.00    24442.00     24442.00    +0.00       0.00         0
  MDD        1         inf         inf          inf      N/A       0.00       240
  MDD        2         inf         inf          inf      N/A       0.00       240
  MDD        3         inf         inf          inf      N/A       0.00       240
  MDD        4         inf         inf          inf      N/A       0.00       240
  MDD        5         inf         inf          inf      N/A       0.00       240
  MPDS       1         inf         inf          inf      N/A       0.00       240
  MPDS       2         inf         inf          inf      N/A       0.00       240
  MPDS       3         inf         inf          inf      N/A       0.00       240
  MPDS       4         inf         inf          inf      N/A       0.00       240
  MPDS       5         inf         inf          inf      N/A       0.00       240

  ── airland7  (n=44, opt=1550.0)  SAParams: α=0.98 N_iter=150 t_lim=120s ──
  Submitting 30 chains to 28 workers...

  airland7:   0%|          | 0/30 [00:00<?, ?it/s]
  airland7:   3%|▎         | 1/30 [00:00<00:17,  1.66it/s]
  airland7:  13%|█▎        | 4/30 [00:00<00:04,  5.92it/s]
                                                          
  Heuristic Rep  Init(semi)  Init(feas)  Final(feas)     Gap%  T_best(s)  Conv_itr
  ──────── ─── ─────────── ─────────── ──────────── ──────── ────────── ─────────
  ATC_k2     1         inf         inf          inf      N/A       0.00       240
  ATC_k2     2         inf         inf          inf      N/A       0.00       240
  ATC_k2     3         inf         inf          inf      N/A       0.00       240
  ATC_k2     4         inf         inf          inf      N/A       0.00       240
  ATC_k2     5         inf         inf          inf      N/A       0.00       240
  ATC_k4     1         inf         inf          inf      N/A       0.00       240
  ATC_k4     2         inf         inf          inf      N/A       0.00       240
  ATC_k4     3         inf         inf          inf      N/A       0.00       240
  ATC_k4     4         inf         inf          inf      N/A       0.00       240
  ATC_k4     5         inf         inf          inf      N/A       0.00       240
  EDD        1     1550.00     1550.00      1550.00    +0.00       0.00         0
  EDD        2     1550.00     1550.00      1550.00    +0.00       0.00         0
  EDD        3     1550.00     1550.00      1550.00    +0.00       0.00         0
  EDD        4     1550.00     1550.00      1550.00    +0.00       0.00         0
  EDD        5     1550.00     1550.00      1550.00    +0.00       0.00         0
  ERD        1     1550.00     1550.00      1550.00    +0.00       0.00         0
  ERD        2     1550.00     1550.00      1550.00    +0.00       0.00         0
  ERD        3     1550.00     1550.00      1550.00    +0.00       0.00         0
  ERD        4     1550.00     1550.00      1550.00    +0.00       0.00         0
  ERD        5     1550.00     1550.00      1550.00    +0.00       0.00         0
  MDD        1     1550.00     1550.00      1550.00    +0.00       0.00         0
  MDD        2     1550.00     1550.00      1550.00    +0.00       0.00         0
  MDD        3     1550.00     1550.00      1550.00    +0.00       0.00         0
  MDD        4     1550.00     1550.00      1550.00    +0.00       0.00         0
  MDD        5     1550.00     1550.00      1550.00    +0.00       0.00         0
  MPDS       1         inf         inf          inf      N/A       0.00       240
  MPDS       2         inf         inf          inf      N/A       0.00       240
  MPDS       3         inf         inf          inf      N/A       0.00       240
  MPDS       4         inf         inf          inf      N/A       0.00       240
  MPDS       5         inf         inf          inf      N/A       0.00       240

  ── airland8  (n=50, opt=1950.0)  SAParams: α=0.98 N_iter=150 t_lim=120s ──
  Submitting 30 chains to 28 workers...

  airland8:   0%|          | 0/30 [00:00<?, ?it/s]
  airland8:   3%|▎         | 1/30 [01:06<31:59, 66.17s/it]
  airland8:   7%|▋         | 2/30 [01:16<15:31, 33.28s/it]
  airland8:  27%|██▋       | 8/30 [01:22<02:20,  6.37s/it]
  airland8:  60%|██████    | 18/30 [01:25<00:27,  2.31s/it]
  airland8:  97%|█████████▋| 29/30 [01:33<00:01,  1.53s/it]
                                                           
  Heuristic Rep  Init(semi)  Init(feas)  Final(feas)     Gap%  T_best(s)  Conv_itr
  ──────── ─── ─────────── ─────────── ──────────── ──────── ────────── ─────────
  ATC_k2     1     4050.00     4070.00      2020.00    +3.59      13.72        73
  ATC_k2     2     4050.00     4070.00      1950.00    +0.00      25.02       132
  ATC_k2     3     4050.00     4070.00      1950.00    +0.00      11.65        98
  ATC_k2     4     4050.00     4070.00      1950.00    +0.00      18.99       179
  ATC_k2     5     4050.00     4070.00      1950.00    +0.00      16.38       117
  ATC_k4     1     6495.00     6525.00      1950.00    +0.00      21.42       263
  ATC_k4     2     6495.00     6525.00      1950.00    +0.00      28.91       148
  ATC_k4     3     6495.00     6525.00      1950.00    +0.00      20.66       117
  ATC_k4     4     6495.00     6525.00      1950.00    +0.00      12.18       179
  ATC_k4     5     6495.00     6525.00      1950.00    +0.00      14.11       123
  EDD        1     2450.00     2480.00      2020.00    +3.59      13.53        73
  EDD        2     2450.00     2480.00      1950.00    +0.00      17.27       137
  EDD        3     2450.00     2480.00      1950.00    +0.00      29.07       177
  EDD        4     2450.00     2480.00      1950.00    +0.00      18.80       179
  EDD        5     2450.00     2480.00      1950.00    +0.00      56.59       321
  ERD        1    18790.00    18915.00      1950.00    +0.00      27.18       220
  ERD        2    18790.00    18915.00      1950.00    +0.00      16.64        82
  ERD        3    18790.00    18915.00      1950.00    +0.00      40.13       188
  ERD        4    18790.00    18915.00      1950.00    +0.00      16.34        88
  ERD        5    18790.00    18915.00      1950.00    +0.00      15.90        85
  MDD        1     2450.00     2480.00      2020.00    +3.59      13.53        73
  MDD        2     2450.00     2480.00      1950.00    +0.00      15.88       137
  MDD        3     2450.00     2480.00      1950.00    +0.00      34.10       177
  MDD        4     2450.00     2480.00      1950.00    +0.00      20.30       179
  MDD        5     2450.00     2480.00      1950.00    +0.00      55.32       321
  MPDS       1         inf         inf      2160.00   +10.77      24.96       113
  MPDS       2         inf         inf      2150.00   +10.26      15.64        86
  MPDS       3         inf         inf      2080.00    +6.67      50.18       225
  MPDS       4         inf         inf      1950.00    +0.00      12.59        92
  MPDS       5         inf         inf      2090.00    +7.18      21.16       114

  ── airland9  (n=100, opt=5611.7)  SAParams: α=0.995 N_iter=300 t_lim=240s ──
  Submitting 30 chains to 28 workers...

  airland9:   0%|          | 0/30 [00:00<?, ?it/s]
  airland9:   3%|▎         | 1/30 [01:07<32:45, 67.79s/it]
  airland9:   7%|▋         | 2/30 [01:45<23:26, 50.24s/it]
  airland9:  10%|█         | 3/30 [02:02<15:41, 34.88s/it]
  airland9:  23%|██▎       | 7/30 [02:16<04:39, 12.17s/it]
                                                          
  Heuristic Rep  Init(semi)  Init(feas)  Final(feas)     Gap%  T_best(s)  Conv_itr
  ──────── ─── ─────────── ─────────── ──────────── ──────── ────────── ─────────
  ATC_k2     1     7284.27     7284.27      5618.95    +0.13      37.39       187
  ATC_k2     2     7284.27     7284.27      5618.66    +0.12      13.39       116
  ATC_k2     3     7284.27     7284.27      5618.66    +0.12      38.33       149
  ATC_k2     4     7284.27     7284.27      5611.99    +0.01      54.69       230
  ATC_k2     5     7284.27     7284.27      5618.66    +0.12      27.09       133
  ATC_k4     1     8930.64     8930.64      5654.28    +0.76      58.78       181
  ATC_k4     2     8930.64     8930.64      5653.99    +0.75      37.71       161
  ATC_k4     3     8930.64     8930.64      5611.99    +0.01     114.95       325
  ATC_k4     4     8930.64     8930.64      5611.99    +0.01      55.82       168
  ATC_k4     5     8930.64     8930.64      5618.95    +0.13      39.56       205
  EDD        1     7310.18     7310.18      5611.99    +0.01      22.87       150
  EDD        2     7310.18     7310.18      5611.99    +0.01      38.96       192
  EDD        3     7310.18     7310.18      5611.99    +0.01     110.34       325
  EDD        4     7310.18     7310.18      5654.28    +0.76      32.16       230
  EDD        5     7310.18     7310.18      5654.28    +0.76      76.38       340
  ERD        1    17602.63    17602.63      5618.66    +0.12      62.77       288
  ERD        2    17602.63    17602.63      5611.99    +0.01     124.59       558
  ERD        3    17602.63    17602.63      5611.99    +0.01     113.82       325
  ERD        4    17602.63    17602.63      5618.66    +0.12      46.19       218
  ERD        5    17602.63    17602.63      5653.99    +0.75      68.57       363
  MDD        1     7142.52     7142.52      5677.52    +1.17      67.27       327
  MDD        2     7142.52     7142.52      5654.28    +0.76      25.40       137
  MDD        3     7142.52     7142.52      5653.99    +0.75      25.80       220
  MDD        4     7142.52     7142.52      5611.99    +0.01      20.38       153
  MDD        5     7142.52     7142.52      5611.70    +0.00      71.58       363
  MPDS       1         inf         inf          inf      N/A       0.00       360
  MPDS       2         inf         inf          inf      N/A       0.00       360
  MPDS       3         inf         inf          inf      N/A       0.00       360
  MPDS       4         inf         inf          inf      N/A       0.00       360
  MPDS       5         inf         inf          inf      N/A       0.00       360

  ── airland10  (n=150, opt=12640.42)  SAParams: α=0.995 N_iter=300 t_lim=240s ──
  Submitting 30 chains to 12 workers...

  airland10:   0%|          | 0/30 [00:00<?, ?it/s]
  airland10:   3%|▎         | 1/30 [02:20<1:07:48, 140.31s/it]
  airland10:   7%|▋         | 2/30 [02:33<30:42, 65.79s/it]   
  airland10:  13%|█▎        | 4/30 [02:40<11:29, 26.50s/it]
  airland10:  20%|██        | 6/30 [02:47<06:17, 15.73s/it]
  airland10:  40%|████      | 12/30 [03:29<02:57,  9.85s/it]
  airland10:  43%|████▎     | 13/30 [03:29<02:26,  8.59s/it]
  airland10:  47%|████▋     | 14/30 [04:10<03:41, 13.85s/it]
  airland10:  73%|███████▎  | 22/30 [04:20<00:45,  5.64s/it]
  airland10:  83%|████████▎ | 25/30 [04:34<00:26,  5.39s/it]
  airland10:  87%|████████▋ | 26/30 [04:50<00:26,  6.50s/it]
  airland10:  97%|█████████▋| 29/30 [05:00<00:05,  5.51s/it]
                                                            
  Heuristic Rep  Init(semi)  Init(feas)  Final(feas)     Gap%  T_best(s)  Conv_itr
  ──────── ─── ─────────── ─────────── ──────────── ──────── ────────── ─────────
  ATC_k2     1         inf         inf     13803.68    +9.20      32.24       212
  ATC_k2     2         inf         inf     13553.37    +7.22     102.86       476
  ATC_k2     3         inf         inf     14446.34   +14.29      45.98       195
  ATC_k2     4         inf         inf     13515.02    +6.92      77.16       426
  ATC_k2     5         inf         inf     13271.29    +4.99      89.60       605
  ATC_k4     1         inf         inf     13156.33    +4.08     111.11       669
  ATC_k4     2         inf         inf     15522.56   +22.80      44.56       247
  ATC_k4     3         inf         inf     14704.37   +16.33      33.38       202
  ATC_k4     4         inf         inf     13092.46    +3.58      56.03       414
  ATC_k4     5         inf         inf     15481.33   +22.47      28.54       106
  EDD        1    20142.41    20142.41     12358.25    -2.23     124.88       406
  EDD        2    20142.41    20142.41     12392.44    -1.96     137.61       835
  EDD        3    20142.41    20142.41     12359.33    -2.22     112.37       730
  EDD        4    20142.41    20142.41     12334.74    -2.42     136.18       765
  EDD        5    20142.41    20142.41     12292.20    -2.75      82.11       397
  ERD        1    27201.83    27201.83     12383.31    -2.03     118.83       674
  ERD        2    27201.83    27201.83     12337.27    -2.40      95.29       671
  ERD        3    27201.83    27201.83     12470.54    -1.34      73.34       364
  ERD        4    27201.83    27201.83     12299.62    -2.70      69.15       377
  ERD        5    27201.83    27201.83     12383.31    -2.03      80.20       355
  MDD        1    19691.52    19691.52     12331.44    -2.44      67.65       367
  MDD        2    19691.52    19691.52     12508.91    -1.04     136.26       633
  MDD        3    19691.52    19691.52     12403.21    -1.88      53.80       308
  MDD        4    19691.52    19691.52     12331.44    -2.44      86.05       455
  MDD        5    19691.52    19691.52     12310.70    -2.61      72.71       383
  MPDS       1         inf         inf          inf      N/A       0.00       360
  MPDS       2         inf         inf          inf      N/A       0.00       360
  MPDS       3         inf         inf          inf      N/A       0.00       360
  MPDS       4         inf         inf          inf      N/A       0.00       360
  MPDS       5         inf         inf          inf      N/A       0.00       360

  ── airland11  (n=200, opt=12462.18)  SAParams: α=0.995 N_iter=300 t_lim=240s ──
  Submitting 30 chains to 12 workers...

  airland11:   0%|          | 0/30 [00:00<?, ?it/s]
  airland11:   3%|▎         | 1/30 [02:26<1:10:52, 146.63s/it]
  airland11:   7%|▋         | 2/30 [02:26<28:13, 60.48s/it]   
  airland11:  10%|█         | 3/30 [03:21<26:02, 57.88s/it]
  airland11:  20%|██        | 6/30 [03:47<10:09, 25.38s/it]
  airland11:  27%|██▋       | 8/30 [04:00<06:35, 17.98s/it]
  airland11:  43%|████▎     | 13/30 [05:13<04:32, 16.05s/it]
  airland11:  47%|████▋     | 14/30 [05:59<05:23, 20.24s/it]
  airland11:  77%|███████▋  | 23/30 [06:34<01:08,  9.73s/it]
  airland11:  80%|████████  | 24/30 [06:53<01:03, 10.54s/it]
  airland11:  97%|█████████▋| 29/30 [07:38<00:09,  9.91s/it]
                                                            
  Heuristic Rep  Init(semi)  Init(feas)  Final(feas)     Gap%  T_best(s)  Conv_itr
  ──────── ─── ─────────── ─────────── ──────────── ──────── ────────── ─────────
  ATC_k2     1    15643.60    15643.60     12456.41    -0.05     109.85       509
  ATC_k2     2    15643.60    15643.60     12853.25    +3.14      96.82       491
  ATC_k2     3    15643.60    15643.60     12479.25    +0.14     155.29       669
  ATC_k2     4    15643.60    15643.60     12443.87    -0.15     169.38       747
  ATC_k2     5    15643.60    15643.60     12481.57    +0.16     125.91       447
  ATC_k4     1    18148.32    18148.32     12482.81    +0.17     153.68       671
  ATC_k4     2    18148.32    18148.32     12790.80    +2.64     151.11       694
  ATC_k4     3    18148.32    18148.32     12853.25    +3.14     132.73       717
  ATC_k4     4    18148.32    18148.32     12726.47    +2.12     183.26       747
  ATC_k4     5    18148.32    18148.32     12509.73    +0.38     133.72       520
  EDD        1    15018.84    15018.84     12456.41    -0.05     107.49       427
  EDD        2    15018.84    15018.84     12509.01    +0.38     121.38       431
  EDD        3    15018.84    15018.84     12418.32    -0.35     171.32       350
  EDD        4    15018.84    15018.84     12418.32    -0.35     136.79       536
  EDD        5    15018.84    15018.84     12486.31    +0.19      78.27       393
  ERD        1    33405.36    33405.36     12815.81    +2.84     208.36       643
  ERD        2    33405.36    33405.36     12418.32    -0.35     199.04       756
  ERD        3    33405.36    33405.36     12706.11    +1.96     225.37       613
  ERD        4    33405.36    33405.36     12466.35    +0.03     127.34       527
  ERD        5    33405.36    33405.36     12537.02    +0.60     171.91       706
  MDD        1    15072.61    15072.61     12456.41    -0.05     131.92       541
  MDD        2    15072.61    15072.61     12540.70    +0.63     107.90       355
  MDD        3    15072.61    15072.61     12418.32    -0.35     137.43       562
  MDD        4    15072.61    15072.61     12418.32    -0.35     178.78       631
  MDD        5    15072.61    15072.61     12802.58    +2.73      75.14       393
  MPDS       1         inf         inf          inf      N/A       0.00       360
  MPDS       2         inf         inf          inf      N/A       0.00       360
  MPDS       3         inf         inf          inf      N/A       0.00       360
  MPDS       4         inf         inf          inf      N/A       0.00       360
  MPDS       5         inf         inf          inf      N/A       0.00       360

  ── airland12  (n=250, opt=16629.1)  SAParams: α=0.995 N_iter=300 t_lim=240s ──
  Submitting 30 chains to 6 workers...

  airland12:   0%|          | 0/30 [00:00<?, ?it/s]
  airland12:   3%|▎         | 1/30 [02:28<1:11:38, 148.22s/it]
  airland12:   7%|▋         | 2/30 [03:27<44:40, 95.72s/it]   
  airland12:  20%|██        | 6/30 [03:36<09:31, 23.82s/it]
  airland12:  23%|██▎       | 7/30 [06:28<21:21, 55.71s/it]
  airland12:  30%|███       | 9/30 [06:55<13:52, 39.63s/it]
  airland12:  33%|███▎      | 10/30 [07:16<11:50, 35.52s/it]
  airland12:  43%|████▎     | 13/30 [07:51<06:50, 24.16s/it]
  airland12:  47%|████▋     | 14/30 [09:01<08:44, 32.76s/it]
  airland12:  50%|█████     | 15/30 [09:36<08:17, 33.14s/it]
  airland12:  73%|███████▎  | 22/30 [10:27<02:05, 15.69s/it]
  airland12:  77%|███████▋  | 23/30 [10:44<01:50, 15.76s/it]
  airland12:  80%|████████  | 24/30 [11:26<01:57, 19.66s/it]
  airland12:  83%|████████▎ | 25/30 [12:36<02:22, 28.51s/it]
  airland12:  87%|████████▋ | 26/30 [12:40<01:34, 23.61s/it]
  airland12:  90%|█████████ | 27/30 [13:05<01:11, 23.92s/it]
  airland12:  93%|█████████▎| 28/30 [13:35<00:50, 25.26s/it]
  airland12:  97%|█████████▋| 29/30 [14:11<00:28, 28.05s/it]
  airland12: 100%|██████████| 30/30 [14:42<00:00, 28.99s/it]
                                                            
  Heuristic Rep  Init(semi)  Init(feas)  Final(feas)     Gap%  T_best(s)  Conv_itr
  ──────── ─── ─────────── ─────────── ──────────── ──────── ────────── ─────────
  ATC_k2     1    20148.42    20148.42     16503.70    -0.75     129.51       709
  ATC_k2     2    20148.42    20148.42     16359.12    -1.62     210.13      1151
  ATC_k2     3    20148.42    20148.42     16440.02    -1.14     165.67       836
  ATC_k2     4    20148.42    20148.42     16368.55    -1.57     212.81       993
  ATC_k2     5    20148.42    20148.42     16284.26    -2.07     175.44       866
  ATC_k4     1    22787.21    22787.21     16542.77    -0.52     176.43       880
  ATC_k4     2    22787.21    22787.21     16411.23    -1.31     189.46      1032
  ATC_k4     3    22787.21    22787.21     16505.92    -0.74     167.32       670
  ATC_k4     4    22787.21    22787.21     16382.15    -1.49     205.35      1117
  ATC_k4     5    22787.21    22787.21     16449.81    -1.08     173.67       814
  EDD        1    20145.60    20145.60     16530.37    -0.59     126.77       710
  EDD        2    20145.60    20145.60     16386.13    -1.46     185.62       642
  EDD        3    20145.60    20145.60     16414.81    -1.29     133.27       595
  EDD        4    20145.60    20145.60     16408.17    -1.33     174.25       700
  EDD        5    20145.60    20145.60     16394.82    -1.41     137.88       444
  ERD        1    43351.63    43351.63     16482.72    -0.88     195.17       908
  ERD        2    43351.63    43351.63     16391.06    -1.43     238.23      1066
  ERD        3    43351.63    43351.63     16266.55    -2.18     181.53       717
  ERD        4    43351.63    43351.63     16542.46    -0.52     234.06       993
  ERD        5    43351.63    43351.63     16194.54    -2.61     225.12       849
  MDD        1    19777.31    19777.31     16530.37    -0.59     127.44       710
  MDD        2    19777.31    19777.31     16711.34    +0.49     109.15       395
  MDD        3    19777.31    19777.31     16393.13    -1.42      83.35       462
  MDD        4    19777.31    19777.31     16370.24    -1.56     159.35       700
  MDD        5    19777.31    19777.31     16329.47    -1.80     179.29       868
  MPDS       1         inf         inf          inf      N/A       0.00       360
  MPDS       2         inf         inf          inf      N/A       0.00       360
  MPDS       3         inf         inf          inf      N/A       0.00       360
  MPDS       4         inf         inf          inf      N/A       0.00       360
  MPDS       5         inf         inf          inf      N/A       0.00       360

  ── airland13  (n=500, opt=39287.52)  SAParams: α=0.995 N_iter=300 t_lim=240s ──
  Submitting 30 chains to 2 workers...

  airland13:   0%|          | 0/30 [00:00<?, ?it/s]
  airland13:   3%|▎         | 1/30 [04:02<1:56:58, 242.01s/it]
  airland13:   7%|▋         | 2/30 [04:02<46:39, 99.97s/it]   
  airland13:  10%|█         | 3/30 [08:03<1:13:58, 164.39s/it]
  airland13:  17%|█▋        | 5/30 [08:28<32:39, 78.37s/it]   
  airland13:  20%|██        | 6/30 [12:05<47:20, 118.35s/it]
  airland13:  23%|██▎       | 7/30 [12:31<35:00, 91.35s/it] 
  airland13:  27%|██▋       | 8/30 [16:08<47:01, 128.25s/it]
  airland13:  33%|███▎      | 10/30 [16:57<27:00, 81.04s/it]
  airland13:  37%|███▋      | 11/30 [20:11<34:23, 108.59s/it]
  airland13:  40%|████      | 12/30 [20:59<27:53, 92.97s/it] 
  airland13:  43%|████▎     | 13/30 [24:13<34:06, 120.41s/it]
  airland13:  50%|█████     | 15/30 [25:24<20:51, 83.40s/it] 
  airland13:  70%|███████   | 21/30 [28:20<07:12, 48.07s/it]
  airland13:  73%|███████▎  | 22/30 [29:27<06:45, 50.64s/it]
  airland13:  77%|███████▋  | 23/30 [32:21<08:14, 70.58s/it]
  airland13:  80%|████████  | 24/30 [32:54<06:21, 63.50s/it]
  airland13:  83%|████████▎ | 25/30 [36:23<07:51, 94.24s/it]
  airland13:  87%|████████▋ | 26/30 [36:54<05:18, 79.55s/it]
  airland13:  90%|█████████ | 27/30 [40:23<05:35, 111.82s/it]
  airland13:  93%|█████████▎| 28/30 [40:54<03:01, 90.65s/it] 
  airland13:  97%|█████████▋| 29/30 [44:25<02:03, 123.17s/it]
                                                             
  Heuristic Rep  Init(semi)  Init(feas)  Final(feas)     Gap%  T_best(s)  Conv_itr
  ──────── ─── ─────────── ─────────── ──────────── ──────── ────────── ─────────
  ATC_k2     1    49949.60    49949.60     43908.30   +11.76     236.89       519
  ATC_k2     2    49949.60    49949.60     43814.74   +11.52     239.21       520
  ATC_k2     3    49949.60    49949.60     42736.55    +8.78     237.02       536
  ATC_k2     4    49949.60    49949.60     43830.34   +11.56     193.91       436
  ATC_k2     5    49949.60    49949.60     43473.97   +10.66     238.68       539
  ATC_k4     1         inf         inf     48204.29   +22.70     237.33       530
  ATC_k4     2         inf         inf     52682.17   +34.09     218.42       588
  ATC_k4     3         inf         inf     46916.17   +19.42     240.17       509
  ATC_k4     4         inf         inf     50020.24   +27.32     240.99       533
  ATC_k4     5         inf         inf     55542.14   +41.37      36.12       170
  EDD        1    47116.73    47116.73     39747.75    +1.17     236.45       528
  EDD        2    47116.73    47116.73     40832.19    +3.93     239.12       510
  EDD        3    47116.73    47116.73     40325.37    +2.64     235.30       517
  EDD        4    47116.73    47116.73     47116.73   +19.93       0.00         0
  EDD        5    47116.73    47116.73     40391.43    +2.81     232.74       487
  ERD        1    91991.72    91991.72     69784.85   +77.63     238.78       298
  ERD        2    91991.72    91991.72     67502.05   +71.82     239.38       269
  ERD        3    91991.72    91991.72     68144.72   +73.45     239.47       281
  ERD        4    91991.72    91991.72     91991.72  +134.15       0.00         0
  ERD        5    91991.72    91991.72     73384.50   +86.79     238.68       266
  MDD        1    46407.47    46407.47     40511.82    +3.12     239.56       538
  MDD        2    46407.47    46407.47     41258.63    +5.02     232.77       471
  MDD        3    46407.47    46407.47     41310.73    +5.15     239.53       529
  MDD        4    46407.47    46407.47     46407.47   +18.12       0.00         0
  MDD        5    46407.47    46407.47     41239.24    +4.97     233.36       443
  MPDS       1         inf         inf          inf      N/A       0.00       360
  MPDS       2         inf         inf          inf      N/A       0.00       360
  MPDS       3         inf         inf          inf      N/A       0.00       360
  MPDS       4         inf         inf          inf      N/A       0.00       360
  MPDS       5         inf         inf          inf      N/A       0.00       360

  Exp-1 complete — 390 records collected.
  Saved: doe_results/exp1_heuristic/records.csv
  Saved: doe_results/exp1_heuristic/summary.csv
  Saved: doe_results/exp1_heuristic/exp1_gap_boxplots.png
  Saved: doe_results/exp1_heuristic/exp1_convergence_airland1.png
  Saved: doe_results/exp1_heuristic/exp1_convergence_airland2.png
  Saved: doe_results/exp1_heuristic/exp1_convergence_airland3.png
  Saved: doe_results/exp1_heuristic/exp1_convergence_airland4.png
  Saved: doe_results/exp1_heuristic/exp1_convergence_airland5.png
  Saved: doe_results/exp1_heuristic/exp1_convergence_airland6.png
  Saved: doe_results/exp1_heuristic/exp1_convergence_airland7.png
  Saved: doe_results/exp1_heuristic/exp1_convergence_airland8.png
  Saved: doe_results/exp1_heuristic/exp1_convergence_airland9.png
  Saved: doe_results/exp1_heuristic/exp1_convergence_airland10.png
  Saved: doe_results/exp1_heuristic/exp1_convergence_airland11.png
  Saved: doe_results/exp1_heuristic/exp1_convergence_airland12.png
  Saved: doe_results/exp1_heuristic/exp1_convergence_airland13.png
  Saved: doe_results/exp1_heuristic/exp1_seed_vs_final_airland1.png
  Saved: doe_results/exp1_heuristic/exp1_seed_vs_final_airland2.png
  Saved: doe_results/exp1_heuristic/exp1_seed_vs_final_airland3.png
  Saved: doe_results/exp1_heuristic/exp1_seed_vs_final_airland4.png
  Saved: doe_results/exp1_heuristic/exp1_seed_vs_final_airland5.png
  Saved: doe_results/exp1_heuristic/exp1_seed_vs_final_airland6.png
  Saved: doe_results/exp1_heuristic/exp1_seed_vs_final_airland7.png
  Saved: doe_results/exp1_heuristic/exp1_seed_vs_final_airland8.png
  Saved: doe_results/exp1_heuristic/exp1_seed_vs_final_airland9.png
  Saved: doe_results/exp1_heuristic/exp1_seed_vs_final_airland10.png
  Saved: doe_results/exp1_heuristic/exp1_seed_vs_final_airland11.png
  Saved: doe_results/exp1_heuristic/exp1_seed_vs_final_airland12.png
  Saved: doe_results/exp1_heuristic/exp1_seed_vs_final_airland13.png

════════════════════════════════════════════════════════════════════════
  EXP-2  ILS DEPTH STUDY  (n ≥ 50, 28 workers/call — already saturating all cores)
  Instances: 6  |  n_ils levels: [0, 2, 4, 6]  |  Reps: 3
════════════════════════════════════════════════════════════════════════

  ── airland8  (n=50, opt=1950.0)  workers=28 ──
   n_ils  Rep    Obj(feas)     Gap%  T_best(s)  Wall(s)
  ────── ──── ──────────── ──────── ────────── ────────
       0    1      1950.00    +0.00      28.94    88.75
       0    2      1950.00    +0.00      20.54    94.01
       0    3      1950.00    +0.00      32.25    82.31
       2    1      1950.00    +0.00     124.29   247.19
       2    2      1950.00    +0.00      95.94   247.44
       2    3      1950.00    +0.00      87.11   230.28
       4    1      1950.00    +0.00      69.14   300.17
       4    2      1950.00    +0.00      95.39   300.17
       4    3      1950.00    +0.00      90.60   300.15
       6    1      1950.00    +0.00     118.72   300.18
       6    2      1950.00    +0.00     163.30   300.17
       6    3      1950.00    +0.00      90.97   300.19

  ── airland9  (n=100, opt=5611.7)  workers=28 ──
   n_ils  Rep    Obj(feas)     Gap%  T_best(s)  Wall(s)
  ────── ──── ──────────── ──────── ────────── ────────
       0    1      5611.70    +0.00      42.78    90.25
       0    2      5611.70    +0.00      14.40    73.72
       0    3      5618.66    +0.12      22.20   107.72
       2    1      5611.70    +0.00      37.76   160.19
       2    2      5611.70    +0.00      16.37   170.28
       2    3      5618.66    +0.12      33.82   114.90
       4    1      5611.70    +0.00      37.69   163.12
       4    2      5611.70    +0.00      17.12   283.62
       4    3      5611.99    +0.01     102.62   142.06
       6    1      5611.70    +0.00      56.19   209.41
       6    2      5611.70    +0.00      17.22   300.06
       6    3      5611.99    +0.01     104.42   210.72

  ── airland10  (n=150, opt=12640.42)  workers=12 ──
   n_ils  Rep    Obj(feas)     Gap%  T_best(s)  Wall(s)
  ────── ──── ──────────── ──────── ────────── ────────
       0    1     12364.81    -2.18      74.84   106.59
       0    2     12400.75    -1.90      57.00    97.69
       0    3     12319.83    -2.54      72.93   138.03
       2    1     12364.81    -2.18      75.60   187.17
       2    2     12400.75    -1.90      57.17   162.02
       2    3     12319.83    -2.54      72.76   144.24
       4    1     12364.81    -2.18      74.77   190.09
       4    2     12400.75    -1.90      57.23   170.92
       4    3     12319.83    -2.54      74.15   149.28
       6    1     12364.81    -2.18      74.50   235.49
       6    2     12400.75    -1.90      56.99   284.66
       6    3     12319.83    -2.54      74.85   152.47

  ── airland11  (n=200, opt=12462.18)  workers=12 ──
   n_ils  Rep    Obj(feas)     Gap%  T_best(s)  Wall(s)
  ────── ──── ──────────── ──────── ────────── ────────
       0    1     12418.32    -0.35     253.70   300.30
       0    2     12418.32    -0.35     281.03   300.25
       0    3     12418.32    -0.35     249.42   300.24
       2    1     12418.32    -0.35     253.17   300.11
       2    2     12418.32    -0.35     281.56   300.23
       2    3     12418.32    -0.35     250.34   300.24
       4    1     12418.32    -0.35     254.73   300.22
       4    2     12418.32    -0.35     281.04   300.20
       4    3     12418.32    -0.35     255.72   300.31
       6    1     12418.32    -0.35     264.52   300.16
       6    2     12418.32    -0.35     281.34   300.31
       6    3     12418.32    -0.35     252.45   300.26

  ── airland12  (n=250, opt=16629.1)  workers=6 ──
   n_ils  Rep    Obj(feas)     Gap%  T_best(s)  Wall(s)
  ────── ──── ──────────── ──────── ────────── ────────
       0    1     16249.60    -2.28     233.16   300.34
       0    2     16239.46    -2.34     288.01   300.32
       0    3     16203.37    -2.56     254.26   300.23
       2    1     16249.60    -2.28     228.05   300.38
       2    2     16239.46    -2.34     288.96   300.34
       2    3     16203.37    -2.56     249.20   300.38
       4    1     16249.60    -2.28     233.29   300.29
       4    2     16239.46    -2.34     288.33   300.37
       4    3     16203.37    -2.56     254.51   300.21
       6    1     16249.60    -2.28     233.35   300.26
       6    2     16239.46    -2.34     287.89   300.35
       6    3     16203.37    -2.56     254.23   300.28

  ── airland13  (n=500, opt=39287.52)  workers=2 ──
   n_ils  Rep    Obj(feas)     Gap%  T_best(s)  Wall(s)
  ────── ──── ──────────── ──────── ────────── ────────
       0    1     40388.51    +2.80     299.03   301.46
       0    2     40113.55    +2.10     295.78   300.45
       0    3     41027.98    +4.43     297.96   300.40
       2    1     40388.51    +2.80     298.81   301.17
       2    2     40113.55    +2.10     294.47   300.54
       2    3     40945.84    +4.22     299.45   302.06
       4    1     40410.68    +2.86     299.11   301.37
       4    2     40113.55    +2.10     294.65   300.69
       4    3     41027.98    +4.43     297.28   300.54
       6    1     40410.68    +2.86     298.19   300.51
       6    2     40113.55    +2.10     294.67   300.70
       6    3     41027.98    +4.43     297.18   300.42

  Exp-2 complete — 72 records collected.
  Saved: doe_results/exp2_ils_depth/records.csv
  Saved: doe_results/exp2_ils_depth/summary.csv
  Saved: doe_results/exp2_ils_depth/exp2_gap_vs_nils.png
  Saved: doe_results/exp2_ils_depth/exp2_ttb_vs_nils.png

════════════════════════════════════════════════════════════════════════
  EXP-3  PARAMETER SENSITIVITY DOE  (2^4 + center, 28 workers, 34 chains/instance)
  Instances: 13  |  Combos: 17  |  Reps: 2  |  Seed heuristic: EDD
════════════════════════════════════════════════════════════════════════
  Factor levels:
    alpha : lo=0.95   hi=0.995
    N_iter: lo=80     hi=400
    I_max : lo=200    hi=1200
    M_stag: lo=30     hi=180

  ── airland1  (n=10, opt=700.0, t_limit=60s) ──
  Submitting 34 chains to 28 workers...

  airland1:   0%|          | 0/34 [00:00<?, ?it/s]
  airland1:   3%|▎         | 1/34 [00:04<02:32,  4.63s/it]
  airland1:   6%|▌         | 2/34 [00:05<01:10,  2.19s/it]
  airland1:   9%|▉         | 3/34 [00:11<02:03,  3.99s/it]
  airland1:  21%|██        | 7/34 [00:25<01:37,  3.62s/it]
  airland1:  32%|███▏      | 11/34 [00:39<01:22,  3.61s/it]
  airland1:  35%|███▌      | 12/34 [00:42<01:17,  3.54s/it]
  airland1:  44%|████▍     | 15/34 [01:00<01:24,  4.43s/it]
  airland1:  91%|█████████ | 31/34 [01:03<00:03,  1.25s/it]
  airland1:  94%|█████████▍| 32/34 [01:04<00:02,  1.27s/it]
                                                           
  Combo                Rep  Final(feas)     Gap%  Wall(s)
  ──────────────────── ─── ──────────── ──────── ────────
  a-Ni-Im-Ms-            1       700.00    +0.00     4.52
  a-Ni-Im-Ms-            2       700.00    +0.00     4.99
  a-Ni-Im-Ms+            1       700.00    +0.00    11.12
  a-Ni-Im-Ms+            2       700.00    +0.00    11.12
  a-Ni-Im+Ms-            1       700.00    +0.00     4.54
  a-Ni-Im+Ms-            2       700.00    +0.00     3.04
  a-Ni-Im+Ms+            1       700.00    +0.00    25.05
  a-Ni-Im+Ms+            2       700.00    +0.00    19.49
  a-Ni+Im-Ms-            1       700.00    +0.00    24.73
  a-Ni+Im-Ms-            2       700.00    +0.00    24.59
  a-Ni+Im-Ms+            1       700.00    +0.00    39.42
  a-Ni+Im-Ms+            2       700.00    +0.00    42.59
  a-Ni+Im+Ms-            1       700.00    +0.00    24.52
  a-Ni+Im+Ms-            2       700.00    +0.00    22.71
  a-Ni+Im+Ms+            1       700.00    +0.00    59.93
  a-Ni+Im+Ms+            2       700.00    +0.00    59.92
  a+Ni-Im-Ms-            1       700.00    +0.00     4.51
  a+Ni-Im-Ms-            2       700.00    +0.00     3.00
  a+Ni-Im-Ms+            1       700.00    +0.00    11.07
  a+Ni-Im-Ms+            2       700.00    +0.00    11.12
  a+Ni-Im+Ms-            1       700.00    +0.00     4.53
  a+Ni-Im+Ms-            2       700.00    +0.00     3.00
  a+Ni-Im+Ms+            1       700.00    +0.00    27.43
  a+Ni-Im+Ms+            2       700.00    +0.00    22.12
  a+Ni+Im-Ms-            1       700.00    +0.00    23.95
  a+Ni+Im-Ms-            2       700.00    +0.00    22.05
  a+Ni+Im-Ms+            1       700.00    +0.00    44.31
  a+Ni+Im-Ms+            2       700.00    +0.00    42.28
  a+Ni+Im+Ms-            1       700.00    +0.00    14.98
  a+Ni+Im+Ms-            2       700.00    +0.00    14.95
  a+Ni+Im+Ms+            1       700.00    +0.00    59.96
  a+Ni+Im+Ms+            2       700.00    +0.00    59.98
  CENTER                 1       700.00    +0.00    27.10
  CENTER                 2       700.00    +0.00    25.05

  ── airland2  (n=15, opt=1480.0, t_limit=60s) ──
  Submitting 34 chains to 28 workers...

  airland2:   0%|          | 0/34 [00:00<?, ?it/s]
  airland2:   3%|▎         | 1/34 [00:06<03:30,  6.37s/it]
  airland2:   6%|▌         | 2/34 [00:06<01:27,  2.74s/it]
  airland2:   9%|▉         | 3/34 [00:13<02:21,  4.56s/it]
  airland2:  21%|██        | 7/34 [00:28<01:49,  4.07s/it]
  airland2:  32%|███▏      | 11/34 [00:48<01:43,  4.51s/it]
  airland2:  35%|███▌      | 12/34 [00:49<01:25,  3.91s/it]
  airland2:  44%|████▍     | 15/34 [01:00<01:12,  3.80s/it]
  airland2:  47%|████▋     | 16/34 [01:00<00:57,  3.22s/it]
  airland2:  91%|█████████ | 31/34 [01:06<00:03,  1.05s/it]
  airland2:  94%|█████████▍| 32/34 [01:06<00:01,  1.01it/s]
                                                           
  Combo                Rep  Final(feas)     Gap%  Wall(s)
  ──────────────────── ─── ──────────── ──────── ────────
  a-Ni-Im-Ms-            1      1480.00    +0.00     6.23
  a-Ni-Im-Ms-            2      1480.00    +0.00     6.42
  a-Ni-Im-Ms+            1      1480.00    +0.00    13.15
  a-Ni-Im-Ms+            2      1480.00    +0.00    12.24
  a-Ni-Im+Ms-            1      1480.00    +0.00     5.78
  a-Ni-Im+Ms-            2      1480.00    +0.00     6.44
  a-Ni-Im+Ms+            1      1480.00    +0.00    28.72
  a-Ni-Im+Ms+            2      1480.00    +0.00    22.74
  a-Ni+Im-Ms-            1      1480.00    +0.00    24.83
  a-Ni+Im-Ms-            2      1480.00    +0.00    22.34
  a-Ni+Im-Ms+            1      1480.00    +0.00    48.43
  a-Ni+Im-Ms+            2      1480.00    +0.00    49.00
  a-Ni+Im+Ms-            1      1480.00    +0.00    27.66
  a-Ni+Im+Ms-            2      1480.00    +0.00    27.60
  a-Ni+Im+Ms+            1      1480.00    +0.00    59.90
  a-Ni+Im+Ms+            2      1480.00    +0.00    60.05
  a+Ni-Im-Ms-            1      1480.00    +0.00     6.29
  a+Ni-Im-Ms-            2      1480.00    +0.00     7.33
  a+Ni-Im-Ms+            1      1480.00    +0.00    13.11
  a+Ni-Im-Ms+            2      1480.00    +0.00    10.70
  a+Ni-Im+Ms-            1      1480.00    +0.00     6.78
  a+Ni-Im+Ms-            2      1480.00    +0.00     7.30
  a+Ni-Im+Ms+            1      1480.00    +0.00    36.54
  a+Ni-Im+Ms+            2      1480.00    +0.00    26.41
  a+Ni+Im-Ms-            1      1480.00    +0.00    30.37
  a+Ni+Im-Ms-            2      1480.00    +0.00    20.21
  a+Ni+Im-Ms+            1      1480.00    +0.00    41.37
  a+Ni+Im-Ms+            2      1480.00    +0.00    47.54
  a+Ni+Im+Ms-            1      1480.00    +0.00    25.53
  a+Ni+Im+Ms-            2      1480.00    +0.00    28.94
  a+Ni+Im+Ms+            1      1480.00    +0.00    59.91
  a+Ni+Im+Ms+            2      1480.00    +0.00    59.90
  CENTER                 1      1480.00    +0.00    40.23
  CENTER                 2      1480.00    +0.00    37.82

  ── airland3  (n=20, opt=820.0, t_limit=60s) ──
  Submitting 34 chains to 28 workers...

  airland3:   0%|          | 0/34 [00:00<?, ?it/s]
  airland3:   3%|▎         | 1/34 [00:08<04:29,  8.16s/it]
  airland3:   9%|▉         | 3/34 [00:14<02:19,  4.50s/it]
  airland3:  21%|██        | 7/34 [00:39<02:34,  5.71s/it]
  airland3:  24%|██▎       | 8/34 [00:40<02:01,  4.69s/it]
  airland3:  32%|███▏      | 11/34 [00:58<02:03,  5.36s/it]
  airland3:  44%|████▍     | 15/34 [01:00<00:57,  3.03s/it]
  airland3:  91%|█████████ | 31/34 [01:07<00:03,  1.18s/it]
                                                           
  Combo                Rep  Final(feas)     Gap%  Wall(s)
  ──────────────────── ─── ──────────── ──────── ────────
  a-Ni-Im-Ms-            1       820.00    +0.00     8.00
  a-Ni-Im-Ms-            2       820.00    +0.00     7.47
  a-Ni-Im-Ms+            1       820.00    +0.00    14.44
  a-Ni-Im-Ms+            2       820.00    +0.00    14.35
  a-Ni-Im+Ms-            1       820.00    +0.00     7.38
  a-Ni-Im+Ms-            2       820.00    +0.00     7.45
  a-Ni-Im+Ms+            1       820.00    +0.00    39.56
  a-Ni-Im+Ms+            2       820.00    +0.00    40.03
  a-Ni+Im-Ms-            1       820.00    +0.00    32.60
  a-Ni+Im-Ms-            2       820.00    +0.00    34.92
  a-Ni+Im-Ms+            1       820.00    +0.00    58.55
  a-Ni+Im-Ms+            2       820.00    +0.00    51.22
  a-Ni+Im+Ms-            1       820.00    +0.00    22.03
  a-Ni+Im+Ms-            2       820.00    +0.00    33.75
  a-Ni+Im+Ms+            1       820.00    +0.00    59.99
  a-Ni+Im+Ms+            2       820.00    +0.00    59.98
  a+Ni-Im-Ms-            1       820.00    +0.00     8.10
  a+Ni-Im-Ms-            2       820.00    +0.00     7.56
  a+Ni-Im-Ms+            1       820.00    +0.00    11.95
  a+Ni-Im-Ms+            2       820.00    +0.00     9.02
  a+Ni-Im+Ms-            1       820.00    +0.00     7.51
  a+Ni-Im+Ms-            2       820.00    +0.00     8.21
  a+Ni-Im+Ms+            1       820.00    +0.00    40.50
  a+Ni-Im+Ms+            2       820.00    +0.00    29.54
  a+Ni+Im-Ms-            1       820.00    +0.00    23.24
  a+Ni+Im-Ms-            2       820.00    +0.00    27.69
  a+Ni+Im-Ms+            1       820.00    +0.00    50.69
  a+Ni+Im-Ms+            2       820.00    +0.00    58.93
  a+Ni+Im+Ms-            1       820.00    +0.00    35.67
  a+Ni+Im+Ms-            2       820.00    +0.00    29.31
  a+Ni+Im+Ms+            1       820.00    +0.00    59.99
  a+Ni+Im+Ms+            2       820.00    +0.00    60.01
  CENTER                 1       820.00    +0.00    45.31
  CENTER                 2       820.00    +0.00    46.85

  ── airland4  (n=20, opt=2520.0, t_limit=60s) ──
  Submitting 34 chains to 28 workers...

  airland4:   0%|          | 0/34 [00:00<?, ?it/s]
  airland4:   3%|▎         | 1/34 [00:06<03:50,  6.97s/it]
  airland4:   9%|▉         | 3/34 [00:14<02:25,  4.71s/it]
  airland4:  21%|██        | 7/34 [00:32<02:01,  4.50s/it]
  airland4:  24%|██▎       | 8/34 [00:36<01:55,  4.44s/it]
  airland4:  32%|███▏      | 11/34 [00:45<01:27,  3.82s/it]
  airland4:  44%|████▍     | 15/34 [01:00<01:10,  3.71s/it]
  airland4:  91%|█████████ | 31/34 [01:06<00:03,  1.30s/it]
  airland4:  94%|█████████▍| 32/34 [01:06<00:02,  1.25s/it]
                                                           
  Combo                Rep  Final(feas)     Gap%  Wall(s)
  ──────────────────── ─── ──────────── ──────── ────────
  a-Ni-Im-Ms-            1      2520.00    +0.00     6.80
  a-Ni-Im-Ms-            2      2520.00    +0.00     6.82
  a-Ni-Im-Ms+            1      2520.00    +0.00    14.63
  a-Ni-Im-Ms+            2      2520.00    +0.00     9.15
  a-Ni-Im+Ms-            1      2520.00    +0.00     6.25
  a-Ni-Im+Ms-            2      2520.00    +0.00     6.25
  a-Ni-Im+Ms+            1      2520.00    +0.00    32.25
  a-Ni-Im+Ms+            2      2520.00    +0.00    36.43
  a-Ni+Im-Ms-            1      2520.00    +0.00    31.90
  a-Ni+Im-Ms-            2      2520.00    +0.00    19.87
  a-Ni+Im-Ms+            1      2520.00    +0.00    45.70
  a-Ni+Im-Ms+            2      2520.00    +0.00    43.17
  a-Ni+Im+Ms-            1      2520.00    +0.00    31.88
  a-Ni+Im+Ms-            2      2520.00    +0.00    31.85
  a-Ni+Im+Ms+            1      2520.00    +0.00    59.91
  a-Ni+Im+Ms+            2      2520.00    +0.00    59.95
  a+Ni-Im-Ms-            1      2520.00    +0.00     6.76
  a+Ni-Im-Ms-            2      2520.00    +0.00     6.25
  a+Ni-Im-Ms+            1      2520.00    +0.00    14.61
  a+Ni-Im-Ms+            2      2520.00    +0.00    14.70
  a+Ni-Im+Ms-            1      2520.00    +0.00     6.76
  a+Ni-Im+Ms-            2      2520.00    +0.00     6.74
  a+Ni-Im+Ms+            1      2520.00    +0.00    37.90
  a+Ni-Im+Ms+            2      2520.00    +0.00    25.71
  a+Ni+Im-Ms-            1      2520.00    +0.00    31.47
  a+Ni+Im-Ms-            2      2520.00    +0.00    23.27
  a+Ni+Im-Ms+            1      2520.00    +0.00    48.42
  a+Ni+Im-Ms+            2      2520.00    +0.00    52.20
  a+Ni+Im+Ms-            1      2520.00    +0.00    23.89
  a+Ni+Im+Ms-            2      2520.00    +0.00    20.28
  a+Ni+Im+Ms+            1      2520.00    +0.00    59.90
  a+Ni+Im+Ms+            2      2520.00    +0.00    59.96
  CENTER                 1      2520.00    +0.00    40.81
  CENTER                 2      2520.00    +0.00    42.96

  ── airland5  (n=20, opt=3100.0, t_limit=60s) ──
  Submitting 34 chains to 28 workers...

  airland5:   0%|          | 0/34 [00:00<?, ?it/s]
  airland5:   3%|▎         | 1/34 [00:08<04:25,  8.04s/it]
  airland5:   6%|▌         | 2/34 [00:10<02:27,  4.60s/it]
  airland5:   9%|▉         | 3/34 [00:13<01:57,  3.79s/it]
  airland5:  12%|█▏        | 4/34 [00:14<01:31,  3.04s/it]
  airland5:  21%|██        | 7/34 [00:41<03:02,  6.78s/it]
  airland5:  26%|██▋       | 9/34 [00:45<02:01,  4.87s/it]
  airland5:  32%|███▏      | 11/34 [00:56<01:58,  5.17s/it]
  airland5:  35%|███▌      | 12/34 [01:00<01:45,  4.81s/it]
  airland5:  91%|█████████ | 31/34 [01:08<00:03,  1.13s/it]
  airland5:  94%|█████████▍| 32/34 [01:09<00:02,  1.09s/it]
                                                           
  Combo                Rep  Final(feas)     Gap%  Wall(s)
  ──────────────────── ─── ──────────── ──────── ────────
  a-Ni-Im-Ms-            1      3100.00    +0.00     7.88
  a-Ni-Im-Ms-            2      3100.00    +0.00    10.07
  a-Ni-Im-Ms+            1      3100.00    +0.00    12.94
  a-Ni-Im-Ms+            2      3100.00    +0.00    14.79
  a-Ni-Im+Ms-            1      3100.00    +0.00     7.17
  a-Ni-Im+Ms-            2      3100.00    +0.00    10.09
  a-Ni-Im+Ms+            1      3100.00    +0.00    41.74
  a-Ni-Im+Ms+            2      3100.00    +0.00    25.88
  a-Ni+Im-Ms-            1      3100.00    +0.00    45.11
  a-Ni+Im-Ms-            2      3100.00    +0.00    41.77
  a-Ni+Im-Ms+            1      3100.00    +0.00    56.62
  a-Ni+Im-Ms+            2      3100.00    +0.00    59.93
  a-Ni+Im+Ms-            1      3100.00    +0.00    30.44
  a-Ni+Im+Ms-            2      3100.00    +0.00    32.99
  a-Ni+Im+Ms+            1      3100.00    +0.00    59.90
  a-Ni+Im+Ms+            2      3100.00    +0.00    59.95
  a+Ni-Im-Ms-            1      3100.00    +0.00     8.38
  a+Ni-Im-Ms-            2      3100.00    +0.00     8.83
  a+Ni-Im-Ms+            1      3100.00    +0.00    14.97
  a+Ni-Im-Ms+            2      3100.00    +0.00    14.99
  a+Ni-Im+Ms-            1      3100.00    +0.00     8.62
  a+Ni-Im+Ms-            2      3100.00    +0.00     8.82
  a+Ni-Im+Ms+            1      3100.00    +0.00    41.60
  a+Ni-Im+Ms+            2      3100.00    +0.00    26.39
  a+Ni+Im-Ms-            1      3100.00    +0.00    28.00
  a+Ni+Im-Ms-            2      3100.00    +0.00    28.97
  a+Ni+Im-Ms+            1      3100.00    +0.00    55.51
  a+Ni+Im-Ms+            2      3100.00    +0.00    55.54
  a+Ni+Im+Ms-            1      3100.00    +0.00    24.96
  a+Ni+Im+Ms-            2      3100.00    +0.00    38.54
  a+Ni+Im+Ms+            1      3100.00    +0.00    59.97
  a+Ni+Im+Ms+            2      3100.00    +0.00    59.94
  CENTER                 1      3100.00    +0.00    54.52
  CENTER                 2      3100.00    +0.00    43.14

  ── airland6  (n=30, opt=24442.0, t_limit=60s) ──
  Submitting 34 chains to 28 workers...

  airland6:   0%|          | 0/34 [00:00<?, ?it/s]
  airland6:   3%|▎         | 1/34 [00:00<00:05,  6.20it/s]
  airland6:  26%|██▋       | 9/34 [00:00<00:00, 26.15it/s]
                                                          
  Combo                Rep  Final(feas)     Gap%  Wall(s)
  ──────────────────── ─── ──────────── ──────── ────────
  a-Ni-Im-Ms-            1     24442.00    +0.00     0.13
  a-Ni-Im-Ms-            2     24442.00    +0.00     0.12
  a-Ni-Im-Ms+            1     24442.00    +0.00     0.12
  a-Ni-Im-Ms+            2     24442.00    +0.00     0.11
  a-Ni-Im+Ms-            1     24442.00    +0.00     0.07
  a-Ni-Im+Ms-            2     24442.00    +0.00     0.12
  a-Ni-Im+Ms+            1     24442.00    +0.00     0.12
  a-Ni-Im+Ms+            2     24442.00    +0.00     0.11
  a-Ni+Im-Ms-            1     24442.00    +0.00     0.35
  a-Ni+Im-Ms-            2     24442.00    +0.00     0.35
  a-Ni+Im-Ms+            1     24442.00    +0.00     0.21
  a-Ni+Im-Ms+            2     24442.00    +0.00     0.30
  a-Ni+Im+Ms-            1     24442.00    +0.00     0.37
  a-Ni+Im+Ms-            2     24442.00    +0.00     0.21
  a-Ni+Im+Ms+            1     24442.00    +0.00     0.30
  a-Ni+Im+Ms+            2     24442.00    +0.00     0.31
  a+Ni-Im-Ms-            1     24442.00    +0.00     0.14
  a+Ni-Im-Ms-            2     24442.00    +0.00     0.13
  a+Ni-Im-Ms+            1     24442.00    +0.00     0.14
  a+Ni-Im-Ms+            2     24442.00    +0.00     0.14
  a+Ni-Im+Ms-            1     24442.00    +0.00     0.08
  a+Ni-Im+Ms-            2     24442.00    +0.00     0.13
  a+Ni-Im+Ms+            1     24442.00    +0.00     0.08
  a+Ni-Im+Ms+            2     24442.00    +0.00     0.14
  a+Ni+Im-Ms-            1     24442.00    +0.00     0.42
  a+Ni+Im-Ms-            2     24442.00    +0.00     0.40
  a+Ni+Im-Ms+            1     24442.00    +0.00     0.28
  a+Ni+Im-Ms+            2     24442.00    +0.00     0.28
  a+Ni+Im+Ms-            1     24442.00    +0.00     0.25
  a+Ni+Im+Ms-            2     24442.00    +0.00     0.25
  a+Ni+Im+Ms+            1     24442.00    +0.00     0.23
  a+Ni+Im+Ms+            2     24442.00    +0.00     0.32
  CENTER                 1     24442.00    +0.00     0.13
  CENTER                 2     24442.00    +0.00     0.19

  ── airland7  (n=44, opt=1550.0, t_limit=60s) ──
  Submitting 34 chains to 28 workers...

  airland7:   0%|          | 0/34 [00:00<?, ?it/s]
  airland7:   3%|▎         | 1/34 [00:00<00:12,  2.57it/s]
  airland7:   9%|▉         | 3/34 [00:00<00:08,  3.69it/s]
  airland7:  21%|██        | 7/34 [00:01<00:06,  4.23it/s]
  airland7:  88%|████████▊ | 30/34 [00:01<00:00, 23.66it/s]
                                                           
  Combo                Rep  Final(feas)     Gap%  Wall(s)
  ──────────────────── ─── ──────────── ──────── ────────
  a-Ni-Im-Ms-            1      1550.00    +0.00     0.35
  a-Ni-Im-Ms-            2      1550.00    +0.00     0.38
  a-Ni-Im-Ms+            1      1550.00    +0.00     0.81
  a-Ni-Im-Ms+            2      1550.00    +0.00     0.84
  a-Ni-Im+Ms-            1      1550.00    +0.00     0.36
  a-Ni-Im+Ms-            2      1550.00    +0.00     0.37
  a-Ni-Im+Ms+            1      1550.00    +0.00     1.68
  a-Ni-Im+Ms+            2      1550.00    +0.00     1.66
  a-Ni+Im-Ms-            1      1550.00    +0.00     1.52
  a-Ni+Im-Ms-            2      1550.00    +0.00     1.19
  a-Ni+Im-Ms+            1      1550.00    +0.00     1.19
  a-Ni+Im-Ms+            2      1550.00    +0.00     1.45
  a-Ni+Im+Ms-            1      1550.00    +0.00     1.48
  a-Ni+Im+Ms-            2      1550.00    +0.00     1.52
  a-Ni+Im+Ms+            1      1550.00    +0.00     1.00
  a-Ni+Im+Ms+            2      1550.00    +0.00     1.56
  a+Ni-Im-Ms-            1      1550.00    +0.00     0.36
  a+Ni-Im-Ms-            2      1550.00    +0.00     0.38
  a+Ni-Im-Ms+            1      1550.00    +0.00     0.47
  a+Ni-Im-Ms+            2      1550.00    +0.00     0.36
  a+Ni-Im+Ms-            1      1550.00    +0.00     0.35
  a+Ni-Im+Ms-            2      1550.00    +0.00     0.38
  a+Ni-Im+Ms+            1      1550.00    +0.00     1.18
  a+Ni-Im+Ms+            2      1550.00    +0.00     0.63
  a+Ni+Im-Ms-            1      1550.00    +0.00     1.21
  a+Ni+Im-Ms-            2      1550.00    +0.00     1.49
  a+Ni+Im-Ms+            1      1550.00    +0.00     1.42
  a+Ni+Im-Ms+            2      1550.00    +0.00     1.45
  a+Ni+Im+Ms-            1      1550.00    +0.00     1.08
  a+Ni+Im+Ms-            2      1550.00    +0.00     1.48
  a+Ni+Im+Ms+            1      1550.00    +0.00     1.52
  a+Ni+Im+Ms+            2      1550.00    +0.00     1.38
  CENTER                 1      1550.00    +0.00     0.50
  CENTER                 2      1550.00    +0.00     0.74

  ── airland8  (n=50, opt=1950.0, t_limit=60s) ──
  Submitting 34 chains to 28 workers...

  airland8:   0%|          | 0/34 [00:00<?, ?it/s]
  airland8:   3%|▎         | 1/34 [00:16<08:59, 16.36s/it]
  airland8:   9%|▉         | 3/34 [00:21<03:08,  6.07s/it]
  airland8:  12%|█▏        | 4/34 [00:22<02:12,  4.43s/it]
  airland8:  21%|██        | 7/34 [00:50<03:20,  7.42s/it]
  airland8:  24%|██▎       | 8/34 [01:00<03:22,  7.80s/it]
  airland8:  26%|██▋       | 9/34 [01:00<02:29,  5.98s/it]
  airland8:  85%|████████▌ | 29/34 [01:07<00:05,  1.08s/it]
  airland8:  91%|█████████ | 31/34 [01:11<00:03,  1.17s/it]
  airland8:  94%|█████████▍| 32/34 [01:12<00:02,  1.16s/it]
  airland8:  97%|█████████▋| 33/34 [01:12<00:01,  1.07s/it]
  airland8: 100%|██████████| 34/34 [01:14<00:00,  1.18s/it]
                                                           
  Combo                Rep  Final(feas)     Gap%  Wall(s)
  ──────────────────── ─── ──────────── ──────── ────────
  a-Ni-Im-Ms-            1      2010.00    +3.08    16.12
  a-Ni-Im-Ms-            2      2245.00   +15.13    12.03
  a-Ni-Im-Ms+            1      1950.00    +0.00    21.08
  a-Ni-Im-Ms+            2      2020.00    +3.59    22.38
  a-Ni-Im+Ms-            1      2010.00    +3.08    14.33
  a-Ni-Im+Ms-            2      2245.00   +15.13    10.96
  a-Ni-Im+Ms+            1      1950.00    +0.00    50.72
  a-Ni-Im+Ms+            2      1950.00    +0.00    59.82
  a-Ni+Im-Ms-            1      1950.00    +0.00    60.04
  a-Ni+Im-Ms-            2      1950.00    +0.00    59.97
  a-Ni+Im-Ms+            1      1950.00    +0.00    60.04
  a-Ni+Im-Ms+            2      1950.00    +0.00    60.12
  a-Ni+Im+Ms-            1      1950.00    +0.00    60.05
  a-Ni+Im+Ms-            2      1950.00    +0.00    59.84
  a-Ni+Im+Ms+            1      1950.00    +0.00    59.78
  a-Ni+Im+Ms+            2      1950.00    +0.00    59.84
  a+Ni-Im-Ms-            1      1950.00    +0.00    16.26
  a+Ni-Im-Ms-            2      1950.00    +0.00     7.26
  a+Ni-Im-Ms+            1      1950.00    +0.00    22.31
  a+Ni-Im-Ms+            2      2040.00    +4.62    22.29
  a+Ni-Im+Ms-            1      1950.00    +0.00     9.57
  a+Ni-Im+Ms-            2      1950.00    +0.00    12.28
  a+Ni-Im+Ms+            1      1950.00    +0.00    49.81
  a+Ni-Im+Ms+            2      1950.00    +0.00    59.79
  a+Ni+Im-Ms-            1      1950.00    +0.00    59.95
  a+Ni+Im-Ms-            2      1950.00    +0.00    60.06
  a+Ni+Im-Ms+            1      1950.00    +0.00    60.06
  a+Ni+Im-Ms+            2      2040.00    +4.62    60.07
  a+Ni+Im+Ms-            1      1950.00    +0.00    60.02
  a+Ni+Im+Ms-            2      1950.00    +0.00    52.54
  a+Ni+Im+Ms+            1      1950.00    +0.00    60.04
  a+Ni+Im+Ms+            2      1950.00    +0.00    59.89
  CENTER                 1      1950.00    +0.00    59.81
  CENTER                 2      1950.00    +0.00    59.92

  ── airland9  (n=100, opt=5611.7, t_limit=180s) ──
  Submitting 34 chains to 28 workers...

  airland9:   0%|          | 0/34 [00:00<?, ?it/s]
  airland9:   3%|▎         | 1/34 [00:10<06:01, 10.95s/it]
  airland9:  18%|█▊        | 6/34 [00:11<00:39,  1.42s/it]
  airland9:  18%|█▊        | 6/34 [00:30<00:39,  1.42s/it]
  airland9:  21%|██        | 7/34 [00:40<03:09,  7.01s/it]
  airland9:  24%|██▎       | 8/34 [00:49<03:11,  7.38s/it]
  airland9:  41%|████      | 14/34 [00:51<00:54,  2.72s/it]
  airland9:  44%|████▍     | 15/34 [01:37<02:45,  8.69s/it]
  airland9:  47%|████▋     | 16/34 [02:17<04:06, 13.68s/it]
                                                           
  Combo                Rep  Final(feas)     Gap%  Wall(s)
  ──────────────────── ─── ──────────── ──────── ────────
  a-Ni-Im-Ms-            1      5985.59    +6.66    10.77
  a-Ni-Im-Ms-            2      6231.75   +11.05    10.32
  a-Ni-Im-Ms+            1      6677.79   +19.00     9.93
  a-Ni-Im-Ms+            2      6541.48   +16.57    10.28
  a-Ni-Im+Ms-            1      5985.59    +6.66     6.75
  a-Ni-Im+Ms-            2      6231.75   +11.05    11.16
  a-Ni-Im+Ms+            1      5680.86    +1.23    40.48
  a-Ni-Im+Ms+            2      5611.70    +0.00    49.15
  a-Ni+Im-Ms-            1      5653.99    +0.75    38.12
  a-Ni+Im-Ms-            2      5611.70    +0.00    36.48
  a-Ni+Im-Ms+            1      5618.66    +0.12    37.32
  a-Ni+Im-Ms+            2      5948.10    +5.99    44.51
  a-Ni+Im+Ms-            1      5653.99    +0.75    36.63
  a-Ni+Im+Ms-            2      5611.70    +0.00    50.81
  a-Ni+Im+Ms+            1      5618.66    +0.12    97.71
  a-Ni+Im+Ms+            2      5618.95    +0.13   137.20
  a+Ni-Im-Ms-            1      6975.52   +24.30     4.03
  a+Ni-Im-Ms-            2      6445.87   +14.86    10.25
  a+Ni-Im-Ms+            1      6677.79   +19.00    10.19
  a+Ni-Im-Ms+            2      6977.22   +24.33    10.47
  a+Ni-Im+Ms-            1      6975.52   +24.30     6.71
  a+Ni-Im+Ms-            2      6445.87   +14.86    11.20
  a+Ni-Im+Ms+            1      5680.86    +1.23    40.16
  a+Ni-Im+Ms+            2      5611.70    +0.00    50.13
  a+Ni+Im-Ms-            1      5680.86    +1.23    38.80
  a+Ni+Im-Ms-            2      5618.66    +0.12    42.25
  a+Ni+Im-Ms+            1      5635.23    +0.42    44.29
  a+Ni+Im-Ms+            2      5618.66    +0.12    42.46
  a+Ni+Im+Ms-            1      5680.86    +1.23    23.43
  a+Ni+Im+Ms-            2      5618.66    +0.12    35.16
  a+Ni+Im+Ms+            1      5611.99    +0.01   113.98
  a+Ni+Im+Ms+            2      5611.70    +0.00   111.49
  CENTER                 1      5618.95    +0.13    44.23
  CENTER                 2      5611.70    +0.00    44.12

  ── airland10  (n=150, opt=12640.42, t_limit=180s) ──
  Submitting 34 chains to 12 workers...

  airland10:   0%|          | 0/34 [00:00<?, ?it/s]
  airland10:   3%|▎         | 1/34 [00:11<06:32, 11.88s/it]
  airland10:  15%|█▍        | 5/34 [00:16<01:21,  2.83s/it]
  airland10:  18%|█▊        | 6/34 [00:19<01:16,  2.74s/it]
  airland10:  21%|██        | 7/34 [00:52<04:39, 10.34s/it]
  airland10:  26%|██▋       | 9/34 [00:58<03:02,  7.31s/it]
  airland10:  41%|████      | 14/34 [01:38<02:33,  7.68s/it]
  airland10:  44%|████▍     | 15/34 [03:10<06:20, 20.02s/it]
  airland10:  91%|█████████ | 31/34 [03:23<00:15,  5.25s/it]
  airland10:  94%|█████████▍| 32/34 [03:27<00:10,  5.16s/it]
                                                            
  Combo                Rep  Final(feas)     Gap%  Wall(s)
  ──────────────────── ─── ──────────── ──────── ────────
  a-Ni-Im-Ms-            1     14627.62   +15.72    11.65
  a-Ni-Im-Ms-            2     15017.21   +18.80    10.29
  a-Ni-Im-Ms+            1     15569.91   +23.18     6.67
  a-Ni-Im-Ms+            2     17221.56   +36.24     6.73
  a-Ni-Im+Ms-            1     13648.35    +7.97    16.71
  a-Ni-Im+Ms-            2     12720.36    +0.63    19.16
  a-Ni-Im+Ms+            1     12464.78    -1.39    52.25
  a-Ni-Im+Ms+            2     12412.94    -1.80    45.68
  a-Ni+Im-Ms-            1     12786.90    +1.16    58.36
  a-Ni+Im-Ms-            2     12793.11    +1.21    38.50
  a-Ni+Im-Ms+            1     14255.81   +12.78    35.25
  a-Ni+Im-Ms+            2     14429.33   +14.15    40.73
  a-Ni+Im+Ms-            1     12786.90    +1.16    47.56
  a-Ni+Im+Ms-            2     12338.03    -2.39    91.17
  a-Ni+Im+Ms+            1     12502.74    -1.09   179.88
  a-Ni+Im+Ms+            2     12292.20    -2.75   175.62
  a+Ni-Im-Ms-            1     16295.16   +28.91     9.14
  a+Ni-Im-Ms-            2     15277.09   +20.86     8.50
  a+Ni-Im-Ms+            1     17855.05   +41.25     6.82
  a+Ni-Im-Ms+            2     20142.41   +59.35     3.50
  a+Ni-Im+Ms-            1     16295.16   +28.91     8.06
  a+Ni-Im+Ms-            2     15277.09   +20.86     8.99
  a+Ni-Im+Ms+            1     12464.78    -1.39    51.10
  a+Ni-Im+Ms+            2     20142.41   +59.35     2.88
  a+Ni+Im-Ms-            1     12746.09    +0.84    37.44
  a+Ni+Im-Ms-            2     12612.91    -0.22    36.25
  a+Ni+Im-Ms+            1     13077.23    +3.46    37.19
  a+Ni+Im-Ms+            2     13384.37    +5.89    44.00
  a+Ni+Im+Ms-            1     12686.27    +0.36    51.34
  a+Ni+Im+Ms-            2     12366.65    -2.17    54.46
  a+Ni+Im+Ms+            1     12383.31    -2.03   148.85
  a+Ni+Im+Ms+            2     12309.64    -2.62   148.69
  CENTER                 1     13230.23    +4.67    50.28
  CENTER                 2     12347.51    -2.32    50.64

  ── airland11  (n=200, opt=12462.18, t_limit=180s) ──
  Submitting 34 chains to 12 workers...

  airland11:   0%|          | 0/34 [00:00<?, ?it/s]
  airland11:   3%|▎         | 1/34 [00:11<06:17, 11.45s/it]
  airland11:  21%|██        | 7/34 [00:58<03:40,  8.15s/it]
  airland11:  26%|██▋       | 9/34 [01:00<02:33,  6.15s/it]
  airland11:  29%|██▉       | 10/34 [01:11<02:46,  6.94s/it]
  airland11:  38%|███▊      | 13/34 [01:33<02:30,  7.16s/it]
  airland11:  41%|████      | 14/34 [01:34<02:00,  6.02s/it]
  airland11:  44%|████▍     | 15/34 [03:06<07:13, 22.82s/it]
  airland11:  47%|████▋     | 16/34 [03:08<05:30, 18.38s/it]
  airland11:  91%|█████████ | 31/34 [04:10<00:19,  6.65s/it]
  airland11:  94%|█████████▍| 32/34 [04:11<00:12,  6.21s/it]
                                                            
  Combo                Rep  Final(feas)     Gap%  Wall(s)
  ──────────────────── ─── ──────────── ──────── ────────
  a-Ni-Im-Ms-            1     14157.11   +13.60    10.94
  a-Ni-Im-Ms-            2     14410.01   +15.63     6.09
  a-Ni-Im-Ms+            1     14677.67   +17.78     8.45
  a-Ni-Im-Ms+            2     15018.84   +20.52     3.60
  a-Ni-Im+Ms-            1     14157.11   +13.60     9.11
  a-Ni-Im+Ms-            2     14410.01   +15.63     9.85
  a-Ni-Im+Ms+            1     12588.57    +1.01    57.70
  a-Ni-Im+Ms+            2     15018.84   +20.52     3.82
  a-Ni+Im-Ms-            1     13011.30    +4.41    60.42
  a-Ni+Im-Ms-            2     12886.16    +3.40    71.26
  a-Ni+Im-Ms+            1     13858.58   +11.21    40.59
  a-Ni+Im-Ms+            2     14313.40   +14.85    39.30
  a-Ni+Im+Ms-            1     12638.49    +1.41    89.79
  a-Ni+Im+Ms-            2     12617.04    +1.24    89.69
  a-Ni+Im+Ms+            1     12429.98    -0.26   179.79
  a-Ni+Im+Ms+            2     12756.39    +2.36   179.87
  a+Ni-Im-Ms-            1     15018.84   +20.52     3.66
  a+Ni-Im-Ms-            2     14632.21   +17.41     9.84
  a+Ni-Im-Ms+            1     14677.67   +17.78     7.89
  a+Ni-Im-Ms+            2     15018.84   +20.52     2.82
  a+Ni-Im+Ms-            1     15018.84   +20.52     4.62
  a+Ni-Im+Ms-            2     14632.21   +17.41     6.69
  a+Ni-Im+Ms+            1     12575.71    +0.91    84.32
  a+Ni-Im+Ms+            2     15018.84   +20.52     4.37
  a+Ni+Im-Ms-            1     13176.28    +5.73    44.02
  a+Ni+Im-Ms-            2     13446.25    +7.90    45.76
  a+Ni+Im-Ms+            1     13858.58   +11.21    43.97
  a+Ni+Im-Ms+            2     14313.40   +14.85    40.20
  a+Ni+Im+Ms-            1     13176.28    +5.73    49.59
  a+Ni+Im+Ms-            2     13231.53    +6.17    66.65
  a+Ni+Im+Ms+            1     12424.72    -0.30   179.62
  a+Ni+Im+Ms+            2     12756.39    +2.36   179.66
  CENTER                 1     12571.25    +0.88    64.28
  CENTER                 2     12916.36    +3.64    63.10

  ── airland12  (n=250, opt=16629.1, t_limit=180s) ──
  Submitting 34 chains to 6 workers...

  airland12:   0%|          | 0/34 [00:00<?, ?it/s]
  airland12:   3%|▎         | 1/34 [00:05<02:49,  5.13s/it]
  airland12:   6%|▌         | 2/34 [00:06<01:37,  3.03s/it]
  airland12:   9%|▉         | 3/34 [00:09<01:27,  2.82s/it]
  airland12:  21%|██        | 7/34 [01:11<05:26, 12.08s/it]
  airland12:  24%|██▎       | 8/34 [01:13<04:16,  9.86s/it]
  airland12:  38%|███▊      | 13/34 [02:09<03:45, 10.76s/it]
  airland12:  41%|████      | 14/34 [02:34<04:14, 12.70s/it]
  airland12:  44%|████▍     | 15/34 [04:00<08:02, 25.41s/it]
  airland12:  47%|████▋     | 16/34 [04:02<06:14, 20.83s/it]
  airland12:  91%|█████████ | 31/34 [06:10<00:32, 10.87s/it]
  airland12:  94%|█████████▍| 32/34 [06:15<00:20, 10.41s/it]
                                                            
  Combo                Rep  Final(feas)     Gap%  Wall(s)
  ──────────────────── ─── ──────────── ──────── ────────
  a-Ni-Im-Ms-            1     19964.72   +20.06     4.68
  a-Ni-Im-Ms-            2     19636.11   +18.08     6.26
  a-Ni-Im-Ms+            1     19732.51   +18.66     8.81
  a-Ni-Im-Ms+            2     20023.82   +20.41     8.37
  a-Ni-Im+Ms-            1     19964.72   +20.06     4.73
  a-Ni-Im+Ms-            2     19636.11   +18.08     6.25
  a-Ni-Im+Ms+            1     16623.77    -0.03    66.26
  a-Ni-Im+Ms+            2     17070.76    +2.66    67.46
  a-Ni+Im-Ms-            1     16807.94    +1.08    55.71
  a-Ni+Im-Ms-            2     17418.50    +4.75    53.48
  a-Ni+Im-Ms+            1     19353.62   +16.38    40.41
  a-Ni+Im-Ms+            2     19353.69   +16.38    40.64
  a-Ni+Im+Ms-            1     16681.42    +0.31    79.90
  a-Ni+Im+Ms-            2     16628.98    -0.00   103.41
  a-Ni+Im+Ms+            1     16490.17    -0.84   179.77
  a-Ni+Im+Ms+            2     16513.34    -0.70   179.73
  a+Ni-Im-Ms-            1     20140.91   +21.12     4.55
  a+Ni-Im-Ms-            2     20090.35   +20.81     4.24
  a+Ni-Im-Ms+            1     19732.51   +18.66     8.10
  a+Ni-Im-Ms+            2     20019.74   +20.39     8.10
  a+Ni-Im+Ms-            1     20140.91   +21.12     4.56
  a+Ni-Im+Ms-            2     20090.35   +20.81     4.15
  a+Ni-Im+Ms+            1     16472.86    -0.94    63.97
  a+Ni-Im+Ms+            2     16896.94    +1.61    66.11
  a+Ni+Im-Ms-            1     18739.08   +12.69    29.87
  a+Ni+Im-Ms-            2     18873.17   +13.49    36.00
  a+Ni+Im-Ms+            1     19353.62   +16.38    39.91
  a+Ni+Im-Ms+            2     19353.69   +16.38    39.08
  a+Ni+Im+Ms-            1     18739.08   +12.69    29.88
  a+Ni+Im+Ms-            2     18873.17   +13.49    35.97
  a+Ni+Im+Ms+            1     16490.17    -0.84   179.77
  a+Ni+Im+Ms+            2     16440.70    -1.13   179.83
  CENTER                 1     16621.73    -0.04    72.61
  CENTER                 2     19728.19   +18.64     9.45

  ── airland13  (n=500, opt=39287.52, t_limit=180s) ──
  Submitting 34 chains to 2 workers...

  airland13:   0%|          | 0/34 [00:00<?, ?it/s]
  airland13:   3%|▎         | 1/34 [00:38<21:12, 38.56s/it]
  airland13:  12%|█▏        | 4/34 [00:44<04:25,  8.86s/it]
  airland13:  15%|█▍        | 5/34 [01:17<07:32, 15.61s/it]
  airland13:  21%|██        | 7/34 [03:38<17:55, 39.85s/it]
  airland13:  26%|██▋       | 9/34 [04:07<12:31, 30.08s/it]
  airland13:  29%|██▉       | 10/34 [05:56<18:53, 47.23s/it]
  airland13:  38%|███▊      | 13/34 [08:44<18:01, 51.52s/it]
  airland13:  41%|████      | 14/34 [08:56<14:41, 44.08s/it]
  airland13:  44%|████▍     | 15/34 [09:15<12:16, 38.75s/it]
  airland13:  47%|████▋     | 16/34 [11:57<20:10, 67.24s/it]
  airland13:  68%|██████▊   | 23/34 [13:03<04:55, 26.90s/it]
  airland13:  74%|███████▎  | 25/34 [14:35<04:40, 31.14s/it]
  airland13:  76%|███████▋  | 26/34 [14:51<03:52, 29.11s/it]
  airland13:  79%|███████▉  | 27/34 [15:04<03:04, 26.39s/it]
  airland13:  82%|████████▏ | 28/34 [15:53<03:04, 30.77s/it]
  airland13:  85%|████████▌ | 29/34 [18:04<04:20, 52.05s/it]
  airland13:  91%|█████████ | 31/34 [18:33<01:53, 37.75s/it]
  airland13:  94%|█████████▍| 32/34 [21:06<02:04, 62.30s/it]
  airland13:  97%|█████████▋| 33/34 [21:33<00:54, 54.06s/it]
  airland13: 100%|██████████| 34/34 [23:59<00:00, 77.00s/it]
                                                            
  Combo                Rep  Final(feas)     Gap%  Wall(s)
  ──────────────────── ─── ──────────── ──────── ────────
  a-Ni-Im-Ms-            1     44619.49   +13.57    36.56
  a-Ni-Im-Ms-            2     47034.11   +19.72     8.19
  a-Ni-Im-Ms+            1     46717.45   +18.91    17.40
  a-Ni-Im-Ms+            2     47116.73   +19.93    13.50
  a-Ni-Im+Ms-            1     44619.49   +13.57    37.24
  a-Ni-Im+Ms-            2     47034.11   +19.72     8.14
  a-Ni-Im+Ms+            1     41667.86    +6.06   162.24
  a-Ni-Im+Ms+            2     46093.85   +17.32    44.87
  a-Ni+Im-Ms-            1     42517.86    +8.22   121.72
  a-Ni+Im-Ms-            2     40957.83    +4.25   136.87
  a-Ni+Im-Ms+            1     47116.73   +19.93    28.74
  a-Ni+Im-Ms+            2     46460.97   +18.26    65.27
  a-Ni+Im+Ms-            1     41067.28    +4.53   178.67
  a-Ni+Im+Ms-            2     40376.52    +2.77   178.40
  a-Ni+Im+Ms+            1     47116.73   +19.93    28.75
  a-Ni+Im+Ms+            2     42103.95    +7.17   179.13
  a+Ni-Im-Ms-            1     46382.83   +18.06    14.44
  a+Ni-Im-Ms-            2     47034.11   +19.72     8.04
  a+Ni-Im-Ms+            1     46282.13   +17.80    17.13
  a+Ni-Im-Ms+            2     47099.82   +19.88    14.50
  a+Ni-Im+Ms-            1     46382.83   +18.06    14.51
  a+Ni-Im+Ms-            2     47034.11   +19.72     8.06
  a+Ni-Im+Ms+            1     42833.46    +9.03   139.98
  a+Ni-Im+Ms+            2     45821.33   +16.63    47.43
  a+Ni+Im-Ms-            1     43369.84   +10.39   107.50
  a+Ni+Im-Ms-            2     43804.88   +11.50   106.74
  a+Ni+Im-Ms+            1     47116.73   +19.93    27.09
  a+Ni+Im-Ms+            2     46460.97   +18.26    60.39
  a+Ni+Im+Ms-            1     41959.12    +6.80   178.70
  a+Ni+Im+Ms-            2     43237.27   +10.05   129.01
  a+Ni+Im+Ms+            1     47116.73   +19.93    26.95
  a+Ni+Im+Ms+            2     42085.53    +7.12   179.99
  CENTER                 1     41389.44    +5.35   178.50
  CENTER                 2     40994.37    +4.34   171.23

  Exp-3 complete — 442 records collected.
  Saved: doe_results/exp3_parameter/records.csv
  Saved: doe_results/exp3_parameter/main_effects.csv
  Saved: doe_results/exp3_parameter/exp3_main_effects.png
  Saved: doe_results/exp3_parameter/exp3_factor_importance.png
  Saved: doe_results/exp3_parameter/exp3_interactions.png

════════════════════════════════════════════════════════════════════════
  DOE complete.  All outputs in: /home/eb276/ALP-Project/doe_results
════════════════════════════════════════════════════════════════════════


════════════════════════════════════════════════════════════════════════
  ALP — DOE ANALYSIS & OPTIMISED BENCHMARK
  DOE results dir : /home/eb276/ALP-Project/doe_results
  Analysis out dir: /home/eb276/ALP-Project/doe_results/analysis
  t_limit/rep     : 600s   reps: 3   workers: 28
════════════════════════════════════════════════════════════════════════

Loading instances...
  [LOADED]  airland1      n=  10
  [LOADED]  airland2      n=  15
  [LOADED]  airland3      n=  20
  [LOADED]  airland4      n=  20
  [LOADED]  airland5      n=  20
  [LOADED]  airland6      n=  30
  [LOADED]  airland7      n=  44
  [LOADED]  airland8      n=  50
  [LOADED]  airland9      n= 100
  [LOADED]  airland10     n= 150
  [LOADED]  airland11     n= 200
  [LOADED]  airland12     n= 250
  [LOADED]  airland13     n= 500

Loading DOE records...
  Exp-1: 390 records
  Exp-2: 72 records
  Exp-3: 442 records

── Exp-1: Heuristic analysis ──
  airland1      best: MPDS      mean_gap=+0.000%  range=0.000%
  airland10     best: EDD       mean_gap=-2.318%  range=16.170%
  airland11     best: EDD       mean_gap=-0.036%  range=1.725%
  airland12     best: ATC_k2    mean_gap=-1.431%  range=0.550%
  airland13     best: EDD       mean_gap=+6.097%  range=82.670%
  airland2      best: MPDS      mean_gap=+0.000%  range=0.000%
  airland3      best: MPDS      mean_gap=+0.000%  range=0.000%
  airland4      best: MPDS      mean_gap=+0.000%  range=0.000%
  airland5      best: MPDS      mean_gap=+0.000%  range=0.000%
  airland6      best: EDD       mean_gap=+0.000%  range=0.000%
  airland7      best: MDD       mean_gap=+0.000%  range=0.000%
  airland8      best: ATC_k4    mean_gap=+0.000%  range=6.974%
  airland9      best: ATC_k2    mean_gap=+0.101%  range=0.437%

── Exp-2: ILS depth analysis ──
  airland10     best n_ils=0  mean_gap=-2.204%  significant=False
  airland11     best n_ils=0  mean_gap=-0.352%  significant=False
  airland12     best n_ils=0  mean_gap=-2.395%  significant=False
  airland13     best n_ils=0  mean_gap=+3.112%  significant=False
  airland8      best n_ils=0  mean_gap=+0.000%  significant=False
  airland9      best n_ils=0  mean_gap=+0.041%  significant=False

── Exp-3: Parameter analysis ──
  airland1      α=0.995  N_iter=400  I_max=1200  M_stag=180  best_gap=+0.000%
  airland10     α=0.995  N_iter=400  I_max=1200  M_stag=180  best_gap=-2.325%
  airland11     α=0.95  N_iter=400  I_max=1200  M_stag=180  best_gap=+1.051%
  airland12     α=0.995  N_iter=400  I_max=1200  M_stag=180  best_gap=-0.984%
  airland13     α=0.95  N_iter=400  I_max=1200  M_stag=30  best_gap=+3.651%
  airland2      α=0.995  N_iter=400  I_max=1200  M_stag=180  best_gap=+0.000%
  airland3      α=0.995  N_iter=400  I_max=1200  M_stag=180  best_gap=+0.000%
  airland4      α=0.995  N_iter=400  I_max=1200  M_stag=180  best_gap=+0.000%
  airland5      α=0.995  N_iter=400  I_max=1200  M_stag=180  best_gap=+0.000%
  airland6      α=0.995  N_iter=400  I_max=1200  M_stag=180  best_gap=+0.000%
  airland7      α=0.995  N_iter=400  I_max=1200  M_stag=180  best_gap=+0.000%
  airland8      α=0.995  N_iter=400  I_max=1200  M_stag=180  best_gap=+0.000%
  airland9      α=0.995  N_iter=400  I_max=1200  M_stag=180  best_gap=+0.003%

── Building per-instance OptConfigs ──

Generating analysis plots...
  Saved: doe_results/analysis/plots/heuristic_ranking_airland1.png
  Saved: doe_results/analysis/plots/heuristic_ranking_airland2.png
  Saved: doe_results/analysis/plots/heuristic_ranking_airland3.png
  Saved: doe_results/analysis/plots/heuristic_ranking_airland4.png
  Saved: doe_results/analysis/plots/heuristic_ranking_airland5.png
  Saved: doe_results/analysis/plots/heuristic_ranking_airland6.png
  Saved: doe_results/analysis/plots/heuristic_ranking_airland7.png
  Saved: doe_results/analysis/plots/heuristic_ranking_airland8.png
  Saved: doe_results/analysis/plots/heuristic_ranking_airland9.png
  Saved: doe_results/analysis/plots/heuristic_ranking_airland10.png
  Saved: doe_results/analysis/plots/heuristic_ranking_airland11.png
  Saved: doe_results/analysis/plots/heuristic_ranking_airland12.png
  Saved: doe_results/analysis/plots/heuristic_ranking_airland13.png
  Saved: doe_results/analysis/plots/nils_gain.png
  Saved: doe_results/analysis/plots/main_effects_summary.png


