======================================================================
  TC-RBI  —  Target-Conflict Regret-Based Insertion
  Workers : 8 processes × 4 Optuna threads = 32 logical threads
  Accel   : Numba JIT, PyTorch CUDA (threshold n≥200)
======================================================================
  Submitting 49 jobs to 8 workers...


  [Optuna] AIRLAND1 m=2 → 30 trials (LP obj, 4 thread(s)) ...
  [Optuna] done in 0.48s  best: η=0.571 μ_TC=2.324 μ_late=1.594 μ_count=1.422 μ_sep=0.376

======================================================================
  AIRLAND1  |  n=10  |  m=2 runway(s)
======================================================================
  Runtime                  : 0.0117 s
  Parameters               : η=0.571 μ_TC=2.324 μ_late=1.594 μ_count=1.422 μ_sep=0.376
  Surrogate objective      : 3990.0000
  Earliest-time objective  : 3990.0000
  Stage-2 LP objective     : 90.0000
  Target-conflict proxy    : 90.0000
  Known optimum            : 90.0000
  Gap to optimum (LP)      : 0.00%
  Sequence feasibility     : PASS ✓
  LP feasibility           : PASS ✓
  Runway load:
    Runway 1:    5 aircraft  B=160.00  seq=[2, 4, 6, 8, 9]
    Runway 2:    5 aircraft  B=195.00  seq=[3, 5, 7, 0, 1]
======================================================================
  ↳ airland1     m=2  LP=90.00  gap=0.00%  ✓  (0.01s total)

  [Optuna] AIRLAND1 m=3 → 30 trials (LP obj, 4 thread(s)) ...
  [Optuna] done in 0.55s  best: η=0.445 μ_TC=4.778 μ_late=0.060 μ_count=0.730 μ_sep=0.092

======================================================================
  AIRLAND1  |  n=10  |  m=3 runway(s)
======================================================================
  Runtime                  : 0.0050 s
  Parameters               : η=0.445 μ_TC=4.778 μ_late=0.060 μ_count=0.730 μ_sep=0.092
  Surrogate objective      : 4130.0000
  Earliest-time objective  : 4130.0000
  Stage-2 LP objective     : 0.0000
  Target-conflict proxy    : 0.0000
  Known optimum            : 0.0000
  Gap to optimum (LP)      : 0.00%
  Sequence feasibility     : PASS ✓
  LP feasibility           : PASS ✓
  Runway load:
    Runway 1:    4 aircraft  B=160.00  seq=[2, 4, 6, 9]
    Runway 2:    3 aircraft  B=135.00  seq=[3, 7, 8]
    Runway 3:    3 aircraft  B=195.00  seq=[5, 0, 1]
======================================================================
  ↳ airland1     m=3  LP=0.00  gap=0.00%  ✓  (0.00s total)

  [Optuna] AIRLAND1 m=1 → 30 trials (LP obj, 4 thread(s)) ...
  [Optuna] done in 0.66s  best: η=0.565 μ_TC=4.475 μ_late=0.727 μ_count=0.312 μ_sep=0.234

======================================================================
  AIRLAND1  |  n=10  |  m=1 runway(s)
======================================================================
  Runtime                  : 0.0068 s
  Parameters               : η=0.565 μ_TC=4.475 μ_late=0.727 μ_count=0.312 μ_sep=0.234
  Surrogate objective      : 2830.0000
  Earliest-time objective  : 2830.0000
  Stage-2 LP objective     : 700.0000
  Target-conflict proxy    : 620.0000
  Known optimum            : 700.0000
  Gap to optimum (LP)      : 0.00%
  Sequence feasibility     : PASS ✓
  LP feasibility           : PASS ✓
  Runway load:
    Runway 1:   10 aircraft  B=195.00  seq=[2, 3, 4, 5, 6, 7,...]
======================================================================
  ↳ airland1     m=1  LP=700.00  gap=0.00%  ✓  (0.01s total)

  [Optuna] AIRLAND10 m=2 → 10 trials (TC proxy obj, 4 thread(s)) ...
  [Optuna] done in 20.00s  best: η=0.424 μ_TC=4.730 μ_late=1.509 μ_count=2.373 μ_sep=0.044

======================================================================
  AIRLAND10  |  n=150  |  m=2 runway(s)
======================================================================
  Runtime                  : 1.4914 s
  Parameters               : η=0.424 μ_TC=4.730 μ_late=1.509 μ_count=2.373 μ_sep=0.044
  Surrogate objective      : 57583.9100
  Earliest-time objective  : 57583.9100
  Stage-2 LP objective     : 1279.7800
  Target-conflict proxy    : 1567.3600
  Known optimum            : 1143.7000
  Gap to optimum (LP)      : 11.90%
  Sequence feasibility     : PASS ✓
  LP feasibility           : PASS ✓
  Runway load:
    Runway 1:   74 aircraft  B=19083.00  seq=[5, 1, 7, 6, 9, 10,...]
    Runway 2:   76 aircraft  B=18950.00  seq=[2, 0, 3, 8, 4, 11,...]
======================================================================
  ↳ airland10    m=2  LP=1279.78  gap=11.90%  ✓  (1.49s total)

  [Optuna] AIRLAND10 m=3 → 10 trials (TC proxy obj, 4 thread(s)) ...
  [Optuna] done in 20.36s  best: η=0.773 μ_TC=2.732 μ_late=0.876 μ_count=0.405 μ_sep=0.083

======================================================================
  AIRLAND10  |  n=150  |  m=3 runway(s)
======================================================================
  Runtime                  : 1.5567 s
  Parameters               : η=0.773 μ_TC=2.732 μ_late=0.876 μ_count=0.405 μ_sep=0.083
  Surrogate objective      : 63588.3800
  Earliest-time objective  : 63588.3800
  Stage-2 LP objective     : 258.4600
  Target-conflict proxy    : 324.0200
  Known optimum            : 205.2100
  Gap to optimum (LP)      : 25.95%
  Sequence feasibility     : PASS ✓
  LP feasibility           : PASS ✓
  Runway load:
    Runway 1:   50 aircraft  B=19083.00  seq=[5, 8, 10, 16, 17, 23,...]
    Runway 2:   49 aircraft  B=18939.00  seq=[2, 3, 6, 11, 14, 15,...]
    Runway 3:   51 aircraft  B=18512.00  seq=[0, 1, 7, 4, 9, 12,...]
======================================================================
  ↳ airland10    m=3  LP=258.46  gap=25.95%  ✓  (1.56s total)

  [Optuna] AIRLAND10 m=4 → 10 trials (TC proxy obj, 4 thread(s)) ...
  [Optuna] done in 22.87s  best: η=0.794 μ_TC=1.716 μ_late=0.667 μ_count=1.703 μ_sep=0.433

======================================================================
  AIRLAND10  |  n=150  |  m=4 runway(s)
======================================================================
  Runtime                  : 1.6547 s
  Parameters               : η=0.794 μ_TC=1.716 μ_late=0.667 μ_count=1.703 μ_sep=0.433
  Surrogate objective      : 67102.9700
  Earliest-time objective  : 67102.9700
  Stage-2 LP objective     : 34.2200
  Target-conflict proxy    : 42.9200
  Known optimum            : 34.2200
  Gap to optimum (LP)      : 0.00%
  Sequence feasibility     : PASS ✓
  LP feasibility           : PASS ✓
  Runway load:
    Runway 1:   37 aircraft  B=19083.00  seq=[5, 7, 11, 15, 17, 20,...]
    Runway 2:   38 aircraft  B=18939.00  seq=[3, 8, 10, 14, 18, 19,...]
    Runway 3:   38 aircraft  B=18532.00  seq=[2, 6, 12, 13, 30, 43,...]
    Runway 4:   37 aircraft  B=18512.00  seq=[0, 1, 4, 9, 16, 23,...]
======================================================================
  ↳ airland10    m=4  LP=34.22  gap=0.00%  ✓  (1.65s total)

  [Optuna] AIRLAND10 m=5 → 10 trials (TC proxy obj, 4 thread(s)) ...
  [Optuna] done in 23.58s  best: η=0.564 μ_TC=3.269 μ_late=0.365 μ_count=2.447 μ_sep=0.162

======================================================================
  AIRLAND10  |  n=150  |  m=5 runway(s)
======================================================================
  Runtime                  : 1.8245 s
  Parameters               : η=0.564 μ_TC=3.269 μ_late=0.365 μ_count=2.447 μ_sep=0.162
  Surrogate objective      : 67062.6300
  Earliest-time objective  : 67062.6300
  Stage-2 LP objective     : 0.0000
  Target-conflict proxy    : 0.0000
  Known optimum            : 0.0000
  Gap to optimum (LP)      : 0.00%
  Sequence feasibility     : PASS ✓
  LP feasibility           : PASS ✓
  Runway load:
    Runway 1:   30 aircraft  B=19083.00  seq=[11, 15, 17, 21, 25, 24,...]
    Runway 2:   30 aircraft  B=18939.00  seq=[3, 7, 14, 16, 18, 19,...]
    Runway 3:   30 aircraft  B=18442.00  seq=[2, 6, 30, 47, 62, 59,...]
    Runway 4:   30 aircraft  B=18512.00  seq=[5, 8, 9, 12, 27, 32,...]
    Runway 5:   30 aircraft  B=18481.00  seq=[0, 1, 4, 10, 13, 23,...]
======================================================================
  ↳ airland10    m=5  LP=0.00  gap=0.00%  ✓  (1.82s total)

  [Optuna] AIRLAND11 m=3 → 10 trials (TC proxy obj, 4 thread(s)) ...
  [Optuna] done in 35.79s  best: η=0.733 μ_TC=2.754 μ_late=1.607 μ_count=0.305 μ_sep=0.241

======================================================================
  AIRLAND11  |  n=200  |  m=3 runway(s)
======================================================================
  Runtime                  : 2.6464 s
  Parameters               : η=0.733 μ_TC=2.754 μ_late=1.607 μ_count=0.305 μ_sep=0.241
  Surrogate objective      : 91919.8400
  Earliest-time objective  : 91919.8400
  Stage-2 LP objective     : 312.8600
  Target-conflict proxy    : 390.7450
  Known optimum            : 253.0700
  Gap to optimum (LP)      : 23.63%
  Sequence feasibility     : PASS ✓
  LP feasibility           : PASS ✓
  Runway load:
    Runway 1:   67 aircraft  B=23527.00  seq=[2, 7, 5, 8, 11, 12,...]
    Runway 2:   67 aircraft  B=23793.00  seq=[0, 4, 1, 10, 16, 22,...]
    Runway 3:   66 aircraft  B=23999.00  seq=[3, 9, 6, 13, 17, 20,...]
======================================================================
  ↳ airland11    m=3  LP=312.86  gap=23.63%  ✓  (2.65s total)

  [Optuna] AIRLAND11 m=2 → 10 trials (TC proxy obj, 4 thread(s)) ...
  [Optuna] done in 38.54s  best: η=0.530 μ_TC=2.408 μ_late=1.362 μ_count=1.895 μ_sep=0.002

======================================================================
  AIRLAND11  |  n=200  |  m=2 runway(s)
======================================================================
  Runtime                  : 2.5918 s
  Parameters               : η=0.530 μ_TC=2.408 μ_late=1.362 μ_count=1.895 μ_sep=0.002
  Surrogate objective      : 80462.4900
  Earliest-time objective  : 80462.4900
  Stage-2 LP objective     : 1544.8700
  Target-conflict proxy    : 1813.5550
  Known optimum            : 1330.9100
  Gap to optimum (LP)      : 16.08%
  Sequence feasibility     : PASS ✓
  LP feasibility           : PASS ✓
  Runway load:
    Runway 1:  101 aircraft  B=23714.00  seq=[2, 7, 3, 9, 8, 11,...]
    Runway 2:   99 aircraft  B=23999.00  seq=[0, 4, 1, 5, 10, 6,...]
======================================================================
  ↳ airland11    m=2  LP=1544.87  gap=16.08%  ✓  (2.59s total)

  [Optuna] AIRLAND11 m=4 → 10 trials (TC proxy obj, 4 thread(s)) ...
  [Optuna] done in 35.70s  best: η=0.314 μ_TC=4.472 μ_late=1.543 μ_count=2.700 μ_sep=0.146

======================================================================
  AIRLAND11  |  n=200  |  m=4 runway(s)
======================================================================
  Runtime                  : 2.8465 s
  Parameters               : η=0.314 μ_TC=4.472 μ_late=1.543 μ_count=2.700 μ_sep=0.146
  Surrogate objective      : 93843.9300
  Earliest-time objective  : 93843.9300
  Stage-2 LP objective     : 54.5300
  Target-conflict proxy    : 66.9350
  Known optimum            : 54.5300
  Gap to optimum (LP)      : 0.00%
  Sequence feasibility     : PASS ✓
  LP feasibility           : PASS ✓
  Runway load:
    Runway 1:   50 aircraft  B=23793.00  seq=[3, 6, 11, 12, 14, 15,...]
    Runway 2:   50 aircraft  B=23527.00  seq=[7, 9, 18, 22, 37, 35,...]
    Runway 3:   50 aircraft  B=23714.00  seq=[0, 4, 1, 10, 8, 13,...]
    Runway 4:   50 aircraft  B=23999.00  seq=[2, 5, 17, 19, 28, 26,...]
======================================================================
  ↳ airland11    m=4  LP=54.53  gap=0.00%  ✓  (2.85s total)

  [Optuna] AIRLAND11 m=5 → 10 trials (TC proxy obj, 4 thread(s)) ...
  [Optuna] done in 37.46s  best: η=0.404 μ_TC=0.584 μ_late=1.830 μ_count=1.315 μ_sep=0.020

======================================================================
  AIRLAND11  |  n=200  |  m=5 runway(s)
======================================================================
  Runtime                  : 2.8650 s
  Parameters               : η=0.404 μ_TC=0.584 μ_late=1.830 μ_count=1.315 μ_sep=0.020
  Surrogate objective      : 96344.1600
  Earliest-time objective  : 96344.1600
  Stage-2 LP objective     : 0.0000
  Target-conflict proxy    : 0.0000
  Known optimum            : 0.0000
  Gap to optimum (LP)      : 0.00%
  Sequence feasibility     : PASS ✓
  LP feasibility           : PASS ✓
  Runway load:
    Runway 1:   40 aircraft  B=23645.00  seq=[2, 4, 5, 12, 14, 15,...]
    Runway 2:   40 aircraft  B=23615.00  seq=[0, 7, 9, 8, 16, 24,...]
    Runway 3:   40 aircraft  B=20702.00  seq=[10, 13, 17, 22, 27, 25,...]
    Runway 4:   40 aircraft  B=23999.00  seq=[1, 20, 32, 57, 59, 72,...]
    Runway 5:   40 aircraft  B=23714.00  seq=[3, 6, 11, 18, 19, 29,...]
======================================================================
  ↳ airland11    m=5  LP=0.00  gap=0.00%  ✓  (2.87s total)

  [Optuna] AIRLAND10 m=1 → 10 trials (TC proxy obj, 4 thread(s)) ...
  [Optuna] done in 69.49s  best: η=0.757 μ_TC=4.110 μ_late=0.113 μ_count=0.541 μ_sep=0.460

======================================================================
  AIRLAND10  |  n=150  |  m=1 runway(s)
======================================================================
  Runtime                  : 5.3571 s
  Parameters               : η=0.757 μ_TC=4.110 μ_late=0.113 μ_count=0.541 μ_sep=0.460
  Surrogate objective      : 38988.9500
  Earliest-time objective  : 38988.9500
  Stage-2 LP objective     : 19458.0800
  Target-conflict proxy    : 8412.0800
  Known optimum            : 12821.1200
  Gap to optimum (LP)      : 51.77%
  Sequence feasibility     : PASS ✓
  LP feasibility           : PASS ✓
  Runway load:
    Runway 1:  150 aircraft  B=19173.00  seq=[2, 5, 0, 3, 1, 7,...]
======================================================================
  ↳ airland10    m=1  LP=19458.08  gap=51.77%  ✓  (5.36s total)

  [Optuna] AIRLAND12 m=2 → 10 trials (TC proxy obj, 4 thread(s)) ...
  [Optuna] done in 63.26s  best: η=0.536 μ_TC=2.500 μ_late=1.882 μ_count=2.811 μ_sep=0.186

======================================================================
  AIRLAND12  |  n=250  |  m=2 runway(s)
======================================================================
  Runtime                  : 4.5684 s
  Parameters               : η=0.536 μ_TC=2.500 μ_late=1.882 μ_count=2.811 μ_sep=0.186
  Surrogate objective      : 93911.3900
  Earliest-time objective  : 93911.3900
  Stage-2 LP objective     : 2167.1300
  Target-conflict proxy    : 2213.6300
  Known optimum            : 1695.6200
  Gap to optimum (LP)      : 27.81%
  Sequence feasibility     : PASS ✓
  LP feasibility           : PASS ✓
  Runway load:
    Runway 1:  124 aircraft  B=28914.00  seq=[0, 3, 4, 6, 9, 10,...]
    Runway 2:  126 aircraft  B=28793.00  seq=[1, 2, 5, 7, 8, 12,...]
======================================================================
  ↳ airland12    m=2  LP=2167.13  gap=27.81%  ✓  (4.57s total)

  [Optuna] AIRLAND12 m=3 → 10 trials (TC proxy obj, 4 thread(s)) ...
  [Optuna] done in 58.93s  best: η=0.415 μ_TC=4.624 μ_late=0.243 μ_count=2.590 μ_sep=0.284

======================================================================
  AIRLAND12  |  n=250  |  m=3 runway(s)
======================================================================
  Runtime                  : 4.0755 s
  Parameters               : η=0.415 μ_TC=4.624 μ_late=0.243 μ_count=2.590 μ_sep=0.284
  Surrogate objective      : 105508.7700
  Earliest-time objective  : 105508.7700
  Stage-2 LP objective     : 271.6000
  Target-conflict proxy    : 328.9650
  Known optimum            : 221.9700
  Gap to optimum (LP)      : 22.36%
  Sequence feasibility     : PASS ✓
  LP feasibility           : PASS ✓
  Runway load:
    Runway 1:   84 aircraft  B=28914.00  seq=[0, 3, 4, 9, 11, 15,...]
    Runway 2:   84 aircraft  B=28437.00  seq=[2, 6, 8, 12, 16, 21,...]
    Runway 3:   82 aircraft  B=28793.00  seq=[1, 5, 7, 10, 13, 14,...]
======================================================================
  ↳ airland12    m=3  LP=271.60  gap=22.36%  ✓  (4.08s total)

  [Optuna] AIRLAND12 m=4 → 10 trials (TC proxy obj, 4 thread(s)) ...
  [Optuna] done in 59.19s  best: η=0.254 μ_TC=2.792 μ_late=1.160 μ_count=2.117 μ_sep=0.127

======================================================================
  AIRLAND12  |  n=250  |  m=4 runway(s)
======================================================================
  Runtime                  : 4.4079 s
  Parameters               : η=0.254 μ_TC=2.792 μ_late=1.160 μ_count=2.117 μ_sep=0.127
  Surrogate objective      : 111317.1300
  Earliest-time objective  : 111317.1300
  Stage-2 LP objective     : 3.4900
  Target-conflict proxy    : 4.2700
  Known optimum            : 2.4400
  Gap to optimum (LP)      : 43.03%
  Sequence feasibility     : PASS ✓
  LP feasibility           : PASS ✓
  Runway load:
    Runway 1:   62 aircraft  B=28829.00  seq=[4, 9, 15, 19, 24, 27,...]
    Runway 2:   63 aircraft  B=28437.00  seq=[1, 7, 10, 12, 14, 20,...]
    Runway 3:   62 aircraft  B=28793.00  seq=[0, 3, 6, 8, 11, 16,...]
    Runway 4:   63 aircraft  B=28341.00  seq=[2, 5, 13, 17, 18, 22,...]
======================================================================
  ↳ airland12    m=4  LP=3.49  gap=43.03%  ✓  (4.41s total)

  [Optuna] AIRLAND12 m=5 → 10 trials (TC proxy obj, 4 thread(s)) ...
  [Optuna] done in 57.70s  best: η=0.235 μ_TC=1.592 μ_late=1.206 μ_count=2.837 μ_sep=0.105

======================================================================
  AIRLAND12  |  n=250  |  m=5 runway(s)
======================================================================
  Runtime                  : 4.2791 s
  Parameters               : η=0.235 μ_TC=1.592 μ_late=1.206 μ_count=2.837 μ_sep=0.105
  Surrogate objective      : 113421.0900
  Earliest-time objective  : 113421.0900
  Stage-2 LP objective     : 0.0000
  Target-conflict proxy    : 0.0000
  Known optimum            : 0.0000
  Gap to optimum (LP)      : 0.00%
  Sequence feasibility     : PASS ✓
  LP feasibility           : PASS ✓
  Runway load:
    Runway 1:   49 aircraft  B=28829.00  seq=[21, 32, 40, 39, 41, 46,...]
    Runway 2:   50 aircraft  B=28437.00  seq=[3, 7, 10, 20, 23, 26,...]
    Runway 3:   50 aircraft  B=28793.00  seq=[12, 15, 25, 28, 30, 43,...]
    Runway 4:   51 aircraft  B=28341.00  seq=[1, 2, 5, 6, 8, 13,...]
    Runway 5:   50 aircraft  B=27180.00  seq=[0, 4, 9, 11, 16, 19,...]
======================================================================
  ↳ airland12    m=5  LP=0.00  gap=0.00%  ✓  (4.28s total)

  [Optuna] AIRLAND2 m=1 → 30 trials (LP obj, 4 thread(s)) ...
  [Optuna] done in 1.33s  best: η=0.491 μ_TC=4.626 μ_late=1.454 μ_count=2.400 μ_sep=0.296

======================================================================
  AIRLAND2  |  n=15  |  m=1 runway(s)
======================================================================
  Runtime                  : 0.0269 s
  Parameters               : η=0.491 μ_TC=4.626 μ_late=1.454 μ_count=2.400 μ_sep=0.296
  Surrogate objective      : 4520.0000
  Earliest-time objective  : 4520.0000
  Stage-2 LP objective     : 1500.0000
  Target-conflict proxy    : 1020.0000
  Known optimum            : 1480.0000
  Gap to optimum (LP)      : 1.35%
  Sequence feasibility     : PASS ✓
  LP feasibility           : PASS ✓
  Runway load:
    Runway 1:   15 aircraft  B=276.00  seq=[2, 3, 4, 5, 7, 6,...]
======================================================================
  ↳ airland2     m=1  LP=1500.00  gap=1.35%  ✓  (0.03s total)

  [Optuna] AIRLAND2 m=2 → 30 trials (LP obj, 4 thread(s)) ...
  [Optuna] done in 0.80s  best: η=0.724 μ_TC=0.724 μ_late=0.681 μ_count=1.042 μ_sep=0.188

======================================================================
  AIRLAND2  |  n=15  |  m=2 runway(s)
======================================================================
  Runtime                  : 0.0250 s
  Parameters               : η=0.724 μ_TC=0.724 μ_late=0.681 μ_count=1.042 μ_sep=0.188
  Surrogate objective      : 6690.0000
  Earliest-time objective  : 6690.0000
  Stage-2 LP objective     : 210.0000
  Target-conflict proxy    : 210.0000
  Known optimum            : 210.0000
  Gap to optimum (LP)      : 0.00%
  Sequence feasibility     : PASS ✓
  LP feasibility           : PASS ✓
  Runway load:
    Runway 1:    8 aircraft  B=266.00  seq=[2, 4, 7, 6, 9, 12,...]
    Runway 2:    7 aircraft  B=276.00  seq=[3, 5, 8, 0, 13, 11,...]
======================================================================
  ↳ airland2     m=2  LP=210.00  gap=0.00%  ✓  (0.03s total)

  [Optuna] AIRLAND2 m=3 → 30 trials (LP obj, 4 thread(s)) ...
  [Optuna] done in 0.66s  best: η=0.268 μ_TC=4.604 μ_late=1.425 μ_count=1.065 μ_sep=0.189

======================================================================
  AIRLAND2  |  n=15  |  m=3 runway(s)
======================================================================
  Runtime                  : 0.0132 s
  Parameters               : η=0.268 μ_TC=4.604 μ_late=1.425 μ_count=1.065 μ_sep=0.189
  Surrogate objective      : 6880.0000
  Earliest-time objective  : 6880.0000
  Stage-2 LP objective     : 0.0000
  Target-conflict proxy    : 0.0000
  Known optimum            : 0.0000
  Gap to optimum (LP)      : 0.00%
  Sequence feasibility     : PASS ✓
  LP feasibility           : PASS ✓
  Runway load:
    Runway 1:    5 aircraft  B=160.00  seq=[2, 7, 8, 9, 12]
    Runway 2:    5 aircraft  B=266.00  seq=[3, 4, 6, 13, 10]
    Runway 3:    5 aircraft  B=276.00  seq=[5, 0, 1, 11, 14]
======================================================================
  ↳ airland2     m=3  LP=0.00  gap=0.00%  ✓  (0.01s total)

  [Optuna] AIRLAND3 m=1 → 30 trials (LP obj, 4 thread(s)) ...
  [Optuna] done in 2.26s  best: η=0.362 μ_TC=0.697 μ_late=1.114 μ_count=1.918 μ_sep=0.401

======================================================================
  AIRLAND3  |  n=20  |  m=1 runway(s)
======================================================================
  Runtime                  : 0.0705 s
  Parameters               : η=0.362 μ_TC=0.697 μ_late=1.114 μ_count=1.918 μ_sep=0.401
  Surrogate objective      : 7260.0000
  Earliest-time objective  : 7260.0000
  Stage-2 LP objective     : 820.0000
  Target-conflict proxy    : 1410.0000
  Known optimum            : 820.0000
  Gap to optimum (LP)      : 0.00%
  Sequence feasibility     : PASS ✓
  LP feasibility           : PASS ✓
  Runway load:
    Runway 1:   20 aircraft  B=310.00  seq=[0, 5, 7, 3, 11, 9,...]
======================================================================
  ↳ airland3     m=1  LP=820.00  gap=0.00%  ✓  (0.07s total)

  [Optuna] AIRLAND3 m=2 → 30 trials (LP obj, 4 thread(s)) ...
  [Optuna] done in 1.40s  best: η=0.684 μ_TC=3.613 μ_late=1.552 μ_count=1.698 μ_sep=0.334

======================================================================
  AIRLAND3  |  n=20  |  m=2 runway(s)
======================================================================
  Runtime                  : 0.0254 s
  Parameters               : η=0.684 μ_TC=3.613 μ_late=1.552 μ_count=1.698 μ_sep=0.334
  Surrogate objective      : 9290.0000
  Earliest-time objective  : 9290.0000
  Stage-2 LP objective     : 60.0000
  Target-conflict proxy    : 60.0000
  Known optimum            : 60.0000
  Gap to optimum (LP)      : 0.00%
  Sequence feasibility     : PASS ✓
  LP feasibility           : PASS ✓
  Runway load:
    Runway 1:   10 aircraft  B=310.00  seq=[0, 7, 3, 11, 8, 10,...]
    Runway 2:   10 aircraft  B=269.00  seq=[5, 9, 2, 1, 6, 14,...]
======================================================================
  ↳ airland3     m=2  LP=60.00  gap=0.00%  ✓  (0.03s total)

  [Optuna] AIRLAND3 m=3 → 30 trials (LP obj, 4 thread(s)) ...
  [Optuna] done in 1.59s  best: η=0.709 μ_TC=4.770 μ_late=0.715 μ_count=2.866 μ_sep=0.329

======================================================================
  AIRLAND3  |  n=20  |  m=3 runway(s)
======================================================================
  Runtime                  : 0.0263 s
  Parameters               : η=0.709 μ_TC=4.770 μ_late=0.715 μ_count=2.866 μ_sep=0.329
  Surrogate objective      : 9630.0000
  Earliest-time objective  : 9630.0000
  Stage-2 LP objective     : 0.0000
  Target-conflict proxy    : 0.0000
  Known optimum            : 0.0000
  Gap to optimum (LP)      : 0.00%
  Sequence feasibility     : PASS ✓
  LP feasibility           : PASS ✓
  Runway load:
    Runway 1:    7 aircraft  B=310.00  seq=[0, 5, 9, 10, 18, 12,...]
    Runway 2:    6 aircraft  B=250.00  seq=[7, 3, 11, 19, 4, 13]
    Runway 3:    7 aircraft  B=269.00  seq=[8, 2, 1, 6, 14, 17,...]
======================================================================
  ↳ airland3     m=3  LP=0.00  gap=0.00%  ✓  (0.03s total)

  [Optuna] AIRLAND4 m=1 → 30 trials (LP obj, 4 thread(s)) ...
  [Optuna] done in 2.39s  best: η=0.646 μ_TC=4.653 μ_late=0.828 μ_count=1.037 μ_sep=0.358

======================================================================
  AIRLAND4  |  n=20  |  m=1 runway(s)
======================================================================
  Runtime                  : 0.0596 s
  Parameters               : η=0.646 μ_TC=4.653 μ_late=0.828 μ_count=1.037 μ_sep=0.358
  Surrogate objective      : 5610.0000
  Earliest-time objective  : 5610.0000
  Stage-2 LP objective     : 2520.0000
  Target-conflict proxy    : 2520.0000
  Known optimum            : 2520.0000
  Gap to optimum (LP)      : 0.00%
  Sequence feasibility     : PASS ✓
  LP feasibility           : PASS ✓
  Runway load:
    Runway 1:   20 aircraft  B=286.00  seq=[0, 1, 4, 8, 7, 5,...]
======================================================================
  ↳ airland4     m=1  LP=2520.00  gap=0.00%  ✓  (0.06s total)

  [Optuna] AIRLAND4 m=2 → 30 trials (LP obj, 4 thread(s)) ...
  [Optuna] done in 1.62s  best: η=0.511 μ_TC=3.612 μ_late=0.246 μ_count=1.818 μ_sep=0.357

======================================================================
  AIRLAND4  |  n=20  |  m=2 runway(s)
======================================================================
  Runtime                  : 0.0254 s
  Parameters               : η=0.511 μ_TC=3.612 μ_late=0.246 μ_count=1.818 μ_sep=0.357
  Surrogate objective      : 8380.0000
  Earliest-time objective  : 8380.0000
  Stage-2 LP objective     : 640.0000
  Target-conflict proxy    : 640.0000
  Known optimum            : 640.0000
  Gap to optimum (LP)      : 0.00%
  Sequence feasibility     : PASS ✓
  LP feasibility           : PASS ✓
  Runway load:
    Runway 1:   10 aircraft  B=286.00  seq=[0, 4, 8, 6, 12, 11,...]
    Runway 2:   10 aircraft  B=238.00  seq=[1, 7, 5, 15, 18, 16,...]
======================================================================
  ↳ airland4     m=2  LP=640.00  gap=0.00%  ✓  (0.03s total)

  [Optuna] AIRLAND4 m=3 → 30 trials (LP obj, 4 thread(s)) ...
  [Optuna] done in 1.39s  best: η=0.408 μ_TC=1.272 μ_late=0.302 μ_count=2.535 μ_sep=0.489

======================================================================
  AIRLAND4  |  n=20  |  m=3 runway(s)
======================================================================
  Runtime                  : 0.0327 s
  Parameters               : η=0.408 μ_TC=1.272 μ_late=0.302 μ_count=2.535 μ_sep=0.489
  Surrogate objective      : 9050.0000
  Earliest-time objective  : 9050.0000
  Stage-2 LP objective     : 140.0000
  Target-conflict proxy    : 160.0000
  Known optimum            : 130.0000
  Gap to optimum (LP)      : 7.69%
  Sequence feasibility     : PASS ✓
  LP feasibility           : PASS ✓
  Runway load:
    Runway 1:    7 aircraft  B=232.00  seq=[4, 8, 6, 12, 17, 3,...]
    Runway 2:    7 aircraft  B=235.00  seq=[1, 7, 15, 16, 2, 9,...]
    Runway 3:    6 aircraft  B=286.00  seq=[0, 5, 11, 18, 14, 19]
======================================================================
  ↳ airland4     m=3  LP=140.00  gap=7.69%  ✓  (0.03s total)

  [Optuna] AIRLAND4 m=4 → 30 trials (LP obj, 4 thread(s)) ...
  [Optuna] done in 1.40s  best: η=0.443 μ_TC=2.683 μ_late=0.492 μ_count=0.557 μ_sep=0.186

======================================================================
  AIRLAND4  |  n=20  |  m=4 runway(s)
======================================================================
  Runtime                  : 0.0333 s
  Parameters               : η=0.443 μ_TC=2.683 μ_late=0.492 μ_count=0.557 μ_sep=0.186
  Surrogate objective      : 9270.0000
  Earliest-time objective  : 9270.0000
  Stage-2 LP objective     : 60.0000
  Target-conflict proxy    : 60.0000
  Known optimum            : 0.0000
  Gap to optimum (LP)      : ∞
  Sequence feasibility     : PASS ✓
  LP feasibility           : PASS ✓
  Runway load:
    Runway 1:    5 aircraft  B=286.00  seq=[4, 7, 12, 17, 19]
    Runway 2:    5 aircraft  B=204.00  seq=[1, 6, 15, 16, 3]
    Runway 3:    5 aircraft  B=158.00  seq=[0, 8, 11, 18, 14]
    Runway 4:    5 aircraft  B=238.00  seq=[5, 2, 9, 13, 10]
======================================================================
  ↳ airland4     m=4  LP=60.00  gap=∞  ✓  (0.03s total)

  [Optuna] AIRLAND5 m=1 → 30 trials (LP obj, 4 thread(s)) ...
  [Optuna] done in 1.98s  best: η=0.646 μ_TC=1.090 μ_late=1.538 μ_count=1.112 μ_sep=0.305

======================================================================
  AIRLAND5  |  n=20  |  m=1 runway(s)
======================================================================
  Runtime                  : 0.0483 s
  Parameters               : η=0.646 μ_TC=1.090 μ_late=1.538 μ_count=1.112 μ_sep=0.305
  Surrogate objective      : 6220.0000
  Earliest-time objective  : 6220.0000
  Stage-2 LP objective     : 3100.0000
  Target-conflict proxy    : 4480.0000
  Known optimum            : 3100.0000
  Gap to optimum (LP)      : 0.00%
  Sequence feasibility     : PASS ✓
  LP feasibility           : PASS ✓
  Runway load:
    Runway 1:   20 aircraft  B=300.00  seq=[2, 3, 4, 7, 5, 6,...]
======================================================================
  ↳ airland5     m=1  LP=3100.00  gap=0.00%  ✓  (0.05s total)

  [Optuna] AIRLAND5 m=2 → 30 trials (LP obj, 4 thread(s)) ...
  [Optuna] done in 1.29s  best: η=0.607 μ_TC=0.251 μ_late=0.606 μ_count=0.585 μ_sep=0.258

======================================================================
  AIRLAND5  |  n=20  |  m=2 runway(s)
======================================================================
  Runtime                  : 0.0347 s
  Parameters               : η=0.607 μ_TC=0.251 μ_late=0.606 μ_count=0.585 μ_sep=0.258
  Surrogate objective      : 7740.0000
  Earliest-time objective  : 7740.0000
  Stage-2 LP objective     : 670.0000
  Target-conflict proxy    : 1270.0000
  Known optimum            : 650.0000
  Gap to optimum (LP)      : 3.08%
  Sequence feasibility     : PASS ✓
  LP feasibility           : PASS ✓
  Runway load:
    Runway 1:   10 aircraft  B=300.00  seq=[2, 7, 8, 9, 18, 12,...]
    Runway 2:   10 aircraft  B=240.00  seq=[3, 4, 5, 6, 0, 13,...]
======================================================================
  ↳ airland5     m=2  LP=670.00  gap=3.08%  ✓  (0.03s total)

  [Optuna] AIRLAND5 m=3 → 30 trials (LP obj, 4 thread(s)) ...
  [Optuna] done in 1.33s  best: η=0.225 μ_TC=3.786 μ_late=1.156 μ_count=0.648 μ_sep=0.193

======================================================================
  AIRLAND5  |  n=20  |  m=3 runway(s)
======================================================================
  Runtime                  : 0.0316 s
  Parameters               : η=0.225 μ_TC=3.786 μ_late=1.156 μ_count=0.648 μ_sep=0.193
  Surrogate objective      : 8890.0000
  Earliest-time objective  : 8890.0000
  Stage-2 LP objective     : 200.0000
  Target-conflict proxy    : 280.0000
  Known optimum            : 170.0000
  Gap to optimum (LP)      : 17.65%
  Sequence feasibility     : PASS ✓
  LP feasibility           : PASS ✓
  Runway load:
    Runway 1:    6 aircraft  B=162.00  seq=[2, 7, 9, 18, 12, 19]
    Runway 2:    7 aircraft  B=300.00  seq=[3, 4, 5, 8, 13, 16,...]
    Runway 3:    7 aircraft  B=245.00  seq=[6, 0, 17, 1, 11, 14,...]
======================================================================
  ↳ airland5     m=3  LP=200.00  gap=17.65%  ✓  (0.03s total)

  [Optuna] AIRLAND5 m=4 → 30 trials (LP obj, 4 thread(s)) ...
  [Optuna] done in 1.53s  best: η=0.794 μ_TC=2.427 μ_late=0.268 μ_count=0.468 μ_sep=0.207

======================================================================
  AIRLAND5  |  n=20  |  m=4 runway(s)
======================================================================
  Runtime                  : 0.0274 s
  Parameters               : η=0.794 μ_TC=2.427 μ_late=0.268 μ_count=0.468 μ_sep=0.207
  Surrogate objective      : 9190.0000
  Earliest-time objective  : 9190.0000
  Stage-2 LP objective     : 0.0000
  Target-conflict proxy    : 0.0000
  Known optimum            : 0.0000
  Gap to optimum (LP)      : 0.00%
  Sequence feasibility     : PASS ✓
  LP feasibility           : PASS ✓
  Runway load:
    Runway 1:    5 aircraft  B=162.00  seq=[2, 4, 8, 16, 19]
    Runway 2:    5 aircraft  B=300.00  seq=[3, 6, 13, 17, 15]
    Runway 3:    4 aircraft  B=146.00  seq=[7, 9, 18, 12]
    Runway 4:    6 aircraft  B=245.00  seq=[5, 0, 1, 11, 14, 10]
======================================================================
  ↳ airland5     m=4  LP=0.00  gap=0.00%  ✓  (0.03s total)

  [Optuna] AIRLAND6 m=1 → 30 trials (LP obj, 4 thread(s)) ...
  [Optuna] done in 2.47s  best: η=0.288 μ_TC=4.222 μ_late=0.683 μ_count=0.961 μ_sep=0.422

======================================================================
  AIRLAND6  |  n=30  |  m=1 runway(s)
======================================================================
  Runtime                  : 0.0860 s
  Parameters               : η=0.288 μ_TC=4.222 μ_late=0.683 μ_count=0.961 μ_sep=0.422
  Surrogate objective      : 24442.0000
  Earliest-time objective  : 24442.0000
  Stage-2 LP objective     : 24442.0000
  Target-conflict proxy    : 4218.0000
  Known optimum            : 24442.0000
  Gap to optimum (LP)      : 0.00%
  Sequence feasibility     : PASS ✓
  LP feasibility           : PASS ✓
  Runway load:
    Runway 1:   30 aircraft  B=3266.00  seq=[0, 1, 2, 3, 4, 5,...]
======================================================================
  ↳ airland6     m=1  LP=24442.00  gap=0.00%  ✓  (0.09s total)

  [Optuna] AIRLAND6 m=2 → 30 trials (LP obj, 4 thread(s)) ...
  [Optuna] done in 1.44s  best: η=0.524 μ_TC=0.676 μ_late=1.895 μ_count=2.555 μ_sep=0.262

======================================================================
  AIRLAND6  |  n=30  |  m=2 runway(s)
======================================================================
  Runtime                  : 0.0315 s
  Parameters               : η=0.524 μ_TC=0.676 μ_late=1.895 μ_count=2.555 μ_sep=0.262
  Surrogate objective      : 754.0000
  Earliest-time objective  : 754.0000
  Stage-2 LP objective     : 754.0000
  Target-conflict proxy    : 942.0000
  Known optimum            : 554.0000
  Gap to optimum (LP)      : 36.10%
  Sequence feasibility     : PASS ✓
  LP feasibility           : PASS ✓
  Runway load:
    Runway 1:   16 aircraft  B=3091.00  seq=[0, 2, 4, 6, 8, 9,...]
    Runway 2:   14 aircraft  B=3046.00  seq=[1, 3, 5, 7, 10, 11,...]
======================================================================
  ↳ airland6     m=2  LP=754.00  gap=36.10%  ✓  (0.03s total)

  [Optuna] AIRLAND6 m=3 → 30 trials (LP obj, 4 thread(s)) ...
  [Optuna] done in 1.56s  best: η=0.488 μ_TC=4.551 μ_late=1.441 μ_count=1.892 μ_sep=0.386

======================================================================
  AIRLAND6  |  n=30  |  m=3 runway(s)
======================================================================
  Runtime                  : 0.0361 s
  Parameters               : η=0.488 μ_TC=4.551 μ_late=1.441 μ_count=1.892 μ_sep=0.386
  Surrogate objective      : 48.0000
  Earliest-time objective  : 48.0000
  Stage-2 LP objective     : 48.0000
  Target-conflict proxy    : 42.0000
  Known optimum            : 0.0000
  Gap to optimum (LP)      : ∞
  Sequence feasibility     : PASS ✓
  LP feasibility           : PASS ✓
  Runway load:
    Runway 1:    9 aircraft  B=2074.00  seq=[0, 2, 5, 7, 11, 14,...]
    Runway 2:   11 aircraft  B=3091.00  seq=[1, 4, 8, 10, 12, 15,...]
    Runway 3:   10 aircraft  B=3046.00  seq=[3, 6, 9, 13, 19, 22,...]
======================================================================
  ↳ airland6     m=3  LP=48.00  gap=∞  ✓  (0.04s total)

  [Optuna] AIRLAND7 m=1 → 30 trials (LP obj, 4 thread(s)) ...
  [Optuna] done in 4.76s  best: η=0.339 μ_TC=4.031 μ_late=1.635 μ_count=0.321 μ_sep=0.223

======================================================================
  AIRLAND7  |  n=44  |  m=1 runway(s)
======================================================================
  Runtime                  : 0.1358 s
  Parameters               : η=0.339 μ_TC=4.031 μ_late=1.635 μ_count=0.321 μ_sep=0.223
  Surrogate objective      : 1550.0000
  Earliest-time objective  : 1550.0000
  Stage-2 LP objective     : 1550.0000
  Target-conflict proxy    : 147.0000
  Known optimum            : 1550.0000
  Gap to optimum (LP)      : 0.00%
  Sequence feasibility     : PASS ✓
  LP feasibility           : PASS ✓
  Runway load:
    Runway 1:   44 aircraft  B=4952.00  seq=[0, 1, 2, 3, 4, 5,...]
======================================================================
  ↳ airland7     m=1  LP=1550.00  gap=0.00%  ✓  (0.14s total)

  [Optuna] AIRLAND11 m=1 → 10 trials (TC proxy obj, 4 thread(s)) ...
  [Optuna] done in 142.82s  best: η=0.746 μ_TC=3.088 μ_late=0.300 μ_count=0.206 μ_sep=0.247

======================================================================
  AIRLAND11  |  n=200  |  m=1 runway(s)
======================================================================
  Runtime                  : 11.5225 s
  Parameters               : η=0.746 μ_TC=3.088 μ_late=0.300 μ_count=0.206 μ_sep=0.247
  Surrogate objective      : 41908.0700
  Earliest-time objective  : 41908.0700
  Stage-2 LP objective     : 14278.6300
  Target-conflict proxy    : 10727.7250
  Known optimum            : 12654.1800
  Gap to optimum (LP)      : 12.84%
  Sequence feasibility     : PASS ✓
  LP feasibility           : PASS ✓
  Runway load:
    Runway 1:  200 aircraft  B=24188.00  seq=[2, 0, 4, 7, 1, 3,...]
======================================================================
  ↳ airland11    m=1  LP=14278.63  gap=12.84%  ✓  (11.52s total)

  [Optuna] AIRLAND7 m=2 → 30 trials (LP obj, 4 thread(s)) ...
  [Optuna] done in 2.90s  best: η=0.229 μ_TC=0.441 μ_late=1.142 μ_count=0.715 μ_sep=0.370

======================================================================
  AIRLAND7  |  n=44  |  m=2 runway(s)
======================================================================
  Runtime                  : 0.0687 s
  Parameters               : η=0.229 μ_TC=0.441 μ_late=1.142 μ_count=0.715 μ_sep=0.370
  Surrogate objective      : 7712.0000
  Earliest-time objective  : 7712.0000
  Stage-2 LP objective     : 0.0000
  Target-conflict proxy    : 0.0000
  Known optimum            : 0.0000
  Gap to optimum (LP)      : 0.00%
  Sequence feasibility     : PASS ✓
  LP feasibility           : PASS ✓
  Runway load:
    Runway 1:   22 aircraft  B=4602.00  seq=[0, 1, 5, 6, 8, 9,...]
    Runway 2:   22 aircraft  B=4802.00  seq=[2, 3, 4, 7, 11, 12,...]
======================================================================
  ↳ airland7     m=2  LP=0.00  gap=0.00%  ✓  (0.07s total)

  [Optuna] AIRLAND8 m=2 → 30 trials (LP obj, 4 thread(s)) ...
  [Optuna] done in 15.63s  best: η=0.732 μ_TC=4.111 μ_late=1.358 μ_count=2.423 μ_sep=0.334

======================================================================
  AIRLAND8  |  n=50  |  m=2 runway(s)
======================================================================
  Runtime                  : 0.3787 s
  Parameters               : η=0.732 μ_TC=4.111 μ_late=1.358 μ_count=2.423 μ_sep=0.334
  Surrogate objective      : 80800.0000
  Earliest-time objective  : 80530.0000
  Stage-2 LP objective     : 135.0000
  Target-conflict proxy    : 220.0000
  Known optimum            : 135.0000
  Gap to optimum (LP)      : 0.00%
  Sequence feasibility     : PASS ✓
  LP feasibility           : PASS ✓
  Runway load:
    Runway 1:   26 aircraft  B=541.00  seq=[0, 7, 3, 9, 8, 10,...]
    Runway 2:   24 aircraft  B=620.00  seq=[5, 11, 18, 23, 17, 22,...]
======================================================================
  ↳ airland8     m=2  LP=135.00  gap=0.00%  ✓  (0.38s total)

  [Optuna] AIRLAND8 m=1 → 30 trials (LP obj, 4 thread(s)) ...
  [Optuna] done in 27.67s  best: η=0.575 μ_TC=0.154 μ_late=0.079 μ_count=0.207 μ_sep=0.460

======================================================================
  AIRLAND8  |  n=50  |  m=1 runway(s)
======================================================================
  Runtime                  : 0.7731 s
  Parameters               : η=0.575 μ_TC=0.154 μ_late=0.079 μ_count=0.207 μ_sep=0.460
  Surrogate objective      : 59250.0000
  Earliest-time objective  : 58930.0000
  Stage-2 LP objective     : 2020.0000
  Target-conflict proxy    : 2867.5000
  Known optimum            : 1950.0000
  Gap to optimum (LP)      : 3.59%
  Sequence feasibility     : PASS ✓
  LP feasibility           : PASS ✓
  Runway load:
    Runway 1:   50 aircraft  B=680.00  seq=[0, 5, 7, 3, 11, 9,...]
======================================================================
  ↳ airland8     m=1  LP=2020.00  gap=3.59%  ✓  (0.77s total)

  [Optuna] AIRLAND8 m=3 → 30 trials (LP obj, 4 thread(s)) ...
  [Optuna] done in 14.92s  best: η=0.490 μ_TC=3.755 μ_late=0.210 μ_count=1.108 μ_sep=0.256

======================================================================
  AIRLAND8  |  n=50  |  m=3 runway(s)
======================================================================
  Runtime                  : 0.3649 s
  Parameters               : η=0.490 μ_TC=3.755 μ_late=0.210 μ_count=1.108 μ_sep=0.256
  Surrogate objective      : 89305.0000
  Earliest-time objective  : 89305.0000
  Stage-2 LP objective     : 15.0000
  Target-conflict proxy    : 17.5000
  Known optimum            : 0.0000
  Gap to optimum (LP)      : ∞
  Sequence feasibility     : PASS ✓
  LP feasibility           : PASS ✓
  Runway load:
    Runway 1:   17 aircraft  B=541.00  seq=[0, 8, 10, 19, 1, 6,...]
    Runway 2:   17 aircraft  B=500.00  seq=[7, 3, 9, 2, 14, 4,...]
    Runway 3:   16 aircraft  B=594.00  seq=[5, 11, 18, 23, 16, 49,...]
======================================================================
  ↳ airland8     m=3  LP=15.00  gap=∞  ✓  (0.36s total)

  [Optuna] AIRLAND13 m=5 → 5 trials (TC proxy obj, 4 thread(s)) ...
  [Optuna] done in 111.28s  best: η=0.701 μ_TC=1.596 μ_late=0.492 μ_count=0.772 μ_sep=0.339

======================================================================
  AIRLAND13  |  n=500  |  m=5 runway(s)
======================================================================
  Runtime                  : 17.0020 s
  Parameters               : η=0.701 μ_TC=1.596 μ_late=0.492 μ_count=0.772 μ_sep=0.339
  Surrogate objective      : 221979.4700
  Earliest-time objective  : 221979.4700
  Stage-2 LP objective     : 1.0900
  Target-conflict proxy    : 1.6950
  Known optimum            : 0.0000
  Gap to optimum (LP)      : ∞
  Sequence feasibility     : PASS ✓
  LP feasibility           : PASS ✓
  Runway load:
    Runway 1:  101 aircraft  B=53826.00  seq=[1, 3, 8, 16, 19, 21,...]
    Runway 2:  101 aircraft  B=54236.00  seq=[5, 18, 41, 46, 48, 82,...]
    Runway 3:   99 aircraft  B=54204.00  seq=[6, 10, 12, 17, 20, 23,...]
    Runway 4:   99 aircraft  B=53659.00  seq=[24, 35, 44, 56, 55, 77,...]
    Runway 5:  100 aircraft  B=54583.00  seq=[0, 4, 2, 9, 7, 13,...]
======================================================================
  ↳ airland13    m=5  LP=1.09  gap=∞  ✓  (17.00s total)

  [Optuna] AIRLAND9 m=2 → 30 trials (LP obj, 4 thread(s)) ...
  [Optuna] done in 50.89s  best: η=0.653 μ_TC=3.170 μ_late=1.700 μ_count=0.822 μ_sep=0.219

======================================================================
  AIRLAND9  |  n=100  |  m=2 runway(s)
======================================================================
  Runtime                  : 1.5480 s
  Parameters               : η=0.653 μ_TC=3.170 μ_late=1.700 μ_count=0.822 μ_sep=0.219
  Surrogate objective      : 41168.1900
  Earliest-time objective  : 41168.1900
  Stage-2 LP objective     : 481.7100
  Target-conflict proxy    : 641.2800
  Known optimum            : 444.1000
  Gap to optimum (LP)      : 8.47%
  Sequence feasibility     : PASS ✓
  LP feasibility           : PASS ✓
  Runway load:
    Runway 1:   50 aircraft  B=12317.00  seq=[0, 1, 5, 2, 3, 8,...]
    Runway 2:   50 aircraft  B=12323.00  seq=[9, 7, 6, 4, 11, 10,...]
======================================================================
  ↳ airland9     m=2  LP=481.71  gap=8.47%  ✓  (1.55s total)

  [Optuna] AIRLAND13 m=4 → 5 trials (TC proxy obj, 4 thread(s)) ...
  [Optuna] done in 131.51s  best: η=0.339 μ_TC=2.534 μ_late=1.394 μ_count=2.935 μ_sep=0.435

======================================================================
  AIRLAND13  |  n=500  |  m=4 runway(s)
======================================================================
  Runtime                  : 20.3018 s
  Parameters               : η=0.339 μ_TC=2.534 μ_late=1.394 μ_count=2.935 μ_sep=0.435
  Surrogate objective      : 219426.4300
  Earliest-time objective  : 219426.4300
  Stage-2 LP objective     : 133.1100
  Target-conflict proxy    : 168.6250
  Known optimum            : 89.9500
  Gap to optimum (LP)      : 47.98%
  Sequence feasibility     : PASS ✓
  LP feasibility           : PASS ✓
  Runway load:
    Runway 1:  123 aircraft  B=53826.00  seq=[4, 6, 10, 12, 20, 23,...]
    Runway 2:  127 aircraft  B=54583.00  seq=[5, 2, 9, 7, 13, 19,...]
    Runway 3:  122 aircraft  B=54236.00  seq=[0, 1, 3, 8, 16, 17,...]
    Runway 4:  128 aircraft  B=54369.00  seq=[11, 15, 14, 25, 27, 29,...]
======================================================================
  ↳ airland13    m=4  LP=133.11  gap=47.98%  ✓  (20.30s total)

  [Optuna] AIRLAND13 m=3 → 5 trials (TC proxy obj, 4 thread(s)) ...
  [Optuna] done in 142.48s  best: η=0.349 μ_TC=3.411 μ_late=0.029 μ_count=0.810 μ_sep=0.245

======================================================================
  AIRLAND13  |  n=500  |  m=3 runway(s)
======================================================================
  Runtime                  : 21.5473 s
  Parameters               : η=0.349 μ_TC=3.411 μ_late=0.029 μ_count=0.810 μ_sep=0.245
  Surrogate objective      : 207877.0200
  Earliest-time objective  : 207877.0200
  Stage-2 LP objective     : 886.5200
  Target-conflict proxy    : 1060.1400
  Known optimum            : 673.8500
  Gap to optimum (LP)      : 31.56%
  Sequence feasibility     : PASS ✓
  LP feasibility           : PASS ✓
  Runway load:
    Runway 1:  167 aircraft  B=54583.00  seq=[0, 5, 3, 7, 12, 20,...]
    Runway 2:  167 aircraft  B=54204.00  seq=[4, 2, 9, 8, 13, 11,...]
    Runway 3:  166 aircraft  B=54236.00  seq=[1, 6, 10, 16, 17, 18,...]
======================================================================
  ↳ airland13    m=3  LP=886.52  gap=31.56%  ✓  (21.55s total)

  [Optuna] AIRLAND9 m=3 → 30 trials (LP obj, 4 thread(s)) ...
  [Optuna] done in 48.85s  best: η=0.372 μ_TC=0.568 μ_late=1.416 μ_count=1.895 μ_sep=0.001

======================================================================
  AIRLAND9  |  n=100  |  m=3 runway(s)
======================================================================
  Runtime                  : 1.3443 s
  Parameters               : η=0.372 μ_TC=0.568 μ_late=1.416 μ_count=1.895 μ_sep=0.001
  Surrogate objective      : 45488.6300
  Earliest-time objective  : 45488.6300
  Stage-2 LP objective     : 92.8100
  Target-conflict proxy    : 121.9150
  Known optimum            : 75.7500
  Gap to optimum (LP)      : 22.52%
  Sequence feasibility     : PASS ✓
  LP feasibility           : PASS ✓
  Runway load:
    Runway 1:   34 aircraft  B=12306.00  seq=[1, 5, 7, 6, 4, 10,...]
    Runway 2:   34 aircraft  B=12323.00  seq=[0, 2, 8, 12, 15, 14,...]
    Runway 3:   32 aircraft  B=11570.00  seq=[9, 3, 11, 13, 16, 22,...]
======================================================================
  ↳ airland9     m=3  LP=92.81  gap=22.52%  ✓  (1.34s total)

  [Optuna] AIRLAND9 m=4 → 30 trials (LP obj, 4 thread(s)) ...
  [Optuna] done in 45.90s  best: η=0.305 μ_TC=4.302 μ_late=1.976 μ_count=2.914 μ_sep=0.430

======================================================================
  AIRLAND9  |  n=100  |  m=4 runway(s)
======================================================================
  Runtime                  : 1.2677 s
  Parameters               : η=0.305 μ_TC=4.302 μ_late=1.976 μ_count=2.914 μ_sep=0.430
  Surrogate objective      : 46962.1000
  Earliest-time objective  : 46962.1000
  Stage-2 LP objective     : 0.0000
  Target-conflict proxy    : 0.0000
  Known optimum            : 0.0000
  Gap to optimum (LP)      : 0.00%
  Sequence feasibility     : PASS ✓
  LP feasibility           : PASS ✓
  Runway load:
    Runway 1:   25 aircraft  B=12323.00  seq=[0, 1, 5, 2, 6, 12,...]
    Runway 2:   26 aircraft  B=12306.00  seq=[7, 14, 32, 41, 45, 49,...]
    Runway 3:   24 aircraft  B=12136.00  seq=[8, 11, 17, 21, 27, 31,...]
    Runway 4:   25 aircraft  B=10930.00  seq=[9, 3, 4, 10, 13, 15,...]
======================================================================
  ↳ airland9     m=4  LP=0.00  gap=0.00%  ✓  (1.27s total)

  [Optuna] AIRLAND9 m=1 → 30 trials (LP obj, 4 thread(s)) ...
  [Optuna] done in 105.52s  best: η=0.255 μ_TC=0.215 μ_late=0.774 μ_count=1.639 μ_sep=0.003

======================================================================
  AIRLAND9  |  n=100  |  m=1 runway(s)
======================================================================
  Runtime                  : 3.0328 s
  Parameters               : η=0.255 μ_TC=0.215 μ_late=0.774 μ_count=1.639 μ_sep=0.003
  Surrogate objective      : 24471.1600
  Earliest-time objective  : 24471.1600
  Stage-2 LP objective     : 6115.6000
  Target-conflict proxy    : 6589.9100
  Known optimum            : 5611.7000
  Gap to optimum (LP)      : 8.98%
  Sequence feasibility     : PASS ✓
  LP feasibility           : PASS ✓
  Runway load:
    Runway 1:  100 aircraft  B=12385.00  seq=[0, 1, 3, 5, 2, 9,...]
======================================================================
  ↳ airland9     m=1  LP=6115.60  gap=8.98%  ✓  (3.03s total)

  [Optuna] AIRLAND12 m=1 → 10 trials (TC proxy obj, 4 thread(s)) ...
  [Optuna] done in 269.70s  best: η=0.221 μ_TC=4.531 μ_late=0.183 μ_count=2.573 μ_sep=0.229

======================================================================
  AIRLAND12  |  n=250  |  m=1 runway(s)
======================================================================
  Runtime                  : 21.6915 s
  Parameters               : η=0.221 μ_TC=4.531 μ_late=0.183 μ_count=2.573 μ_sep=0.229
  Surrogate objective      : 60846.5400
  Earliest-time objective  : 60846.5400
  Stage-2 LP objective     : 19552.9300
  Target-conflict proxy    : 12599.4850
  Known optimum            : 16629.1000
  Gap to optimum (LP)      : 17.58%
  Sequence feasibility     : PASS ✓
  LP feasibility           : PASS ✓
  Runway load:
    Runway 1:  250 aircraft  B=29276.00  seq=[1, 0, 2, 3, 5, 4,...]
======================================================================
  ↳ airland12    m=1  LP=19552.93  gap=17.58%  ✓  (21.69s total)

  [Optuna] AIRLAND13 m=2 → 5 trials (TC proxy obj, 4 thread(s)) ...
  [Optuna] done in 224.76s  best: η=0.486 μ_TC=2.788 μ_late=1.551 μ_count=0.862 μ_sep=0.214

======================================================================
  AIRLAND13  |  n=500  |  m=2 runway(s)
======================================================================
  Runtime                  : 32.2814 s
  Parameters               : η=0.486 μ_TC=2.788 μ_late=1.551 μ_count=0.862 μ_sep=0.214
  Surrogate objective      : 182805.9900
  Earliest-time objective  : 182805.9900
  Stage-2 LP objective     : 4659.6000
  Target-conflict proxy    : 5459.4850
  Known optimum            : 3943.8500
  Gap to optimum (LP)      : 18.15%
  Sequence feasibility     : PASS ✓
  LP feasibility           : PASS ✓
  Runway load:
    Runway 1:  250 aircraft  B=54369.00  seq=[1, 5, 2, 6, 9, 10,...]
    Runway 2:  250 aircraft  B=54583.00  seq=[0, 4, 3, 7, 8, 13,...]
======================================================================
  ↳ airland13    m=2  LP=4659.60  gap=18.15%  ✓  (32.28s total)

  [Optuna] AIRLAND13 m=1 → 5 trials (TC proxy obj, 4 thread(s)) ...
  [Optuna] done in 1072.46s  best: η=0.220 μ_TC=3.810 μ_late=0.396 μ_count=0.430 μ_sep=0.160

======================================================================
  AIRLAND13  |  n=500  |  m=1 runway(s)
======================================================================
  Runtime                  : 197.6145 s
  Parameters               : η=0.220 μ_TC=3.810 μ_late=0.396 μ_count=0.430 μ_sep=0.160
  Surrogate objective      : 108218.5700
  Earliest-time objective  : 108218.5700
  Stage-2 LP objective     : 45166.5700
  Target-conflict proxy    : 28308.7350
  Known optimum            : 39516.3400
  Gap to optimum (LP)      : 14.30%
  Sequence feasibility     : PASS ✓
  LP feasibility           : PASS ✓
  Runway load:
    Runway 1:  500 aircraft  B=54855.00  seq=[0, 1, 4, 5, 3, 2,...]
======================================================================
  ↳ airland13    m=1  LP=45166.57  gap=14.30%  ✓  (197.61s total)

=================================================================================
  TC-RBI  —  BATCH RESULTS
=================================================================================
        Instance    n   m        LP obj       Optimum        Gap%  Feas   Time(s)
---------------------------------------------------------------------------------
        airland1   10   1      700.0000      700.0000       0.00%     ✓    0.0068
        airland1   10   2       90.0000       90.0000       0.00%     ✓    0.0117
        airland1   10   3        0.0000        0.0000       0.00%     ✓    0.0050
       airland10  150   1    19458.0800    12821.1200      51.77%     ✓    5.3571
       airland10  150   2     1279.7800     1143.7000      11.90%     ✓    1.4914
       airland10  150   3      258.4600      205.2100      25.95%     ✓    1.5567
       airland10  150   4       34.2200       34.2200       0.00%     ✓    1.6547
       airland10  150   5        0.0000        0.0000       0.00%     ✓    1.8245
       airland11  200   1    14278.6300    12654.1800      12.84%     ✓   11.5225
       airland11  200   2     1544.8700     1330.9100      16.08%     ✓    2.5918
       airland11  200   3      312.8600      253.0700      23.63%     ✓    2.6464
       airland11  200   4       54.5300       54.5300       0.00%     ✓    2.8465
       airland11  200   5        0.0000        0.0000       0.00%     ✓    2.8650
       airland12  250   1    19552.9300    16629.1000      17.58%     ✓   21.6915
       airland12  250   2     2167.1300     1695.6200      27.81%     ✓    4.5684
       airland12  250   3      271.6000      221.9700      22.36%     ✓    4.0755
       airland12  250   4        3.4900        2.4400      43.03%     ✓    4.4079
       airland12  250   5        0.0000        0.0000       0.00%     ✓    4.2791
       airland13  500   1    45166.5700    39516.3400      14.30%     ✓  197.6145
       airland13  500   2     4659.6000     3943.8500      18.15%     ✓   32.2814
       airland13  500   3      886.5200      673.8500      31.56%     ✓   21.5473
       airland13  500   4      133.1100       89.9500      47.98%     ✓   20.3018
       airland13  500   5        1.0900        0.0000           ∞     ✓   17.0020
        airland2   15   1     1500.0000     1480.0000       1.35%     ✓    0.0269
        airland2   15   2      210.0000      210.0000       0.00%     ✓    0.0250
        airland2   15   3        0.0000        0.0000       0.00%     ✓    0.0132
        airland3   20   1      820.0000      820.0000       0.00%     ✓    0.0705
        airland3   20   2       60.0000       60.0000       0.00%     ✓    0.0254
        airland3   20   3        0.0000        0.0000       0.00%     ✓    0.0263
        airland4   20   1     2520.0000     2520.0000       0.00%     ✓    0.0596
        airland4   20   2      640.0000      640.0000       0.00%     ✓    0.0254
        airland4   20   3      140.0000      130.0000       7.69%     ✓    0.0327
        airland4   20   4       60.0000        0.0000           ∞     ✓    0.0333
        airland5   20   1     3100.0000     3100.0000       0.00%     ✓    0.0483
        airland5   20   2      670.0000      650.0000       3.08%     ✓    0.0347
        airland5   20   3      200.0000      170.0000      17.65%     ✓    0.0316
        airland5   20   4        0.0000        0.0000       0.00%     ✓    0.0274
        airland6   30   1    24442.0000    24442.0000       0.00%     ✓    0.0860
        airland6   30   2      754.0000      554.0000      36.10%     ✓    0.0315
        airland6   30   3       48.0000        0.0000           ∞     ✓    0.0361
        airland7   44   1     1550.0000     1550.0000       0.00%     ✓    0.1358
        airland7   44   2        0.0000        0.0000       0.00%     ✓    0.0687
        airland8   50   1     2020.0000     1950.0000       3.59%     ✓    0.7731
        airland8   50   2      135.0000      135.0000       0.00%     ✓    0.3787
        airland8   50   3       15.0000        0.0000           ∞     ✓    0.3649
        airland9  100   1     6115.6000     5611.7000       8.98%     ✓    3.0328
        airland9  100   2      481.7100      444.1000       8.47%     ✓    1.5480
        airland9  100   3       92.8100       75.7500      22.52%     ✓    1.3443
        airland9  100   4        0.0000        0.0000       0.00%     ✓    1.2677
=================================================================================
  Instances run  : 49
  Feasible       : 49/49
  Avg gap (opt>0): 13.18%  |  Max: 51.77%
=================================================================================
