==========================================================================
  MR-ALP Solver — TC-RBI + Parallel SA + VND + Path Relinking
  Workers       : 7 processes | 4 chains/job
  T_LIMIT       : 600s (adaptive, max 1200s)
  Elite pool    : max 20 solutions, min diversity 5
  Seed heuristics: FCFS, EDD, WEDD, ATC(K=2.5), ATCS(K1=2.0,K2=2.0), TC-RBI, CAF, WCC, GRASP[3, 7], MPDS(n≤150)
  Output dir    : MR_results
  Save results  : True  |  Save plots: True
  Accel         : Numba JIT, PyTorch GPU, matplotlib
  RBI tuning    : RBI Optuna ON (30 base trials)
  SA tuning     : SA Optuna ON (20 base trials)
==========================================================================
  Submitting 36 jobs to 7 workers...


  [SA Optuna] AIRLAND1 m=3 → 20 trials ...
  [SA Optuna] done in 16.0s  best: χ₀=0.925  M_stag=0.238  β=1.720  γ=0.1938  χ*=0.149
  Adaptive T_LIMIT: 60s  (seed_LP=0.00  BKS=0.0)
  [airland1 m=3] 11 seeds evaluated | 4 selected | N_iter=2000 | t_limit=60s
  SA params: χ₀=0.925  M_stag=0.238  β=1.720  γ=0.1938  χ*=0.149
    FCFS         raw=4130.0000  LP=0.0000 ← selected
    EDD          raw=4090.0000  LP=0.0000
    WEDD         raw=4070.0000  LP=0.0000
    ATC          raw=4070.0000  LP=0.0000
    ATCS         raw=4070.0000  LP=0.0000
    TC-RBI       raw=4130.0000  LP=0.0000 ← selected
    CAF          raw=4090.0000  LP=0.0000 ← selected
    WCC          raw=4070.0000  LP=0.0000
    GRASP-3      raw=4070.0000  LP=0.0000 ← selected
    GRASP-7      raw=4100.0000  LP=0.0000
    MPDS         raw=4070.0000  LP=0.0000

==========================================================================
  AIRLAND1  |  n=10  |  m=3 runway(s)
==========================================================================
  Runtime (SA+PR+VND total)  : 5.25 s
  TC-RBI params              : η=0.445 μ_TC=4.778 μ_late=0.060 μ_count=0.730 μ_sep=0.092
  SA params                  : χ₀=0.925  M_stag=0.238  β=1.720  γ=0.1938  χ*=0.149
  Best seed raw obj          : 4070.0000
  Best seed LP obj           : 0.0000
  SA+VND+PR final LP         : 0.0000
  Earliest-time objective    : 4130.0000
  BKS (opt=0)               : 0.0000
  Gap chain (raw→seed LP→SA) : ∞ → 0.00% → 0.00%
  Seed construct time        : 0.01 s
  Seed LP eval time          : 0.01 s
  Best seed LP achieved at   : 0.00 s (job-relative)
  SA dispatch offset         : 0.02 s
  Total time to best LP      : 0.00 s (job-relative)
  Elite pool size            : 4
  Path relinking improved    : No
  Seed portfolio             : 11 evaluated, 4 selected
  Sequence feasibility       : PASS ✓
  Runway load:
    Runway 1:    4 aircraft  seq=[2, 5, 0, 1]
    Runway 2:    3 aircraft  seq=[3, 6, 8]
    Runway 3:    3 aircraft  seq=[4, 7, 9]
==========================================================================
  ↳ airland1     m=3  seed=0.00  SA=0.00  gap=0.00%  ✓  ttb=0.0s  (5.3s) [tuned]  best_seed=FCFS

  [SA Optuna] AIRLAND2 m=3 → 20 trials ...
  [SA Optuna] done in 21.5s  best: χ₀=0.790  M_stag=0.261  β=1.817  γ=0.1862  χ*=0.136
  Adaptive T_LIMIT: 60s  (seed_LP=0.00  BKS=0.0)
  [airland2 m=3] 11 seeds evaluated | 4 selected | N_iter=2000 | t_limit=60s
  SA params: χ₀=0.790  M_stag=0.261  β=1.817  γ=0.1862  χ*=0.136
    FCFS         raw=6940.0000  LP=0.0000 ← selected
    EDD          raw=6940.0000  LP=0.0000
    TC-RBI       raw=6880.0000  LP=0.0000 ← selected
    CAF          raw=6820.0000  LP=0.0000 ← selected
    MPDS         raw=6940.0000  LP=0.0000
    GRASP-3      raw=6850.0000  LP=20.0000 ← selected
    GRASP-7      raw=6760.0000  LP=90.0000
    WEDD         raw=6740.0000  LP=110.0000
    ATC          raw=6740.0000  LP=110.0000
    ATCS         raw=6740.0000  LP=110.0000
    WCC          raw=6740.0000  LP=110.0000

==========================================================================
  AIRLAND2  |  n=15  |  m=3 runway(s)
==========================================================================
  Runtime (SA+PR+VND total)  : 6.34 s
  TC-RBI params              : η=0.268 μ_TC=4.604 μ_late=1.425 μ_count=1.065 μ_sep=0.189
  SA params                  : χ₀=0.790  M_stag=0.261  β=1.817  γ=0.1862  χ*=0.136
  Best seed raw obj          : 6820.0000
  Best seed LP obj           : 0.0000
  SA+VND+PR final LP         : 0.0000
  Earliest-time objective    : 6940.0000
  BKS (opt=0)               : 0.0000
  Gap chain (raw→seed LP→SA) : ∞ → 0.00% → 0.00%
  Seed construct time        : 0.06 s
  Seed LP eval time          : 0.01 s
  Best seed LP achieved at   : 0.00 s (job-relative)
  SA dispatch offset         : 0.08 s
  Total time to best LP      : 0.00 s (job-relative)
  Elite pool size            : 4
  Path relinking improved    : No
  Seed portfolio             : 11 evaluated, 4 selected
  Sequence feasibility       : PASS ✓
  Runway load:
    Runway 1:    5 aircraft  seq=[2, 5, 8, 13, 11]
    Runway 2:    5 aircraft  seq=[3, 6, 0, 12, 10]
    Runway 3:    5 aircraft  seq=[4, 7, 9, 1, 14]
==========================================================================
  ↳ airland2     m=3  seed=0.00  SA=0.00  gap=0.00%  ✓  ttb=0.0s  (6.3s) [tuned]  best_seed=FCFS

  [SA Optuna] AIRLAND1 m=2 → 20 trials ...
  [SA Optuna] done in 22.1s  best: χ₀=0.902  M_stag=0.189  β=2.421  γ=0.0311  χ*=0.245
  Adaptive T_LIMIT: 60s  (seed_LP=90.00  BKS=90.0)
  [airland1 m=2] 11 seeds evaluated | 4 selected | N_iter=2000 | t_limit=60s
  SA params: χ₀=0.902  M_stag=0.189  β=2.421  γ=0.0311  χ*=0.245
    FCFS         raw=4000.0000  LP=90.0000 ← selected
    EDD          raw=3990.0000  LP=90.0000 ← selected
    TC-RBI       raw=3990.0000  LP=90.0000 ← selected
    CAF          raw=4000.0000  LP=90.0000
    MPDS         raw=4000.0000  LP=90.0000
    GRASP-3      raw=3800.0000  LP=180.0000 ← selected
    GRASP-7      raw=3800.0000  LP=180.0000
    WEDD         raw=3920.0000  LP=190.0000
    ATC          raw=3920.0000  LP=190.0000
    ATCS         raw=3920.0000  LP=190.0000
    WCC          raw=3920.0000  LP=190.0000

==========================================================================
  AIRLAND1  |  n=10  |  m=2 runway(s)
==========================================================================
  Runtime (SA+PR+VND total)  : 5.94 s
  TC-RBI params              : η=0.571 μ_TC=2.324 μ_late=1.594 μ_count=1.422 μ_sep=0.376
  SA params                  : χ₀=0.902  M_stag=0.189  β=2.421  γ=0.0311  χ*=0.245
  Best seed raw obj          : 3800.0000
  Best seed LP obj           : 90.0000
  SA+VND+PR final LP         : 90.0000
  Earliest-time objective    : 4000.0000
  Reference / BKS           : 90.0000
  Gap chain (raw→seed LP→SA) : 4122.22% → 0.00% → 0.00%
  Seed construct time        : 0.02 s
  Seed LP eval time          : 0.01 s
  Best seed LP achieved at   : 0.00 s (job-relative)
  SA dispatch offset         : 0.03 s
  Total time to best LP      : 0.00 s (job-relative)
  Elite pool size            : 2
  Path relinking improved    : No
  Seed portfolio             : 11 evaluated, 4 selected
  Sequence feasibility       : PASS ✓
  Runway load:
    Runway 1:    5 aircraft  seq=[2, 4, 6, 0, 1]
    Runway 2:    5 aircraft  seq=[3, 5, 7, 8, 9]
==========================================================================
  ↳ airland1     m=2  seed=90.00  SA=90.00  gap=0.00%  ✓  ttb=0.0s  (5.9s) [tuned]  best_seed=FCFS

  [SA Optuna] AIRLAND3 m=3 → 20 trials ...
  [SA Optuna] done in 27.3s  best: χ₀=0.780  M_stag=0.183  β=1.504  γ=0.0762  χ*=0.123
  Adaptive T_LIMIT: 60s  (seed_LP=0.00  BKS=0.0)
  [airland3 m=3] 11 seeds evaluated | 4 selected | N_iter=2000 | t_limit=60s
  SA params: χ₀=0.780  M_stag=0.183  β=1.504  γ=0.0762  χ*=0.123
    FCFS         raw=9720.0000  LP=0.0000 ← selected
    EDD          raw=9720.0000  LP=0.0000 ← selected
    TC-RBI       raw=9630.0000  LP=0.0000 ← selected
    WEDD         raw=9570.0000  LP=40.0000 ← selected
    ATC          raw=9570.0000  LP=40.0000
    ATCS         raw=9570.0000  LP=40.0000
    WCC          raw=9570.0000  LP=40.0000
    GRASP-3      raw=9410.0000  LP=40.0000
    GRASP-7      raw=9570.0000  LP=40.0000
    CAF          raw=9700.0000  LP=60.0000
    MPDS         raw=9700.0000  LP=70.0000

==========================================================================
  AIRLAND3  |  n=20  |  m=3 runway(s)
==========================================================================
  Runtime (SA+PR+VND total)  : 7.37 s
  TC-RBI params              : η=0.709 μ_TC=4.770 μ_late=0.715 μ_count=2.866 μ_sep=0.329
  SA params                  : χ₀=0.780  M_stag=0.183  β=1.504  γ=0.0762  χ*=0.123
  Best seed raw obj          : 9570.0000
  Best seed LP obj           : 0.0000
  SA+VND+PR final LP         : 0.0000
  Earliest-time objective    : 9720.0000
  BKS (opt=0)               : 0.0000
  Gap chain (raw→seed LP→SA) : ∞ → 0.00% → 0.00%
  Seed construct time        : 0.14 s
  Seed LP eval time          : 0.02 s
  Best seed LP achieved at   : 0.00 s (job-relative)
  SA dispatch offset         : 0.16 s
  Total time to best LP      : 0.00 s (job-relative)
  Elite pool size            : 4
  Path relinking improved    : No
  Seed portfolio             : 11 evaluated, 4 selected
  Sequence feasibility       : PASS ✓
  Runway load:
    Runway 1:    7 aircraft  seq=[0, 3, 9, 2, 1, 14,...]
    Runway 2:    7 aircraft  seq=[5, 11, 10, 19, 4, 13,...]
    Runway 3:    6 aircraft  seq=[7, 8, 18, 6, 17, 16]
==========================================================================
  ↳ airland3     m=3  seed=0.00  SA=0.00  gap=0.00%  ✓  ttb=0.0s  (7.4s) [tuned]  best_seed=FCFS

  [SA Optuna] AIRLAND2 m=2 → 20 trials ...
  [SA Optuna] done in 30.2s  best: χ₀=0.666  M_stag=0.082  β=1.931  γ=0.1832  χ*=0.115
  Adaptive T_LIMIT: 60s  (seed_LP=210.00  BKS=210.0)
  [airland2 m=2] 11 seeds evaluated | 4 selected | N_iter=2000 | t_limit=60s
  SA params: χ₀=0.666  M_stag=0.082  β=1.931  γ=0.1832  χ*=0.115
    EDD          raw=6670.0000  LP=210.0000 ← selected
    TC-RBI       raw=6690.0000  LP=210.0000 ← selected
    CAF          raw=6620.0000  LP=210.0000 ← selected
    GRASP-3      raw=6670.0000  LP=210.0000 ← selected
    MPDS         raw=6690.0000  LP=210.0000
    FCFS         raw=6690.0000  LP=270.0000
    GRASP-7      raw=6550.0000  LP=290.0000
    WEDD         raw=6560.0000  LP=520.0000
    ATC          raw=6560.0000  LP=520.0000
    ATCS         raw=6560.0000  LP=520.0000
    WCC          raw=6560.0000  LP=520.0000

==========================================================================
  AIRLAND2  |  n=15  |  m=2 runway(s)
==========================================================================
  Runtime (SA+PR+VND total)  : 6.49 s
  TC-RBI params              : η=0.724 μ_TC=0.724 μ_late=0.681 μ_count=1.042 μ_sep=0.188
  SA params                  : χ₀=0.666  M_stag=0.082  β=1.931  γ=0.1832  χ*=0.115
  Best seed raw obj          : 6620.0000
  Best seed LP obj           : 210.0000
  SA+VND+PR final LP         : 210.0000
  Earliest-time objective    : 6670.0000
  Reference / BKS           : 210.0000
  Gap chain (raw→seed LP→SA) : 3052.38% → 0.00% → 0.00%
  Seed construct time        : 0.03 s
  Seed LP eval time          : 0.01 s
  Best seed LP achieved at   : 0.00 s (job-relative)
  SA dispatch offset         : 0.04 s
  Total time to best LP      : 0.00 s (job-relative)
  Elite pool size            : 4
  Path relinking improved    : No
  Seed portfolio             : 11 evaluated, 4 selected
  Sequence feasibility       : PASS ✓
  Runway load:
    Runway 1:    8 aircraft  seq=[2, 4, 7, 8, 0, 12,...]
    Runway 2:    7 aircraft  seq=[3, 5, 6, 9, 13, 1,...]
==========================================================================
  ↳ airland2     m=2  seed=210.00  SA=210.00  gap=0.00%  ✓  ttb=0.0s  (6.5s) [tuned]  best_seed=EDD

  [SA Optuna] AIRLAND3 m=2 → 20 trials ...
  [SA Optuna] done in 39.5s  best: χ₀=0.704  M_stag=0.227  β=2.042  γ=0.1895  χ*=0.222
  Adaptive T_LIMIT: 60s  (seed_LP=60.00  BKS=60.0)
  [airland3 m=2] 11 seeds evaluated | 4 selected | N_iter=2000 | t_limit=60s
  SA params: χ₀=0.704  M_stag=0.227  β=2.042  γ=0.1895  χ*=0.222
    TC-RBI       raw=9290.0000  LP=60.0000 ← selected
    GRASP-7      raw=9250.0000  LP=110.0000 ← selected
    EDD          raw=9490.0000  LP=120.0000 ← selected
    CAF          raw=9390.0000  LP=120.0000 ← selected
    FCFS         raw=9490.0000  LP=180.0000
    WEDD         raw=9230.0000  LP=210.0000
    ATC          raw=9230.0000  LP=210.0000
    ATCS         raw=9230.0000  LP=210.0000
    WCC          raw=9230.0000  LP=210.0000
    MPDS         raw=9000.0000  LP=360.0000
    GRASP-3      raw=8660.0000  LP=420.0000

==========================================================================
  AIRLAND3  |  n=20  |  m=2 runway(s)
==========================================================================
  Runtime (SA+PR+VND total)  : 8.66 s
  TC-RBI params              : η=0.684 μ_TC=3.613 μ_late=1.552 μ_count=1.698 μ_sep=0.334
  SA params                  : χ₀=0.704  M_stag=0.227  β=2.042  γ=0.1895  χ*=0.222
  Best seed raw obj          : 9250.0000
  Best seed LP obj           : 60.0000
  SA+VND+PR final LP         : 60.0000
  Earliest-time objective    : 9290.0000
  Reference / BKS           : 60.0000
  Gap chain (raw→seed LP→SA) : 15316.67% → 0.00% → 0.00%
  Seed construct time        : 0.06 s
  Seed LP eval time          : 0.01 s
  Best seed LP achieved at   : 0.03 s (job-relative)
  SA dispatch offset         : 0.07 s
  Total time to best LP      : 0.03 s (job-relative)
  Elite pool size            : 4
  Path relinking improved    : No
  Seed portfolio             : 11 evaluated, 4 selected
  Sequence feasibility       : PASS ✓
  Runway load:
    Runway 1:   10 aircraft  seq=[0, 7, 3, 11, 8, 10,...]
    Runway 2:   10 aircraft  seq=[5, 9, 2, 1, 6, 14,...]
==========================================================================
  ↳ airland3     m=2  seed=60.00  SA=60.00  gap=0.00%  ✓  ttb=0.0s  (8.7s) [tuned]  best_seed=TC-RBI

  [SA Optuna] AIRLAND4 m=2 → 20 trials ...
  [SA Optuna] done in 38.4s  best: χ₀=0.763  M_stag=0.242  β=1.426  γ=0.0409  χ*=0.219
  Adaptive T_LIMIT: 60s  (seed_LP=640.00  BKS=640.0)
  [airland4 m=2] 11 seeds evaluated | 4 selected | N_iter=2000 | t_limit=60s
  SA params: χ₀=0.763  M_stag=0.242  β=1.426  γ=0.0409  χ*=0.219
    EDD          raw=8440.0000  LP=640.0000 ← selected
    WEDD         raw=8440.0000  LP=640.0000
    ATC          raw=8440.0000  LP=640.0000
    ATCS         raw=8440.0000  LP=640.0000
    TC-RBI       raw=8380.0000  LP=640.0000 ← selected
    CAF          raw=8440.0000  LP=640.0000 ← selected
    GRASP-7      raw=8440.0000  LP=640.0000
    MPDS         raw=8430.0000  LP=640.0000 ← selected
    GRASP-3      raw=8250.0000  LP=720.0000
    FCFS         raw=7980.0000  LP=1380.0000
    WCC          raw=17410.0000  LP=11230.0000

==========================================================================
  AIRLAND4  |  n=20  |  m=2 runway(s)
==========================================================================
  Runtime (SA+PR+VND total)  : 10.32 s
  TC-RBI params              : η=0.511 μ_TC=3.612 μ_late=0.246 μ_count=1.818 μ_sep=0.357
  SA params                  : χ₀=0.763  M_stag=0.242  β=1.426  γ=0.0409  χ*=0.219
  Best seed raw obj          : 8380.0000
  Best seed LP obj           : 640.0000
  SA+VND+PR final LP         : 640.0000
  Earliest-time objective    : 8440.0000
  Reference / BKS           : 640.0000
  Gap chain (raw→seed LP→SA) : 1209.38% → 0.00% → 0.00%
  Seed construct time        : 0.06 s
  Seed LP eval time          : 0.01 s
  Best seed LP achieved at   : 0.00 s (job-relative)
  SA dispatch offset         : 0.07 s
  Total time to best LP      : 0.00 s (job-relative)
  Elite pool size            : 4
  Path relinking improved    : No
  Seed portfolio             : 11 evaluated, 4 selected
  Sequence feasibility       : PASS ✓
  Runway load:
    Runway 1:   10 aircraft  seq=[0, 4, 7, 6, 11, 18,...]
    Runway 2:   10 aircraft  seq=[1, 8, 5, 12, 15, 17,...]
==========================================================================
  ↳ airland4     m=2  seed=640.00  SA=640.00  gap=0.00%  ✓  ttb=0.0s  (10.3s) [tuned]  best_seed=EDD

  [SA Optuna] AIRLAND4 m=3 → 20 trials ...
  [SA Optuna] done in 28.9s  best: χ₀=0.580  M_stag=0.099  β=2.168  γ=0.0466  χ*=0.315
  Adaptive T_LIMIT: 1200s  (seed_LP=140.00  BKS=130.0)
  [airland4 m=3] 11 seeds evaluated | 4 selected | N_iter=2000 | t_limit=1200s
  SA params: χ₀=0.580  M_stag=0.099  β=2.168  γ=0.0466  χ*=0.315
    EDD          raw=9050.0000  LP=130.0000 ← selected
    WEDD         raw=9050.0000  LP=140.0000 ← selected
    ATC          raw=9050.0000  LP=140.0000
    ATCS         raw=9050.0000  LP=140.0000
    TC-RBI       raw=9050.0000  LP=140.0000 ← selected
    GRASP-3      raw=9000.0000  LP=180.0000 ← selected
    GRASP-7      raw=9050.0000  LP=190.0000
    CAF          raw=8990.0000  LP=200.0000
    MPDS         raw=9050.0000  LP=200.0000
    FCFS         raw=8790.0000  LP=460.0000
    WCC          raw=18170.0000  LP=10380.0000

==========================================================================
  AIRLAND4  |  n=20  |  m=3 runway(s)
==========================================================================
  Runtime (SA+PR+VND total)  : 7.64 s
  TC-RBI params              : η=0.408 μ_TC=1.272 μ_late=0.302 μ_count=2.535 μ_sep=0.489
  SA params                  : χ₀=0.580  M_stag=0.099  β=2.168  γ=0.0466  χ*=0.315
  Best seed raw obj          : 9000.0000
  Best seed LP obj           : 130.0000
  SA+VND+PR final LP         : 130.0000
  Earliest-time objective    : 9050.0000
  Reference / BKS           : 130.0000
  Gap chain (raw→seed LP→SA) : 6823.08% → 0.00% → 0.00%
  Seed construct time        : 0.14 s
  Seed LP eval time          : 0.01 s
  Best seed LP achieved at   : 0.00 s (job-relative)
  SA dispatch offset         : 0.15 s
  Total time to best LP      : 0.00 s (job-relative)
  Elite pool size            : 4
  Path relinking improved    : No
  Seed portfolio             : 11 evaluated, 4 selected
  Sequence feasibility       : PASS ✓
  Runway load:
    Runway 1:    7 aircraft  seq=[0, 8, 6, 15, 16, 3,...]
    Runway 2:    7 aircraft  seq=[1, 7, 12, 18, 14, 9,...]
    Runway 3:    6 aircraft  seq=[4, 5, 11, 17, 2, 13]
==========================================================================
  ↳ airland4     m=3  seed=130.00  SA=130.00  gap=0.00%  ✓  ttb=0.0s  (7.6s) [tuned]  best_seed=EDD

  [SA Optuna] AIRLAND4 m=4 → 20 trials ...
  [SA Optuna] done in 24.6s  best: χ₀=0.734  M_stag=0.106  β=2.062  γ=0.0286  χ*=0.294
  Adaptive T_LIMIT: 60s  (seed_LP=60.00  BKS=0.0)
  [airland4 m=4] 11 seeds evaluated | 4 selected | N_iter=2000 | t_limit=60s
  SA params: χ₀=0.734  M_stag=0.106  β=2.062  γ=0.0286  χ*=0.294
    EDD          raw=9330.0000  LP=0.0000 ← selected
    WEDD         raw=9330.0000  LP=0.0000 ← selected
    ATC          raw=9330.0000  LP=0.0000
    ATCS         raw=9330.0000  LP=0.0000
    MPDS         raw=9330.0000  LP=0.0000 ← selected
    CAF          raw=9260.0000  LP=10.0000 ← selected
    GRASP-7      raw=9320.0000  LP=20.0000
    TC-RBI       raw=9270.0000  LP=60.0000
    FCFS         raw=9120.0000  LP=240.0000
    GRASP-3      raw=9150.0000  LP=240.0000
    WCC          raw=17610.0000  LP=9440.0000

==========================================================================
  AIRLAND4  |  n=20  |  m=4 runway(s)
==========================================================================
  Runtime (SA+PR+VND total)  : 7.28 s
  TC-RBI params              : η=0.443 μ_TC=2.683 μ_late=0.492 μ_count=0.557 μ_sep=0.186
  SA params                  : χ₀=0.734  M_stag=0.106  β=2.062  γ=0.0286  χ*=0.294
  Best seed raw obj          : 9260.0000
  Best seed LP obj           : 0.0000
  SA+VND+PR final LP         : 0.0000
  Earliest-time objective    : 9330.0000
  BKS (opt=0)               : 0.0000
  Gap chain (raw→seed LP→SA) : ∞ → 0.00% → 0.00%
  Seed construct time        : 0.07 s
  Seed LP eval time          : 0.01 s
  Best seed LP achieved at   : 0.00 s (job-relative)
  SA dispatch offset         : 0.07 s
  Total time to best LP      : 0.00 s (job-relative)
  Elite pool size            : 4
  Path relinking improved    : No
  Seed portfolio             : 11 evaluated, 4 selected
  Sequence feasibility       : PASS ✓
  Runway load:
    Runway 1:    5 aircraft  seq=[0, 7, 11, 16, 9]
    Runway 2:    5 aircraft  seq=[1, 5, 15, 14, 13]
    Runway 3:    5 aircraft  seq=[4, 6, 18, 2, 10]
    Runway 4:    5 aircraft  seq=[8, 12, 17, 3, 19]
==========================================================================
  ↳ airland4     m=4  seed=0.00  SA=0.00  gap=0.00%  ✓  ttb=0.0s  (7.3s) [tuned]  best_seed=EDD

  [SA Optuna] AIRLAND6 m=3 → 20 trials ...
  [SA Optuna] done in 11.7s  best: χ₀=0.723  M_stag=0.214  β=2.233  γ=0.0653  χ*=0.163
  Adaptive T_LIMIT: 60s  (seed_LP=48.00  BKS=0.0)
  [airland6 m=3] 11 seeds evaluated | 4 selected | N_iter=2000 | t_limit=60s
  SA params: χ₀=0.723  M_stag=0.214  β=2.233  γ=0.0653  χ*=0.163
    EDD          raw=0.0000  LP=0.0000 ← selected
    GRASP-7      raw=3.0000  LP=3.0000 ← selected
    TC-RBI       raw=48.0000  LP=48.0000 ← selected
    FCFS         raw=68.0000  LP=68.0000 ← selected
    GRASP-3      raw=141.0000  LP=141.0000
    CAF          raw=177.0000  LP=177.0000
    MPDS         raw=222.0000  LP=222.0000
    ATCS         raw=477.0000  LP=477.0000
    ATC          raw=858.0000  LP=858.0000
    WCC          raw=6305.0000  LP=6305.0000
    WEDD         raw=inf  LP=inf

==========================================================================
  AIRLAND6  |  n=30  |  m=3 runway(s)
==========================================================================
  Runtime (SA+PR+VND total)  : 6.03 s
  TC-RBI params              : η=0.488 μ_TC=4.551 μ_late=1.441 μ_count=1.892 μ_sep=0.386
  SA params                  : χ₀=0.723  M_stag=0.214  β=2.233  γ=0.0653  χ*=0.163
  Best seed raw obj          : 0.0000
  Best seed LP obj           : 0.0000
  SA+VND+PR final LP         : 0.0000
  Earliest-time objective    : 0.0000
  BKS (opt=0)               : 0.0000
  Gap chain (raw→seed LP→SA) : 0.00% → 0.00% → 0.00%
  Seed construct time        : 0.07 s
  Seed LP eval time          : 0.01 s
  Best seed LP achieved at   : 0.00 s (job-relative)
  SA dispatch offset         : 0.08 s
  Total time to best LP      : 0.00 s (job-relative)
  Elite pool size            : 4
  Path relinking improved    : No
  Seed portfolio             : 11 evaluated, 4 selected
  Sequence feasibility       : PASS ✓
  Runway load:
    Runway 1:   10 aircraft  seq=[0, 3, 6, 9, 12, 15,...]
    Runway 2:   10 aircraft  seq=[1, 4, 7, 10, 13, 16,...]
    Runway 3:   10 aircraft  seq=[2, 5, 8, 11, 14, 17,...]
==========================================================================
  ↳ airland6     m=3  seed=0.00  SA=0.00  gap=0.00%  ✓  ttb=0.0s  (6.0s) [tuned]  best_seed=EDD

  [SA Optuna] AIRLAND6 m=2 → 20 trials ...
  [SA Optuna] done in 13.8s  best: χ₀=0.947  M_stag=0.182  β=2.294  γ=0.1455  χ*=0.266
  Adaptive T_LIMIT: 1200s  (seed_LP=754.00  BKS=554.0)
  [airland6 m=2] 11 seeds evaluated | 4 selected | N_iter=2000 | t_limit=1200s
  SA params: χ₀=0.947  M_stag=0.182  β=2.294  γ=0.1455  χ*=0.266
    GRASP-7      raw=701.0000  LP=701.0000 ← selected
    TC-RBI       raw=754.0000  LP=754.0000 ← selected
    CAF          raw=891.0000  LP=891.0000 ← selected
    EDD          raw=1011.0000  LP=1011.0000 ← selected
    GRASP-3      raw=1122.0000  LP=1122.0000
    FCFS         raw=1160.0000  LP=1160.0000
    MPDS         raw=1304.0000  LP=1304.0000
    WCC          raw=7574.0000  LP=7574.0000
    WEDD         raw=inf  LP=inf
    ATC          raw=inf  LP=inf
    ATCS         raw=inf  LP=inf

==========================================================================
  AIRLAND6  |  n=30  |  m=2 runway(s)
==========================================================================
  Runtime (SA+PR+VND total)  : 6.23 s
  TC-RBI params              : η=0.524 μ_TC=0.676 μ_late=1.895 μ_count=2.555 μ_sep=0.262
  SA params                  : χ₀=0.947  M_stag=0.182  β=2.294  γ=0.1455  χ*=0.266
  Best seed raw obj          : 701.0000
  Best seed LP obj           : 701.0000
  SA+VND+PR final LP         : 554.0000
  Earliest-time objective    : 554.0000
  Reference / BKS           : 554.0000
  Gap chain (raw→seed LP→SA) : 26.53% → 26.53% → 0.00%
  Seed construct time        : 0.07 s
  Seed LP eval time          : 0.01 s
  Best seed LP achieved at   : 0.05 s (job-relative)
  SA dispatch offset         : 0.08 s
  Total time to best LP      : 1.49 s (job-relative)
  Elite pool size            : 3
  Path relinking improved    : No
  Seed portfolio             : 11 evaluated, 4 selected
  Sequence feasibility       : PASS ✓
  Runway load:
    Runway 1:   14 aircraft  seq=[1, 2, 4, 6, 8, 9,...]
    Runway 2:   16 aircraft  seq=[0, 3, 5, 7, 10, 11,...]
==========================================================================
  ↳ airland6     m=2  seed=701.00  SA=554.00  gap=0.00%  ✓  ttb=1.5s  (6.2s) [tuned]  best_seed=GRASP-7

  [SA Optuna] AIRLAND5 m=4 → 20 trials ...
  [SA Optuna] done in 24.3s  best: χ₀=0.733  M_stag=0.277  β=2.089  γ=0.0245  χ*=0.154
  Adaptive T_LIMIT: 60s  (seed_LP=0.00  BKS=0.0)
  [airland5 m=4] 11 seeds evaluated | 4 selected | N_iter=2000 | t_limit=60s
  SA params: χ₀=0.733  M_stag=0.277  β=2.089  γ=0.0245  χ*=0.154
    EDD          raw=9300.0000  LP=0.0000 ← selected
    TC-RBI       raw=9190.0000  LP=0.0000 ← selected
    CAF          raw=9080.0000  LP=30.0000 ← selected
    FCFS         raw=9300.0000  LP=110.0000 ← selected
    MPDS         raw=8890.0000  LP=110.0000
    GRASP-3      raw=9030.0000  LP=170.0000
    WCC          raw=9120.0000  LP=190.0000
    WEDD         raw=9120.0000  LP=210.0000
    ATC          raw=9120.0000  LP=210.0000
    ATCS         raw=9120.0000  LP=210.0000
    GRASP-7      raw=8660.0000  LP=330.0000

==========================================================================
  AIRLAND5  |  n=20  |  m=4 runway(s)
==========================================================================
  Runtime (SA+PR+VND total)  : 10.01 s
  TC-RBI params              : η=0.794 μ_TC=2.427 μ_late=0.268 μ_count=0.468 μ_sep=0.207
  SA params                  : χ₀=0.733  M_stag=0.277  β=2.089  γ=0.0245  χ*=0.154
  Best seed raw obj          : 9080.0000
  Best seed LP obj           : 0.0000
  SA+VND+PR final LP         : 0.0000
  Earliest-time objective    : 9300.0000
  BKS (opt=0)               : 0.0000
  Gap chain (raw→seed LP→SA) : ∞ → 0.00% → 0.00%
  Seed construct time        : 0.07 s
  Seed LP eval time          : 0.01 s
  Best seed LP achieved at   : 0.00 s (job-relative)
  SA dispatch offset         : 0.07 s
  Total time to best LP      : 0.00 s (job-relative)
  Elite pool size            : 4
  Path relinking improved    : No
  Seed portfolio             : 11 evaluated, 4 selected
  Sequence feasibility       : PASS ✓
  Runway load:
    Runway 1:    5 aircraft  seq=[2, 5, 13, 12, 11]
    Runway 2:    5 aircraft  seq=[3, 6, 18, 17, 14]
    Runway 3:    5 aircraft  seq=[4, 8, 0, 19, 10]
    Runway 4:    5 aircraft  seq=[7, 9, 16, 1, 15]
==========================================================================
  ↳ airland5     m=4  seed=0.00  SA=0.00  gap=0.00%  ✓  ttb=0.0s  (10.0s) [tuned]  best_seed=EDD

  [SA Optuna] AIRLAND5 m=3 → 20 trials ...
  [SA Optuna] done in 28.9s  best: χ₀=0.532  M_stag=0.269  β=2.492  γ=0.1879  χ*=0.314
  Adaptive T_LIMIT: 1200s  (seed_LP=200.00  BKS=170.0)
  [airland5 m=3] 11 seeds evaluated | 4 selected | N_iter=2000 | t_limit=1200s
  SA params: χ₀=0.532  M_stag=0.269  β=2.492  γ=0.1879  χ*=0.314
    TC-RBI       raw=8890.0000  LP=200.0000 ← selected
    FCFS         raw=9090.0000  LP=210.0000 ← selected
    EDD          raw=8770.0000  LP=270.0000 ← selected
    GRASP-7      raw=8770.0000  LP=270.0000 ← selected
    WEDD         raw=8920.0000  LP=300.0000
    ATC          raw=8920.0000  LP=300.0000
    ATCS         raw=8920.0000  LP=300.0000
    WCC          raw=8920.0000  LP=300.0000
    GRASP-3      raw=8650.0000  LP=390.0000
    MPDS         raw=8540.0000  LP=390.0000
    CAF          raw=8630.0000  LP=480.0000

==========================================================================
  AIRLAND5  |  n=20  |  m=3 runway(s)
==========================================================================
  Runtime (SA+PR+VND total)  : 8.37 s
  TC-RBI params              : η=0.225 μ_TC=3.786 μ_late=1.156 μ_count=0.648 μ_sep=0.193
  SA params                  : χ₀=0.532  M_stag=0.269  β=2.492  γ=0.1879  χ*=0.314
  Best seed raw obj          : 8770.0000
  Best seed LP obj           : 200.0000
  SA+VND+PR final LP         : 170.0000
  Earliest-time objective    : 9060.0000
  Reference / BKS           : 170.0000
  Gap chain (raw→seed LP→SA) : 5058.82% → 17.65% → 0.00%
  Seed construct time        : 0.06 s
  Seed LP eval time          : 0.01 s
  Best seed LP achieved at   : 0.03 s (job-relative)
  SA dispatch offset         : 0.07 s
  Total time to best LP      : 0.97 s (job-relative)
  Elite pool size            : 4
  Path relinking improved    : No
  Seed portfolio             : 11 evaluated, 4 selected
  Sequence feasibility       : PASS ✓
  Runway load:
    Runway 1:    6 aircraft  seq=[5, 0, 17, 1, 10, 15]
    Runway 2:    7 aircraft  seq=[2, 4, 6, 9, 18, 12,...]
    Runway 3:    7 aircraft  seq=[3, 7, 8, 13, 16, 11,...]
==========================================================================
  ↳ airland5     m=3  seed=200.00  SA=170.00  gap=0.00%  ✓  ttb=1.0s  (8.4s) [tuned]  best_seed=TC-RBI

  [SA Optuna] AIRLAND5 m=2 → 20 trials ...
  [SA Optuna] done in 40.5s  best: χ₀=0.771  M_stag=0.143  β=2.417  γ=0.0287  χ*=0.205
  Adaptive T_LIMIT: 600s  (seed_LP=670.00  BKS=650.0)
  [airland5 m=2] 11 seeds evaluated | 4 selected | N_iter=2000 | t_limit=600s
  SA params: χ₀=0.771  M_stag=0.143  β=2.417  γ=0.0287  χ*=0.205
    MPDS         raw=8190.0000  LP=650.0000 ← selected
    TC-RBI       raw=7740.0000  LP=670.0000 ← selected
    GRASP-3      raw=7690.0000  LP=700.0000 ← selected
    WEDD         raw=8400.0000  LP=750.0000 ← selected
    ATC          raw=8400.0000  LP=750.0000
    ATCS         raw=8400.0000  LP=750.0000
    WCC          raw=8400.0000  LP=750.0000
    FCFS         raw=8190.0000  LP=830.0000
    GRASP-7      raw=7610.0000  LP=990.0000
    CAF          raw=7450.0000  LP=1110.0000
    EDD          raw=7500.0000  LP=1140.0000

==========================================================================
  AIRLAND5  |  n=20  |  m=2 runway(s)
==========================================================================
  Runtime (SA+PR+VND total)  : 8.35 s
  TC-RBI params              : η=0.607 μ_TC=0.251 μ_late=0.606 μ_count=0.585 μ_sep=0.258
  SA params                  : χ₀=0.771  M_stag=0.143  β=2.417  γ=0.0287  χ*=0.205
  Best seed raw obj          : 7690.0000
  Best seed LP obj           : 650.0000
  SA+VND+PR final LP         : 650.0000
  Earliest-time objective    : 8190.0000
  Reference / BKS           : 650.0000
  Gap chain (raw→seed LP→SA) : 1083.08% → 0.00% → 0.00%
  Seed construct time        : 0.06 s
  Seed LP eval time          : 0.01 s
  Best seed LP achieved at   : 0.07 s (job-relative)
  SA dispatch offset         : 0.07 s
  Total time to best LP      : 0.07 s (job-relative)
  Elite pool size            : 4
  Path relinking improved    : No
  Seed portfolio             : 11 evaluated, 4 selected
  Sequence feasibility       : PASS ✓
  Runway load:
    Runway 1:   11 aircraft  seq=[2, 4, 6, 8, 0, 18,...]
    Runway 2:    9 aircraft  seq=[3, 7, 5, 9, 13, 16,...]
==========================================================================
  ↳ airland5     m=2  seed=650.00  SA=650.00  gap=0.00%  ✓  ttb=0.1s  (8.4s) [tuned]  best_seed=MPDS

  [SA Optuna] AIRLAND7 m=2 → 20 trials ...
  [SA Optuna] done in 16.5s  best: χ₀=0.892  M_stag=0.146  β=1.524  γ=0.0389  χ*=0.114
  Adaptive T_LIMIT: 60s  (seed_LP=0.00  BKS=0.0)
  [airland7 m=2] 11 seeds evaluated | 4 selected | N_iter=2000 | t_limit=60s
  SA params: χ₀=0.892  M_stag=0.146  β=1.524  γ=0.0389  χ*=0.114
    FCFS         raw=7642.0000  LP=0.0000 ← selected
    EDD          raw=7639.0000  LP=0.0000 ← selected
    TC-RBI       raw=7712.0000  LP=0.0000 ← selected
    CAF          raw=7584.0000  LP=0.0000 ← selected
    GRASP-3      raw=7712.0000  LP=0.0000
    GRASP-7      raw=7390.0000  LP=0.0000
    MPDS         raw=7476.0000  LP=0.0000
    WCC          raw=6456.0000  LP=1656.0000
    WEDD         raw=inf  LP=inf
    ATC          raw=inf  LP=inf
    ATCS         raw=inf  LP=inf

==========================================================================
  AIRLAND7  |  n=44  |  m=2 runway(s)
==========================================================================
  Runtime (SA+PR+VND total)  : 4.39 s
  TC-RBI params              : η=0.229 μ_TC=0.441 μ_late=1.142 μ_count=0.715 μ_sep=0.370
  SA params                  : χ₀=0.892  M_stag=0.146  β=1.524  γ=0.0389  χ*=0.114
  Best seed raw obj          : 7584.0000
  Best seed LP obj           : 0.0000
  SA+VND+PR final LP         : 0.0000
  Earliest-time objective    : 7642.0000
  BKS (opt=0)               : 0.0000
  Gap chain (raw→seed LP→SA) : ∞ → 0.00% → 0.00%
  Seed construct time        : 0.14 s
  Seed LP eval time          : 0.01 s
  Best seed LP achieved at   : 0.00 s (job-relative)
  SA dispatch offset         : 0.16 s
  Total time to best LP      : 0.00 s (job-relative)
  Elite pool size            : 4
  Path relinking improved    : No
  Seed portfolio             : 11 evaluated, 4 selected
  Sequence feasibility       : PASS ✓
  Runway load:
    Runway 1:   23 aircraft  seq=[0, 1, 3, 5, 7, 9,...]
    Runway 2:   21 aircraft  seq=[2, 4, 6, 8, 10, 12,...]
==========================================================================
  ↳ airland7     m=2  seed=0.00  SA=0.00  gap=0.00%  ✓  ttb=0.0s  (4.4s) [tuned]  best_seed=FCFS

  [SA Optuna] AIRLAND8 m=3 → 20 trials ...
  [SA Optuna] done in 61.2s  best: χ₀=0.767  M_stag=0.147  β=1.337  γ=0.1747  χ*=0.200
  Adaptive T_LIMIT: 60s  (seed_LP=15.00  BKS=0.0)
  [airland8 m=3] 11 seeds evaluated | 4 selected | N_iter=2000 | t_limit=60s
  SA params: χ₀=0.767  M_stag=0.147  β=1.337  γ=0.1747  χ*=0.200
    GRASP-7      raw=85955.0000  LP=0.0000 ← selected
    EDD          raw=90400.0000  LP=15.0000 ← selected
    TC-RBI       raw=89305.0000  LP=15.0000 ← selected
    CAF          raw=92165.0000  LP=15.0000 ← selected
    GRASP-3      raw=93065.0000  LP=15.0000
    MPDS         raw=87900.0000  LP=15.0000
    ATC          raw=95050.0000  LP=1265.0000
    ATCS         raw=94690.0000  LP=1385.0000
    FCFS         raw=101885.0000  LP=6110.0000
    WEDD         raw=92595.0000  LP=59040.0000
    WCC          raw=143510.0000  LP=93895.0000

==========================================================================
  AIRLAND8  |  n=50  |  m=3 runway(s)
==========================================================================
  Runtime (SA+PR+VND total)  : 14.53 s
  TC-RBI params              : η=0.490 μ_TC=3.755 μ_late=0.210 μ_count=1.108 μ_sep=0.256
  SA params                  : χ₀=0.767  M_stag=0.147  β=1.337  γ=0.1747  χ*=0.200
  Best seed raw obj          : 85955.0000
  Best seed LP obj           : 0.0000
  SA+VND+PR final LP         : 0.0000
  Earliest-time objective    : 85955.0000
  BKS (opt=0)               : 0.0000
  Gap chain (raw→seed LP→SA) : ∞ → 0.00% → 0.00%
  Seed construct time        : 0.79 s
  Seed LP eval time          : 0.02 s
  Best seed LP achieved at   : 0.45 s (job-relative)
  SA dispatch offset         : 0.80 s
  Total time to best LP      : 0.45 s (job-relative)
  Elite pool size            : 4
  Path relinking improved    : No
  Seed portfolio             : 11 evaluated, 4 selected
  Sequence feasibility       : PASS ✓
  Runway load:
    Runway 1:   17 aircraft  seq=[7, 3, 8, 19, 4, 23,...]
    Runway 2:   16 aircraft  seq=[5, 9, 10, 2, 6, 14,...]
    Runway 3:   17 aircraft  seq=[0, 11, 18, 1, 17, 13,...]
==========================================================================
  ↳ airland8     m=3  seed=0.00  SA=0.00  gap=0.00%  ✓  ttb=0.4s  (14.5s) [tuned]  best_seed=GRASP-7

  [SA Optuna] AIRLAND9 m=4 → 10 trials ...
  [SA Optuna] done in 62.8s  best: χ₀=0.785  M_stag=0.227  β=1.893  γ=0.1105  χ*=0.115
  Adaptive T_LIMIT: 60s  (seed_LP=0.00  BKS=0.0)
  [airland9 m=4] 11 seeds evaluated | 4 selected | N_iter=5000 | t_limit=60s
  SA params: χ₀=0.785  M_stag=0.227  β=1.893  γ=0.1105  χ*=0.115
    EDD          raw=50151.6700  LP=0.0000 ← selected
    TC-RBI       raw=46962.1000  LP=0.0000 ← selected
    CAF          raw=48036.1700  LP=0.0000 ← selected
    GRASP-7      raw=49052.1900  LP=0.0000 ← selected
    MPDS         raw=48420.1600  LP=0.0000
    GRASP-3      raw=50036.2800  LP=5.3200
    ATCS         raw=51885.5900  LP=153.2900
    ATC          raw=51692.8800  LP=168.8100
    FCFS         raw=53160.9300  LP=1714.4600
    WCC          raw=76542.5000  LP=65473.1600
    WEDD         raw=inf  LP=inf

==========================================================================
  AIRLAND9  |  n=100  |  m=4 runway(s)
==========================================================================
  Runtime (SA+PR+VND total)  : 18.81 s
  TC-RBI params              : η=0.305 μ_TC=4.302 μ_late=1.976 μ_count=2.914 μ_sep=0.430
  SA params                  : χ₀=0.785  M_stag=0.227  β=1.893  γ=0.1105  χ*=0.115
  Best seed raw obj          : 46962.1000
  Best seed LP obj           : 0.0000
  SA+VND+PR final LP         : 0.0000
  Earliest-time objective    : 50151.6700
  BKS (opt=0)               : 0.0000
  Gap chain (raw→seed LP→SA) : ∞ → 0.00% → 0.00%
  Seed construct time        : 2.65 s
  Seed LP eval time          : 0.03 s
  Best seed LP achieved at   : 0.01 s (job-relative)
  SA dispatch offset         : 2.68 s
  Total time to best LP      : 0.01 s (job-relative)
  Elite pool size            : 4
  Path relinking improved    : No
  Seed portfolio             : 11 evaluated, 4 selected
  Sequence feasibility       : PASS ✓
  Runway load:
    Runway 1:   25 aircraft  seq=[0, 2, 8, 10, 17, 23,...]
    Runway 2:   25 aircraft  seq=[1, 7, 4, 13, 14, 21,...]
    Runway 3:   25 aircraft  seq=[5, 3, 11, 15, 19, 22,...]
    Runway 4:   25 aircraft  seq=[9, 6, 12, 16, 18, 20,...]
==========================================================================
  ↳ airland9     m=4  seed=0.00  SA=0.00  gap=0.00%  ✓  ttb=0.0s  (18.8s) [tuned]  best_seed=EDD

  [SA Optuna] AIRLAND9 m=3 → 10 trials ...
  [SA Optuna] done in 92.5s  best: χ₀=0.655  M_stag=0.171  β=1.547  γ=0.1721  χ*=0.178
  Adaptive T_LIMIT: 1200s  (seed_LP=98.63  BKS=75.75)
  [airland9 m=3] 11 seeds evaluated | 4 selected | N_iter=5000 | t_limit=1200s
  SA params: χ₀=0.655  M_stag=0.171  β=1.547  γ=0.1721  χ*=0.178
    EDD          raw=47611.7500  LP=89.0300 ← selected
    TC-RBI       raw=47220.2500  LP=98.6300 ← selected
    MPDS         raw=47116.5500  LP=103.9500 ← selected
    GRASP-7      raw=47078.8900  LP=128.0900 ← selected
    CAF          raw=47599.8400  LP=129.2100
    GRASP-3      raw=46072.0000  LP=132.2500
    ATC          raw=48177.7600  LP=566.3700
    ATCS         raw=48172.2000  LP=629.1600
    FCFS         raw=52935.0300  LP=4917.5300
    WCC          raw=78113.1000  LP=70649.8700
    WEDD         raw=inf  LP=inf

==========================================================================
  AIRLAND9  |  n=100  |  m=3 runway(s)
==========================================================================
  Runtime (SA+PR+VND total)  : 42.83 s
  TC-RBI params              : η=0.372 μ_TC=0.568 μ_late=1.416 μ_count=1.895 μ_sep=0.001
  SA params                  : χ₀=0.655  M_stag=0.171  β=1.547  γ=0.1721  χ*=0.178
  Best seed raw obj          : 47078.8900
  Best seed LP obj           : 89.0300
  SA+VND+PR final LP         : 75.7500
  Earliest-time objective    : 47072.8700
  Reference / BKS           : 75.7500
  Gap chain (raw→seed LP→SA) : 62050.35% → 17.53% → 0.00%
  Seed construct time        : 2.80 s
  Seed LP eval time          : 0.03 s
  Best seed LP achieved at   : 0.01 s (job-relative)
  SA dispatch offset         : 2.84 s
  Total time to best LP      : 4.66 s (job-relative)
  Elite pool size            : 4
  Path relinking improved    : No
  Seed portfolio             : 11 evaluated, 4 selected
  Sequence feasibility       : PASS ✓
  Runway load:
    Runway 1:   33 aircraft  seq=[1, 9, 3, 11, 15, 16,...]
    Runway 2:   36 aircraft  seq=[2, 6, 4, 10, 13, 17,...]
    Runway 3:   31 aircraft  seq=[0, 5, 7, 8, 12, 14,...]
==========================================================================
  ↳ airland9     m=3  seed=89.03  SA=75.75  gap=0.00%  ✓  ttb=4.7s  (42.8s) [tuned]  best_seed=EDD

  [SA Optuna] AIRLAND8 m=2 → 20 trials ...
  [SA Optuna] done in 127.2s  best: χ₀=0.681  M_stag=0.153  β=2.080  γ=0.1961  χ*=0.327
  Adaptive T_LIMIT: 60s  (seed_LP=135.00  BKS=135.0)
  [airland8 m=2] 11 seeds evaluated | 4 selected | N_iter=2000 | t_limit=60s
  SA params: χ₀=0.681  M_stag=0.153  β=2.080  γ=0.1961  χ*=0.327
    TC-RBI       raw=80530.0000  LP=135.0000 ← selected
    GRASP-3      raw=79710.0000  LP=155.0000 ← selected
    GRASP-7      raw=80435.0000  LP=165.0000 ← selected
    CAF          raw=78425.0000  LP=175.0000 ← selected
    EDD          raw=79170.0000  LP=285.0000
    MPDS         raw=76200.0000  LP=305.0000
    ATCS         raw=83620.0000  LP=1945.0000
    ATC          raw=83730.0000  LP=2950.0000
    FCFS         raw=101025.0000  LP=10345.0000
    WEDD         raw=91620.0000  LP=67315.0000
    WCC          raw=147265.0000  LP=105875.0000

==========================================================================
  AIRLAND8  |  n=50  |  m=2 runway(s)
==========================================================================
  Runtime (SA+PR+VND total)  : 24.70 s
  TC-RBI params              : η=0.732 μ_TC=4.111 μ_late=1.358 μ_count=2.423 μ_sep=0.334
  SA params                  : χ₀=0.681  M_stag=0.153  β=2.080  γ=0.1961  χ*=0.327
  Best seed raw obj          : 78425.0000
  Best seed LP obj           : 135.0000
  SA+VND+PR final LP         : 135.0000
  Earliest-time objective    : 80530.0000
  Reference / BKS           : 135.0000
  Gap chain (raw→seed LP→SA) : 57992.59% → 0.00% → 0.00%
  Seed construct time        : 1.70 s
  Seed LP eval time          : 0.03 s
  Best seed LP achieved at   : 0.95 s (job-relative)
  SA dispatch offset         : 1.73 s
  Total time to best LP      : 0.95 s (job-relative)
  Elite pool size            : 4
  Path relinking improved    : No
  Seed portfolio             : 11 evaluated, 4 selected
  Sequence feasibility       : PASS ✓
  Runway load:
    Runway 1:   26 aircraft  seq=[0, 7, 3, 9, 8, 10,...]
    Runway 2:   24 aircraft  seq=[5, 11, 18, 23, 17, 22,...]
==========================================================================
  ↳ airland8     m=2  seed=135.00  SA=135.00  gap=0.00%  ✓  ttb=0.9s  (24.7s) [tuned]  best_seed=TC-RBI

  [SA Optuna] AIRLAND9 m=2 → 10 trials ...
  [SA Optuna] done in 141.9s  best: χ₀=0.702  M_stag=0.257  β=1.428  γ=0.1302  χ*=0.260
  Adaptive T_LIMIT: 1200s  (seed_LP=481.71  BKS=444.1)
  [airland9 m=2] 11 seeds evaluated | 4 selected | N_iter=5000 | t_limit=1200s
  SA params: χ₀=0.702  M_stag=0.257  β=1.428  γ=0.1302  χ*=0.260
    TC-RBI       raw=41168.1900  LP=481.7100 ← selected
    GRASP-7      raw=43287.2300  LP=502.9900 ← selected
    EDD          raw=42222.9700  LP=540.0100 ← selected
    MPDS         raw=41573.2000  LP=608.8600 ← selected
    GRASP-3      raw=40217.0900  LP=624.5900
    CAF          raw=41699.1300  LP=719.3500
    ATC          raw=43286.5500  LP=1558.9500
    ATCS         raw=42666.1800  LP=1570.1600
    FCFS         raw=51674.1300  LP=7629.8500
    WCC          raw=78341.5900  LP=71364.0800
    WEDD         raw=inf  LP=inf

==========================================================================
  AIRLAND9  |  n=100  |  m=2 runway(s)
==========================================================================
  Runtime (SA+PR+VND total)  : 56.27 s
  TC-RBI params              : η=0.653 μ_TC=3.170 μ_late=1.700 μ_count=0.822 μ_sep=0.219
  SA params                  : χ₀=0.702  M_stag=0.257  β=1.428  γ=0.1302  χ*=0.260
  Best seed raw obj          : 41168.1900
  Best seed LP obj           : 481.7100
  SA+VND+PR final LP         : 452.9200
  Earliest-time objective    : 41472.4000
  Reference / BKS           : 444.1000
  Gap chain (raw→seed LP→SA) : 9170.03% → 8.47% → 1.99%
  Seed construct time        : 2.74 s
  Seed LP eval time          : 0.04 s
  Best seed LP achieved at   : 1.36 s (job-relative)
  SA dispatch offset         : 2.79 s
  Total time to best LP      : 55.33 s (job-relative)
  Elite pool size            : 6
  Path relinking improved    : No
  Seed portfolio             : 11 evaluated, 4 selected
  Sequence feasibility       : PASS ✓
  Runway load:
    Runway 1:   51 aircraft  seq=[5, 2, 3, 4, 12, 13,...]
    Runway 2:   49 aircraft  seq=[0, 1, 9, 7, 6, 8,...]
==========================================================================
  ↳ airland9     m=2  seed=481.71  SA=452.92  gap=1.99%  ✓  ttb=55.3s  (56.3s) [tuned]  best_seed=TC-RBI

  [SA Optuna] AIRLAND10 m=5 → 6 trials ...
  [SA Optuna] done in 67.0s  best: χ₀=0.872  M_stag=0.119  β=2.261  γ=0.0561  χ*=0.348
  Adaptive T_LIMIT: 60s  (seed_LP=0.00  BKS=0.0)
  [airland10 m=5] 11 seeds evaluated | 4 selected | N_iter=5000 | t_limit=60s
  SA params: χ₀=0.872  M_stag=0.119  β=2.261  γ=0.0561  χ*=0.348
    EDD          raw=71183.4200  LP=0.0000 ← selected
    TC-RBI       raw=67062.6300  LP=0.0000 ← selected
    CAF          raw=69580.6800  LP=0.0000 ← selected
    GRASP-7      raw=69617.7000  LP=0.0000 ← selected
    MPDS         raw=68526.3700  LP=0.0000
    GRASP-3      raw=69693.6900  LP=5.2000
    ATCS         raw=72448.5900  LP=197.7800
    ATC          raw=72508.5000  LP=277.1000
    FCFS         raw=73465.5700  LP=1444.2500
    WCC          raw=115865.8400  LP=97541.9600
    WEDD         raw=inf  LP=inf

==========================================================================
  AIRLAND10  |  n=150  |  m=5 runway(s)
==========================================================================
  Runtime (SA+PR+VND total)  : 43.93 s
  TC-RBI params              : η=0.564 μ_TC=3.269 μ_late=0.365 μ_count=2.447 μ_sep=0.162
  SA params                  : χ₀=0.872  M_stag=0.119  β=2.261  γ=0.0561  χ*=0.348
  Best seed raw obj          : 67062.6300
  Best seed LP obj           : 0.0000
  SA+VND+PR final LP         : 0.0000
  Earliest-time objective    : 71183.4200
  BKS (opt=0)               : 0.0000
  Gap chain (raw→seed LP→SA) : ∞ → 0.00% → 0.00%
  Seed construct time        : 5.01 s
  Seed LP eval time          : 0.05 s
  Best seed LP achieved at   : 0.01 s (job-relative)
  SA dispatch offset         : 5.06 s
  Total time to best LP      : 0.01 s (job-relative)
  Elite pool size            : 4
  Path relinking improved    : No
  Seed portfolio             : 11 evaluated, 4 selected
  Sequence feasibility       : PASS ✓
  Runway load:
    Runway 1:   30 aircraft  seq=[2, 8, 11, 16, 19, 24,...]
    Runway 2:   30 aircraft  seq=[5, 7, 10, 13, 21, 27,...]
    Runway 3:   30 aircraft  seq=[0, 6, 12, 18, 20, 26,...]
    Runway 4:   30 aircraft  seq=[3, 4, 14, 17, 22, 29,...]
    Runway 5:   30 aircraft  seq=[1, 9, 15, 23, 25, 28,...]
==========================================================================
  ↳ airland10    m=5  seed=0.00  SA=0.00  gap=0.00%  ✓  ttb=0.0s  (43.9s) [tuned]  best_seed=EDD

  [SA Optuna] AIRLAND10 m=3 → 6 trials ...
  [SA Optuna] done in 114.8s  best: χ₀=0.550  M_stag=0.289  β=1.647  γ=0.1818  χ*=0.193
  Adaptive T_LIMIT: 1200s  (seed_LP=258.46  BKS=205.21)
  [airland10 m=3] 11 seeds evaluated | 4 selected | N_iter=5000 | t_limit=1200s
  SA params: χ₀=0.550  M_stag=0.289  β=1.647  γ=0.1818  χ*=0.193
    TC-RBI       raw=63588.3800  LP=258.4600 ← selected
    EDD          raw=64598.7000  LP=327.8600 ← selected
    CAF          raw=66534.7700  LP=350.6600 ← selected
    GRASP-3      raw=63660.8100  LP=352.4500 ← selected
    MPDS         raw=62792.7400  LP=354.4700
    GRASP-7      raw=63402.2200  LP=360.1300
    ATCS         raw=67469.3000  LP=1166.1500
    ATC          raw=67495.5900  LP=1173.8500
    FCFS         raw=73332.7900  LP=5564.0700
    WCC          raw=117536.1500  LP=101838.9900
    WEDD         raw=inf  LP=inf

==========================================================================
  AIRLAND10  |  n=150  |  m=3 runway(s)
==========================================================================
  Runtime (SA+PR+VND total)  : 80.68 s
  TC-RBI params              : η=0.773 μ_TC=2.732 μ_late=0.876 μ_count=0.405 μ_sep=0.083
  SA params                  : χ₀=0.550  M_stag=0.289  β=1.647  γ=0.1818  χ*=0.193
  Best seed raw obj          : 63588.3800
  Best seed LP obj           : 258.4600
  SA+VND+PR final LP         : 205.2100
  Earliest-time objective    : 64816.5700
  Reference / BKS           : 205.2100
  Gap chain (raw→seed LP→SA) : 30886.98% → 25.95% → 0.00%
  Seed construct time        : 3.81 s
  Seed LP eval time          : 0.06 s
  Best seed LP achieved at   : 1.59 s (job-relative)
  SA dispatch offset         : 3.88 s
  Total time to best LP      : 79.55 s (job-relative)
  Elite pool size            : 6
  Path relinking improved    : No
  Seed portfolio             : 11 evaluated, 4 selected
  Sequence feasibility       : PASS ✓
  Runway load:
    Runway 1:   48 aircraft  seq=[0, 1, 6, 11, 17, 20,...]
    Runway 2:   51 aircraft  seq=[5, 7, 4, 9, 12, 14,...]
    Runway 3:   51 aircraft  seq=[2, 3, 8, 10, 13, 18,...]
==========================================================================
  ↳ airland10    m=3  seed=258.46  SA=205.21  gap=0.00%  ✓  ttb=79.5s  (80.7s) [tuned]  best_seed=TC-RBI

  [SA Optuna] AIRLAND10 m=4 → 6 trials ...
  [SA Optuna] done in 101.0s  best: χ₀=0.727  M_stag=0.068  β=1.923  γ=0.1528  χ*=0.219
  Adaptive T_LIMIT: 60s  (seed_LP=34.22  BKS=34.22)
  [airland10 m=4] 11 seeds evaluated | 4 selected | N_iter=5000 | t_limit=60s
  SA params: χ₀=0.727  M_stag=0.068  β=1.923  γ=0.1528  χ*=0.219
    TC-RBI       raw=67102.9700  LP=34.2200 ← selected
    EDD          raw=69760.3600  LP=42.6400 ← selected
    MPDS         raw=66350.9400  LP=48.2200 ← selected
    CAF          raw=66720.4500  LP=53.4200 ← selected
    GRASP-3      raw=66792.6500  LP=77.0200
    GRASP-7      raw=67454.7900  LP=106.7800
    ATCS         raw=71312.5900  LP=495.9200
    ATC          raw=71291.7700  LP=511.2900
    FCFS         raw=73465.5700  LP=3224.4300
    WCC          raw=110212.4100  LP=90525.8700
    WEDD         raw=inf  LP=inf

==========================================================================
  AIRLAND10  |  n=150  |  m=4 runway(s)
==========================================================================
  Runtime (SA+PR+VND total)  : 55.70 s
  TC-RBI params              : η=0.794 μ_TC=1.716 μ_late=0.667 μ_count=1.703 μ_sep=0.433
  SA params                  : χ₀=0.727  M_stag=0.068  β=1.923  γ=0.1528  χ*=0.219
  Best seed raw obj          : 66350.9400
  Best seed LP obj           : 34.2200
  SA+VND+PR final LP         : 34.2200
  Earliest-time objective    : 67102.9700
  Reference / BKS           : 34.2200
  Gap chain (raw→seed LP→SA) : 193795.21% → 0.00% → 0.00%
  Seed construct time        : 7.67 s
  Seed LP eval time          : 0.07 s
  Best seed LP achieved at   : 5.08 s (job-relative)
  SA dispatch offset         : 7.76 s
  Total time to best LP      : 5.08 s (job-relative)
  Elite pool size            : 4
  Path relinking improved    : No
  Seed portfolio             : 11 evaluated, 4 selected
  Sequence feasibility       : PASS ✓
  Runway load:
    Runway 1:   37 aircraft  seq=[5, 7, 11, 15, 17, 20,...]
    Runway 2:   38 aircraft  seq=[3, 8, 10, 14, 18, 19,...]
    Runway 3:   38 aircraft  seq=[2, 6, 12, 13, 30, 43,...]
    Runway 4:   37 aircraft  seq=[0, 1, 4, 9, 16, 23,...]
==========================================================================
  ↳ airland10    m=4  seed=34.22  SA=34.22  gap=0.00%  ✓  ttb=5.1s  (55.7s) [tuned]  best_seed=TC-RBI

  [SA Optuna] AIRLAND10 m=2 → 6 trials ...
  [SA Optuna] done in 195.3s  best: χ₀=0.568  M_stag=0.215  β=1.568  γ=0.1015  χ*=0.182
  Adaptive T_LIMIT: 1200s  (seed_LP=1279.78  BKS=1143.7)
  [airland10 m=2] 11 seeds evaluated | 4 selected | N_iter=5000 | t_limit=1200s
  SA params: χ₀=0.568  M_stag=0.215  β=1.568  γ=0.1015  χ*=0.182
    TC-RBI       raw=57583.9100  LP=1279.7800 ← selected
    CAF          raw=56201.5200  LP=1442.7900 ← selected
    GRASP-7      raw=58234.9400  LP=1456.0500 ← selected
    GRASP-3      raw=57132.4300  LP=1466.2900 ← selected
    MPDS         raw=57751.7800  LP=1493.1200
    EDD          raw=56371.6700  LP=1501.7400
    ATC          raw=59212.7200  LP=2647.6100
    ATCS         raw=58736.4900  LP=2730.9300
    FCFS         raw=72256.0900  LP=11035.1500
    WCC          raw=118266.5500  LP=108579.6900
    WEDD         raw=inf  LP=inf

==========================================================================
  AIRLAND10  |  n=150  |  m=2 runway(s)
==========================================================================
  Runtime (SA+PR+VND total)  : 116.08 s
  TC-RBI params              : η=0.424 μ_TC=4.730 μ_late=1.509 μ_count=2.373 μ_sep=0.044
  SA params                  : χ₀=0.568  M_stag=0.215  β=1.568  γ=0.1015  χ*=0.182
  Best seed raw obj          : 56201.5200
  Best seed LP obj           : 1279.7800
  SA+VND+PR final LP         : 1155.9000
  Earliest-time objective    : 56691.2700
  Reference / BKS           : 1143.7000
  Gap chain (raw→seed LP→SA) : 4814.01% → 11.90% → 1.07%
  Seed construct time        : 4.18 s
  Seed LP eval time          : 0.10 s
  Best seed LP achieved at   : 1.80 s (job-relative)
  SA dispatch offset         : 4.30 s
  Total time to best LP      : 114.12 s (job-relative)
  Elite pool size            : 6
  Path relinking improved    : No
  Seed portfolio             : 11 evaluated, 4 selected
  Sequence feasibility       : PASS ✓
  Runway load:
    Runway 1:   75 aircraft  seq=[5, 1, 7, 4, 11, 12,...]
    Runway 2:   75 aircraft  seq=[2, 0, 3, 8, 6, 9,...]
==========================================================================
  ↳ airland10    m=2  seed=1279.78  SA=1155.90  gap=1.07%  ✓  ttb=114.1s  (116.1s) [tuned]  best_seed=TC-RBI

  [SA Optuna] AIRLAND11 m=5 → 6 trials ...
  [SA Optuna] done in 110.6s  best: χ₀=0.695  M_stag=0.209  β=1.438  γ=0.0898  χ*=0.220
  Adaptive T_LIMIT: 60s  (seed_LP=0.00  BKS=0.0)
  [airland11 m=5] 10 seeds evaluated | 4 selected | N_iter=5000 | t_limit=60s
  SA params: χ₀=0.695  M_stag=0.209  β=1.438  γ=0.0898  χ*=0.220
    EDD          raw=100807.5000  LP=0.0000 ← selected
    TC-RBI       raw=96344.1600  LP=0.0000 ← selected
    GRASP-3      raw=97278.7700  LP=0.0000 ← selected
    GRASP-7      raw=96458.9300  LP=0.0000 ← selected
    CAF          raw=96442.0700  LP=1.7300
    ATCS         raw=101519.5300  LP=72.0100
    ATC          raw=101880.1000  LP=220.8000
    FCFS         raw=102139.6900  LP=1650.3700
    WCC          raw=169279.7800  LP=160384.5700
    WEDD         raw=inf  LP=inf

==========================================================================
  AIRLAND11  |  n=200  |  m=5 runway(s)
==========================================================================
  Runtime (SA+PR+VND total)  : 61.25 s
  TC-RBI params              : η=0.404 μ_TC=0.584 μ_late=1.830 μ_count=1.315 μ_sep=0.020
  SA params                  : χ₀=0.695  M_stag=0.209  β=1.438  γ=0.0898  χ*=0.220
  Best seed raw obj          : 96344.1600
  Best seed LP obj           : 0.0000
  SA+VND+PR final LP         : 0.0000
  Earliest-time objective    : 100807.5000
  BKS (opt=0)               : 0.0000
  Gap chain (raw→seed LP→SA) : ∞ → 0.00% → 0.00%
  Seed construct time        : 3.64 s
  Seed LP eval time          : 0.07 s
  Best seed LP achieved at   : 0.01 s (job-relative)
  SA dispatch offset         : 3.72 s
  Total time to best LP      : 0.01 s (job-relative)
  Elite pool size            : 4
  Path relinking improved    : No
  Seed portfolio             : 10 evaluated, 4 selected
  Sequence feasibility       : PASS ✓
  Runway load:
    Runway 1:   40 aircraft  seq=[2, 3, 8, 18, 22, 28,...]
    Runway 2:   40 aircraft  seq=[0, 5, 11, 16, 19, 27,...]
    Runway 3:   40 aircraft  seq=[4, 9, 12, 17, 21, 30,...]
    Runway 4:   40 aircraft  seq=[7, 10, 13, 15, 23, 26,...]
    Runway 5:   40 aircraft  seq=[1, 6, 14, 20, 24, 25,...]
==========================================================================
  ↳ airland11    m=5  seed=0.00  SA=0.00  gap=0.00%  ✓  ttb=0.0s  (61.2s) [tuned]  best_seed=EDD

  [SA Optuna] AIRLAND11 m=4 → 6 trials ...
  [SA Optuna] done in 123.8s  best: χ₀=0.573  M_stag=0.291  β=2.343  γ=0.1465  χ*=0.186
  Adaptive T_LIMIT: 60s  (seed_LP=54.53  BKS=54.53)
  [airland11 m=4] 10 seeds evaluated | 4 selected | N_iter=5000 | t_limit=60s
  SA params: χ₀=0.573  M_stag=0.291  β=2.343  γ=0.1465  χ*=0.186
    EDD          raw=98049.9700  LP=54.5300 ← selected
    TC-RBI       raw=93843.9300  LP=54.5300 ← selected
    CAF          raw=92800.3700  LP=70.8600 ← selected
    GRASP-7      raw=95082.9400  LP=74.3300 ← selected
    GRASP-3      raw=93485.8800  LP=74.4100
    ATC          raw=99780.8500  LP=595.0600
    ATCS         raw=99710.6400  LP=766.8700
    FCFS         raw=101929.6900  LP=3813.7500
    WCC          raw=171103.2100  LP=163404.5800
    WEDD         raw=inf  LP=inf

==========================================================================
  AIRLAND11  |  n=200  |  m=4 runway(s)
==========================================================================
  Runtime (SA+PR+VND total)  : 57.25 s
  TC-RBI params              : η=0.314 μ_TC=4.472 μ_late=1.543 μ_count=2.700 μ_sep=0.146
  SA params                  : χ₀=0.573  M_stag=0.291  β=2.343  γ=0.1465  χ*=0.186
  Best seed raw obj          : 92800.3700
  Best seed LP obj           : 54.5300
  SA+VND+PR final LP         : 54.5300
  Earliest-time objective    : 98049.9700
  Reference / BKS           : 54.5300
  Gap chain (raw→seed LP→SA) : 170082.23% → 0.00% → 0.00%
  Seed construct time        : 3.86 s
  Seed LP eval time          : 0.08 s
  Best seed LP achieved at   : 0.02 s (job-relative)
  SA dispatch offset         : 3.95 s
  Total time to best LP      : 0.02 s (job-relative)
  Elite pool size            : 4
  Path relinking improved    : No
  Seed portfolio             : 10 evaluated, 4 selected
  Sequence feasibility       : PASS ✓
  Runway load:
    Runway 1:   50 aircraft  seq=[2, 1, 10, 12, 16, 22,...]
    Runway 2:   50 aircraft  seq=[0, 3, 6, 13, 17, 19,...]
    Runway 3:   50 aircraft  seq=[4, 5, 8, 14, 15, 21,...]
    Runway 4:   50 aircraft  seq=[7, 9, 11, 18, 20, 23,...]
==========================================================================
  ↳ airland11    m=4  seed=54.53  SA=54.53  gap=0.00%  ✓  ttb=0.0s  (57.2s) [tuned]  best_seed=EDD

  [SA Optuna] AIRLAND11 m=3 → 6 trials ...
  [SA Optuna] done in 166.6s  best: χ₀=0.602  M_stag=0.105  β=2.489  γ=0.0334  χ*=0.267
  Adaptive T_LIMIT: 1200s  (seed_LP=316.07  BKS=253.07)
  [airland11 m=3] 10 seeds evaluated | 4 selected | N_iter=5000 | t_limit=1200s
  SA params: χ₀=0.602  M_stag=0.105  β=2.489  γ=0.0334  χ*=0.267
    TC-RBI       raw=92649.0000  LP=316.0700 ← selected
    EDD          raw=93264.6500  LP=344.5500 ← selected
    CAF          raw=90890.0400  LP=362.0600 ← selected
    GRASP-7      raw=89779.1900  LP=387.7900 ← selected
    GRASP-3      raw=90334.8500  LP=419.1300
    ATCS         raw=95589.6500  LP=1862.7700
    ATC          raw=96535.7700  LP=1942.3100
    FCFS         raw=101372.9200  LP=7425.4600
    WCC          raw=175366.8200  LP=167721.7800
    WEDD         raw=inf  LP=inf

==========================================================================
  AIRLAND11  |  n=200  |  m=3 runway(s)
==========================================================================
  Runtime (SA+PR+VND total)  : 108.00 s
  TC-RBI params              : η=0.733 μ_TC=2.754 μ_late=1.607 μ_count=0.305 μ_sep=0.241
  SA params                  : χ₀=0.602  M_stag=0.105  β=2.489  γ=0.0334  χ*=0.267
  Best seed raw obj          : 89779.1900
  Best seed LP obj           : 316.0700
  SA+VND+PR final LP         : 253.0700
  Earliest-time objective    : 90206.4800
  Reference / BKS           : 253.0700
  Gap chain (raw→seed LP→SA) : 35376.03% → 24.89% → 0.00%
  Seed construct time        : 3.53 s
  Seed LP eval time          : 0.10 s
  Best seed LP achieved at   : 2.72 s (job-relative)
  SA dispatch offset         : 3.65 s
  Total time to best LP      : 70.39 s (job-relative)
  Elite pool size            : 6
  Path relinking improved    : No
  Seed portfolio             : 10 evaluated, 4 selected
  Sequence feasibility       : PASS ✓
  Runway load:
    Runway 1:   64 aircraft  seq=[5, 6, 17, 21, 32, 43,...]
    Runway 2:   69 aircraft  seq=[2, 4, 1, 10, 11, 12,...]
    Runway 3:   67 aircraft  seq=[0, 7, 3, 9, 8, 13,...]
==========================================================================
  ↳ airland11    m=3  seed=316.07  SA=253.07  gap=0.00%  ✓  ttb=70.4s  (108.0s) [tuned]  best_seed=TC-RBI

  [SA Optuna] AIRLAND12 m=5 → 6 trials ...
  [SA Optuna] done in 137.3s  best: χ₀=0.503  M_stag=0.077  β=1.839  γ=0.1621  χ*=0.322
  Adaptive T_LIMIT: 60s  (seed_LP=0.00  BKS=0.0)
  [airland12 m=5] 10 seeds evaluated | 4 selected | N_iter=5000 | t_limit=60s
  SA params: χ₀=0.503  M_stag=0.077  β=1.839  γ=0.1621  χ*=0.322
    EDD          raw=121333.7400  LP=0.0000 ← selected
    TC-RBI       raw=113462.2300  LP=0.0000 ← selected
    GRASP-3      raw=113508.6300  LP=0.0000 ← selected
    GRASP-7      raw=116535.4300  LP=0.0000 ← selected
    CAF          raw=115488.3300  LP=5.4400
    ATC          raw=121488.7000  LP=385.9900
    ATCS         raw=121903.7800  LP=466.2900
    FCFS         raw=123971.1600  LP=2667.3300
    WCC          raw=190654.5700  LP=161849.6800
    WEDD         raw=inf  LP=inf

==========================================================================
  AIRLAND12  |  n=250  |  m=5 runway(s)
==========================================================================
  Runtime (SA+PR+VND total)  : 62.32 s
  TC-RBI params              : η=0.235 μ_TC=1.592 μ_late=1.206 μ_count=2.837 μ_sep=0.105
  SA params                  : χ₀=0.503  M_stag=0.077  β=1.839  γ=0.1621  χ*=0.322
  Best seed raw obj          : 113462.2300
  Best seed LP obj           : 0.0000
  SA+VND+PR final LP         : 0.0000
  Earliest-time objective    : 121333.7400
  BKS (opt=0)               : 0.0000
  Gap chain (raw→seed LP→SA) : ∞ → 0.00% → 0.00%
  Seed construct time        : 15.16 s
  Seed LP eval time          : 0.15 s
  Best seed LP achieved at   : 0.02 s (job-relative)
  SA dispatch offset         : 15.34 s
  Total time to best LP      : 0.02 s (job-relative)
  Elite pool size            : 4
  Path relinking improved    : No
  Seed portfolio             : 10 evaluated, 4 selected
  Sequence feasibility       : PASS ✓
  Runway load:
    Runway 1:   50 aircraft  seq=[1, 4, 10, 17, 19, 25,...]
    Runway 2:   50 aircraft  seq=[0, 7, 12, 16, 20, 26,...]
    Runway 3:   50 aircraft  seq=[2, 6, 13, 18, 23, 27,...]
    Runway 4:   50 aircraft  seq=[3, 8, 11, 15, 24, 28,...]
    Runway 5:   50 aircraft  seq=[5, 9, 14, 21, 22, 29,...]
==========================================================================
  ↳ airland12    m=5  seed=0.00  SA=0.00  gap=0.00%  ✓  ttb=0.0s  (62.3s) [tuned]  best_seed=EDD

  [SA Optuna] AIRLAND12 m=3 → 6 trials ...
  [SA Optuna] done in 197.6s  best: χ₀=0.819  M_stag=0.079  β=1.806  γ=0.1498  χ*=0.130
  Adaptive T_LIMIT: 1200s  (seed_LP=271.60  BKS=221.97)
  [airland12 m=3] 10 seeds evaluated | 4 selected | N_iter=5000 | t_limit=1200s
  SA params: χ₀=0.819  M_stag=0.079  β=1.806  γ=0.1498  χ*=0.130
    TC-RBI       raw=105508.7700  LP=271.6000 ← selected
    CAF          raw=104616.8100  LP=272.8900 ← selected
    GRASP-3      raw=103489.6500  LP=289.1100 ← selected
    GRASP-7      raw=106229.9500  LP=325.8600 ← selected
    EDD          raw=109317.1400  LP=363.2300
    ATC          raw=113541.1600  LP=1855.0900
    ATCS         raw=113913.9400  LP=1946.8500
    FCFS         raw=123573.7600  LP=10641.7700
    WCC          raw=203945.2600  LP=190947.2200
    WEDD         raw=inf  LP=inf

==========================================================================
  AIRLAND12  |  n=250  |  m=3 runway(s)
==========================================================================
  Runtime (SA+PR+VND total)  : 143.88 s
  TC-RBI params              : η=0.415 μ_TC=4.624 μ_late=0.243 μ_count=2.590 μ_sep=0.284
  SA params                  : χ₀=0.819  M_stag=0.079  β=1.806  γ=0.1498  χ*=0.130
  Best seed raw obj          : 103489.6500
  Best seed LP obj           : 271.6000
  SA+VND+PR final LP         : 228.8900
  Earliest-time objective    : 105035.7800
  Reference / BKS           : 221.9700
  Gap chain (raw→seed LP→SA) : 46523.26% → 22.36% → 3.12%
  Seed construct time        : 5.69 s
  Seed LP eval time          : 0.15 s
  Best seed LP achieved at   : 4.47 s (job-relative)
  SA dispatch offset         : 5.87 s
  Total time to best LP      : 141.12 s (job-relative)
  Elite pool size            : 6
  Path relinking improved    : No
  Seed portfolio             : 10 evaluated, 4 selected
  Sequence feasibility       : PASS ✓
  Runway load:
    Runway 1:   80 aircraft  seq=[0, 4, 9, 11, 15, 19,...]
    Runway 2:   85 aircraft  seq=[2, 3, 6, 8, 12, 16,...]
    Runway 3:   85 aircraft  seq=[1, 5, 7, 10, 13, 14,...]
==========================================================================
  ↳ airland12    m=3  seed=271.60  SA=228.89  gap=3.12%  ✓  ttb=141.1s  (143.9s) [tuned]  best_seed=TC-RBI

  [SA Optuna] AIRLAND11 m=2 → 6 trials ...
  [SA Optuna] done in 253.7s  best: χ₀=0.762  M_stag=0.090  β=1.316  γ=0.0833  χ*=0.289
  Adaptive T_LIMIT: 1200s  (seed_LP=1544.87  BKS=1330.91)
  [airland11 m=2] 10 seeds evaluated | 4 selected | N_iter=5000 | t_limit=1200s
  SA params: χ₀=0.762  M_stag=0.090  β=1.316  γ=0.0833  χ*=0.289
    CAF          raw=78790.7100  LP=1485.9800 ← selected
    TC-RBI       raw=80462.4900  LP=1544.8700 ← selected
    GRASP-3      raw=79661.7900  LP=1571.1000 ← selected
    GRASP-7      raw=78415.4300  LP=1623.6700 ← selected
    EDD          raw=81813.5900  LP=1742.6900
    ATC          raw=84019.6500  LP=3241.9800
    ATCS         raw=83150.2800  LP=3295.1400
    FCFS         raw=99235.9800  LP=13629.3100
    WCC          raw=176440.7600  LP=170314.8600
    WEDD         raw=inf  LP=inf

==========================================================================
  AIRLAND11  |  n=200  |  m=2 runway(s)
==========================================================================
  Runtime (SA+PR+VND total)  : 189.32 s
  TC-RBI params              : η=0.530 μ_TC=2.408 μ_late=1.362 μ_count=1.895 μ_sep=0.002
  SA params                  : χ₀=0.762  M_stag=0.090  β=1.316  γ=0.0833  χ*=0.289
  Best seed raw obj          : 78415.4300
  Best seed LP obj           : 1485.9800
  SA+VND+PR final LP         : 1356.2600
  Earliest-time objective    : 81993.5100
  Reference / BKS           : 1330.9100
  Gap chain (raw→seed LP→SA) : 5791.87% → 11.65% → 1.90%
  Seed construct time        : 3.96 s
  Seed LP eval time          : 0.16 s
  Best seed LP achieved at   : 3.06 s (job-relative)
  SA dispatch offset         : 4.16 s
  Total time to best LP      : 188.04 s (job-relative)
  Elite pool size            : 7
  Path relinking improved    : Yes
  Seed portfolio             : 10 evaluated, 4 selected
  Sequence feasibility       : PASS ✓
  Runway load:
    Runway 1:  100 aircraft  seq=[2, 7, 3, 9, 6, 12,...]
    Runway 2:  100 aircraft  seq=[0, 4, 1, 5, 10, 8,...]
==========================================================================
  ↳ airland11    m=2  seed=1485.98  SA=1356.26  gap=1.90%  ✓  ttb=188.0s  (189.3s) [tuned]  best_seed=CAF

  [SA Optuna] AIRLAND12 m=4 → 6 trials ...
  [SA Optuna] done in 169.3s  best: χ₀=0.890  M_stag=0.270  β=2.031  γ=0.0209  χ*=0.190
  Adaptive T_LIMIT: 1200s  (seed_LP=3.49  BKS=2.44)
  [airland12 m=4] 10 seeds evaluated | 4 selected | N_iter=5000 | t_limit=1200s
  SA params: χ₀=0.890  M_stag=0.270  β=2.031  γ=0.0209  χ*=0.190
    TC-RBI       raw=111317.1300  LP=3.4900 ← selected
    EDD          raw=118134.5000  LP=10.5200 ← selected
    CAF          raw=111567.7300  LP=13.9900 ← selected
    GRASP-3      raw=112142.0600  LP=13.9900 ← selected
    GRASP-7      raw=110425.4800  LP=45.8700
    ATCS         raw=119685.1800  LP=920.4000
    ATC          raw=119257.2100  LP=1027.8100
    FCFS         raw=123933.4600  LP=3997.0200
    WCC          raw=197605.9100  LP=176995.7000
    WEDD         raw=inf  LP=inf

==========================================================================
  AIRLAND12  |  n=250  |  m=4 runway(s)
==========================================================================
  Runtime (SA+PR+VND total)  : 104.91 s
  TC-RBI params              : η=0.254 μ_TC=2.792 μ_late=1.160 μ_count=2.117 μ_sep=0.127
  SA params                  : χ₀=0.890  M_stag=0.270  β=2.031  γ=0.0209  χ*=0.190
  Best seed raw obj          : 111317.1300
  Best seed LP obj           : 3.4900
  SA+VND+PR final LP         : 2.4400
  Earliest-time objective    : 112434.8700
  Reference / BKS           : 2.4400
  Gap chain (raw→seed LP→SA) : 4562077.46% → 43.03% → 0.00%
  Seed construct time        : 6.15 s
  Seed LP eval time          : 0.13 s
  Best seed LP achieved at   : 4.71 s (job-relative)
  SA dispatch offset         : 6.31 s
  Total time to best LP      : 33.43 s (job-relative)
  Elite pool size            : 4
  Path relinking improved    : No
  Seed portfolio             : 10 evaluated, 4 selected
  Sequence feasibility       : PASS ✓
  Runway load:
    Runway 1:   62 aircraft  seq=[4, 15, 19, 24, 22, 28,...]
    Runway 2:   62 aircraft  seq=[3, 7, 13, 14, 18, 25,...]
    Runway 3:   63 aircraft  seq=[1, 2, 5, 6, 8, 11,...]
    Runway 4:   63 aircraft  seq=[0, 9, 10, 12, 17, 29,...]
==========================================================================
  ↳ airland12    m=4  seed=3.49  SA=2.44  gap=0.00%  ✓  ttb=33.4s  (104.9s) [tuned]  best_seed=TC-RBI

  [SA Optuna] AIRLAND12 m=2 → 6 trials ...
  [SA Optuna] done in 341.3s  best: χ₀=0.759  M_stag=0.072  β=2.465  γ=0.0607  χ*=0.196
  Adaptive T_LIMIT: 1200s  (seed_LP=2167.13  BKS=1695.62)
  [airland12 m=2] 10 seeds evaluated | 4 selected | N_iter=5000 | t_limit=1200s
  SA params: χ₀=0.759  M_stag=0.072  β=2.465  γ=0.0607  χ*=0.196
    EDD          raw=94258.4700  LP=2067.3900 ← selected
    CAF          raw=94389.4000  LP=2118.4100 ← selected
    TC-RBI       raw=93911.3900  LP=2167.1300 ← selected
    GRASP-3      raw=91379.4700  LP=2177.4600 ← selected
    GRASP-7      raw=92848.4700  LP=2315.8800
    ATCS         raw=97249.2600  LP=4791.2800
    ATC          raw=96431.7900  LP=5025.0300
    FCFS         raw=121422.0400  LP=19294.0900
    WCC          raw=216467.3400  LP=205816.4200
    WEDD         raw=inf  LP=inf

==========================================================================
  AIRLAND12  |  n=250  |  m=2 runway(s)
==========================================================================
  Runtime (SA+PR+VND total)  : 223.55 s
  TC-RBI params              : η=0.536 μ_TC=2.500 μ_late=1.882 μ_count=2.811 μ_sep=0.186
  SA params                  : χ₀=0.759  M_stag=0.072  β=2.465  γ=0.0607  χ*=0.196
  Best seed raw obj          : 91379.4700
  Best seed LP obj           : 2067.3900
  SA+VND+PR final LP         : 1783.6500
  Earliest-time objective    : 92712.5300
  Reference / BKS           : 1695.6200
  Gap chain (raw→seed LP→SA) : 5289.15% → 21.93% → 5.19%
  Seed construct time        : 12.42 s
  Seed LP eval time          : 0.28 s
  Best seed LP achieved at   : 0.10 s (job-relative)
  SA dispatch offset         : 12.77 s
  Total time to best LP      : 196.44 s (job-relative)
  Elite pool size            : 6
  Path relinking improved    : No
  Seed portfolio             : 10 evaluated, 4 selected
  Sequence feasibility       : PASS ✓
  Runway load:
    Runway 1:  123 aircraft  seq=[0, 3, 4, 6, 10, 12,...]
    Runway 2:  127 aircraft  seq=[1, 2, 5, 7, 8, 9,...]
==========================================================================
  ↳ airland12    m=2  seed=2067.39  SA=1783.65  gap=5.19%  ✓  ttb=196.4s  (223.5s) [tuned]  best_seed=EDD

  [SA Optuna] AIRLAND13 m=5 → 3 trials ...
  [SA Optuna] done in 209.3s  best: χ₀=0.568  M_stag=0.199  β=1.324  γ=0.1785  χ*=0.268
  Adaptive T_LIMIT: 60s  (seed_LP=1.09  BKS=0.0)
  [airland13 m=5] 10 seeds evaluated | 4 selected | N_iter=8000 | t_limit=60s
  SA params: χ₀=0.568  M_stag=0.199  β=1.324  γ=0.1785  χ*=0.268
    EDD          raw=237793.4600  LP=0.0000 ← selected
    TC-RBI       raw=222238.1500  LP=1.0900 ← selected
    CAF          raw=224197.2200  LP=9.9200 ← selected
    GRASP-7      raw=220832.3900  LP=31.8400 ← selected
    GRASP-3      raw=214668.5200  LP=46.5900
    ATC          raw=240300.5000  LP=891.5500
    ATCS         raw=240710.4200  LP=1204.3400
    FCFS         raw=244309.4400  LP=6401.0400
    WCC          raw=408314.2600  LP=384815.2600
    WEDD         raw=inf  LP=inf

==========================================================================
  AIRLAND13  |  n=500  |  m=5 runway(s)
==========================================================================
  Runtime (SA+PR+VND total)  : 66.54 s
  TC-RBI params              : η=0.701 μ_TC=1.596 μ_late=0.492 μ_count=0.772 μ_sep=0.339
  SA params                  : χ₀=0.568  M_stag=0.199  β=1.324  γ=0.1785  χ*=0.268
  Best seed raw obj          : 220832.3900
  Best seed LP obj           : 0.0000
  SA+VND+PR final LP         : 0.0000
  Earliest-time objective    : 237793.4600
  BKS (opt=0)               : 0.0000
  Gap chain (raw→seed LP→SA) : ∞ → 0.00% → 0.00%
  Seed construct time        : 27.25 s
  Seed LP eval time          : 0.40 s
  Best seed LP achieved at   : 0.08 s (job-relative)
  SA dispatch offset         : 27.74 s
  Total time to best LP      : 0.08 s (job-relative)
  Elite pool size            : 4
  Path relinking improved    : No
  Seed portfolio             : 10 evaluated, 4 selected
  Sequence feasibility       : PASS ✓
  Runway load:
    Runway 1:  100 aircraft  seq=[0, 2, 8, 12, 20, 25,...]
    Runway 2:  100 aircraft  seq=[1, 6, 13, 14, 24, 27,...]
    Runway 3:  100 aircraft  seq=[4, 9, 11, 17, 21, 26,...]
    Runway 4:  100 aircraft  seq=[5, 7, 16, 18, 23, 30,...]
    Runway 5:  100 aircraft  seq=[3, 10, 15, 19, 22, 29,...]
==========================================================================
  ↳ airland13    m=5  seed=0.00  SA=0.00  gap=0.00%  ✓  ttb=0.1s  (66.5s) [tuned]  best_seed=EDD

  [SA Optuna] AIRLAND13 m=4 → 3 trials ...
  [SA Optuna] done in 252.5s  best: χ₀=0.540  M_stag=0.131  β=2.487  γ=0.0624  χ*=0.149
  Adaptive T_LIMIT: 1200s  (seed_LP=145.61  BKS=89.95)
  [airland13 m=4] 10 seeds evaluated | 4 selected | N_iter=8000 | t_limit=1200s
  SA params: χ₀=0.540  M_stag=0.131  β=2.487  γ=0.0624  χ*=0.149
    TC-RBI       raw=220141.8500  LP=145.6100 ← selected
    EDD          raw=228436.3400  LP=154.5600 ← selected
    GRASP-7      raw=213056.9900  LP=172.4300 ← selected
    CAF          raw=220431.6200  LP=210.7700 ← selected
    GRASP-3      raw=214115.6000  LP=217.3000
    ATCS         raw=234719.5700  LP=1971.5600
    ATC          raw=235353.9800  LP=2492.8200
    FCFS         raw=244245.6100  LP=13003.4600
    WCC          raw=436113.3300  LP=418564.4700
    WEDD         raw=inf  LP=inf

==========================================================================
  AIRLAND13  |  n=500  |  m=4 runway(s)
==========================================================================
  Runtime (SA+PR+VND total)  : 421.61 s
  TC-RBI params              : η=0.339 μ_TC=2.534 μ_late=1.394 μ_count=2.935 μ_sep=0.435
  SA params                  : χ₀=0.540  M_stag=0.131  β=2.487  γ=0.0624  χ*=0.149
  Best seed raw obj          : 213056.9900
  Best seed LP obj           : 145.6100
  SA+VND+PR final LP         : 89.9500
  Earliest-time objective    : 219621.6200
  Reference / BKS           : 89.9500
  Gap chain (raw→seed LP→SA) : 236761.58% → 61.88% → 0.00%
  Seed construct time        : 30.21 s
  Seed LP eval time          : 0.46 s
  Best seed LP achieved at   : 19.84 s (job-relative)
  SA dispatch offset         : 30.78 s
  Total time to best LP      : 51.51 s (job-relative)
  Elite pool size            : 6
  Path relinking improved    : No
  Seed portfolio             : 10 evaluated, 4 selected
  Sequence feasibility       : PASS ✓
  Runway load:
    Runway 1:  122 aircraft  seq=[4, 6, 10, 12, 20, 23,...]
    Runway 2:  122 aircraft  seq=[5, 2, 9, 7, 13, 19,...]
    Runway 3:  124 aircraft  seq=[0, 1, 3, 8, 16, 17,...]
    Runway 4:  132 aircraft  seq=[11, 15, 14, 25, 27, 29,...]
==========================================================================
  ↳ airland13    m=4  seed=145.61  SA=89.95  gap=0.00%  ✓  ttb=51.5s  (421.6s) [tuned]  best_seed=TC-RBI

  [SA Optuna] AIRLAND13 m=3 → 3 trials ...
  [SA Optuna] done in 417.4s  best: χ₀=0.676  M_stag=0.061  β=1.764  γ=0.0209  χ*=0.248
  Adaptive T_LIMIT: 1200s  (seed_LP=914.51  BKS=673.85)
  [airland13 m=3] 10 seeds evaluated | 4 selected | N_iter=8000 | t_limit=1200s
  SA params: χ₀=0.676  M_stag=0.061  β=1.764  γ=0.0209  χ*=0.248
    CAF          raw=206919.8700  LP=863.2800 ← selected
    EDD          raw=212688.2100  LP=879.8600 ← selected
    TC-RBI       raw=207175.6200  LP=914.5100 ← selected
    GRASP-7      raw=207288.2800  LP=1072.5200 ← selected
    GRASP-3      raw=208895.9600  LP=1128.8400
    ATCS         raw=221096.1200  LP=4932.0600
    ATC          raw=222096.8400  LP=5144.5700
    FCFS         raw=243429.2800  LP=22154.2700
    WCC          raw=430273.8900  LP=414125.8100
    WEDD         raw=inf  LP=inf

==========================================================================
  AIRLAND13  |  n=500  |  m=3 runway(s)
==========================================================================
  Runtime (SA+PR+VND total)  : 700.67 s
  TC-RBI params              : η=0.349 μ_TC=3.411 μ_late=0.029 μ_count=0.810 μ_sep=0.245
  SA params                  : χ₀=0.676  M_stag=0.061  β=1.764  γ=0.0209  χ*=0.248
  Best seed raw obj          : 206919.8700
  Best seed LP obj           : 863.2800
  SA+VND+PR final LP         : 706.9000
  Earliest-time objective    : 208235.4500
  Reference / BKS           : 673.8500
  Gap chain (raw→seed LP→SA) : 30607.11% → 28.11% → 4.90%
  Seed construct time        : 34.88 s
  Seed LP eval time          : 0.59 s
  Best seed LP achieved at   : 24.68 s (job-relative)
  SA dispatch offset         : 35.61 s
  Total time to best LP      : 690.55 s (job-relative)
  Elite pool size            : 6
  Path relinking improved    : No
  Seed portfolio             : 10 evaluated, 4 selected
  Sequence feasibility       : PASS ✓
  Runway load:
    Runway 1:  166 aircraft  seq=[4, 6, 9, 8, 15, 14,...]
    Runway 2:  167 aircraft  seq=[5, 2, 10, 12, 17, 19,...]
    Runway 3:  167 aircraft  seq=[0, 1, 3, 7, 13, 11,...]
==========================================================================
  ↳ airland13    m=3  seed=863.28  SA=706.90  gap=4.90%  ✓  ttb=690.6s  (700.7s) [tuned]  best_seed=CAF

  [SA Optuna] AIRLAND13 m=2 → 3 trials ...
  [SA Optuna] done in 868.0s  best: χ₀=0.771  M_stag=0.231  β=2.166  γ=0.0269  χ*=0.310
  Adaptive T_LIMIT: 1200s  (seed_LP=4659.60  BKS=3943.85)
  [airland13 m=2] 10 seeds evaluated | 4 selected | N_iter=8000 | t_limit=1200s
  SA params: χ₀=0.771  M_stag=0.231  β=2.166  γ=0.0269  χ*=0.310
    TC-RBI       raw=182805.9900  LP=4659.6000 ← selected
    EDD          raw=184424.1800  LP=4666.6000 ← selected
    CAF          raw=180721.1300  LP=4978.0900 ← selected
    GRASP-7      raw=181201.9600  LP=5009.9000 ← selected
    GRASP-3      raw=180559.4700  LP=5259.2300
    ATCS         raw=191020.5100  LP=9385.6200
    ATC          raw=190154.9500  LP=10925.2600
    FCFS         raw=237381.1800  LP=41101.3600
    WCC          raw=423649.9000  LP=411223.5700
    WEDD         raw=inf  LP=inf

==========================================================================
  AIRLAND13  |  n=500  |  m=2 runway(s)
==========================================================================
  Runtime (SA+PR+VND total)  : 1224.19 s
  TC-RBI params              : η=0.486 μ_TC=2.788 μ_late=1.551 μ_count=0.862 μ_sep=0.214
  SA params                  : χ₀=0.771  M_stag=0.231  β=2.166  γ=0.0269  χ*=0.310
  Best seed raw obj          : 180721.1300
  Best seed LP obj           : 4659.6000
  SA+VND+PR final LP         : 4074.4600
  Earliest-time objective    : 179056.5900
  Reference / BKS           : 3943.8500
  Gap chain (raw→seed LP→SA) : 4482.35% → 18.15% → 3.31%
  Seed construct time        : 43.53 s
  Seed LP eval time          : 0.81 s
  Best seed LP achieved at   : 32.90 s (job-relative)
  SA dispatch offset         : 44.53 s
  Total time to best LP      : 1209.91 s (job-relative)
  Elite pool size            : 6
  Path relinking improved    : No
  Seed portfolio             : 10 evaluated, 4 selected
  Sequence feasibility       : PASS ✓
  Runway load:
    Runway 1:  252 aircraft  seq=[0, 1, 5, 2, 6, 9,...]
    Runway 2:  248 aircraft  seq=[4, 3, 7, 8, 13, 11,...]
==========================================================================
  ↳ airland13    m=2  seed=4659.60  SA=4074.46  gap=3.31%  ✓  ttb=1209.9s  (1224.2s) [tuned]  best_seed=TC-RBI

===========================================================================================================
  MR-ALP Solver — BATCH RESULTS
===========================================================================================================
      Instance    n   m     Seed LP    Final LP   Reference Gap(seed)   Gap(SA) BKS?  Feas  ttb(s)  Time(s)
-----------------------------------------------------------------------------------------------------------
      airland1   10   2     90.0000     90.0000     90.0000     0.00%     0.00%          ✓     0.0     5.94
      airland1   10   3      0.0000      0.0000      0.0000     0.00%     0.00%          ✓     0.0     5.25
     airland10  150   2   1279.7800   1155.9000   1143.7000    11.90%     1.07%          ✓   114.1   116.08
     airland10  150   3    258.4600    205.2100    205.2100    25.95%     0.00%          ✓    79.5    80.68
     airland10  150   4     34.2200     34.2200     34.2200     0.00%     0.00%          ✓     5.1    55.70
     airland10  150   5      0.0000      0.0000      0.0000     0.00%     0.00%          ✓     0.0    43.93
     airland11  200   2   1485.9800   1356.2600   1330.9100    11.65%     1.90%          ✓   188.0   189.32
     airland11  200   3    316.0700    253.0700    253.0700    24.89%     0.00%          ✓    70.4   108.00
     airland11  200   4     54.5300     54.5300     54.5300     0.00%     0.00%          ✓     0.0    57.25
     airland11  200   5      0.0000      0.0000      0.0000     0.00%     0.00%          ✓     0.0    61.25
     airland12  250   2   2067.3900   1783.6500   1695.6200    21.93%     5.19%          ✓   196.4   223.55
     airland12  250   3    271.6000    228.8900    221.9700    22.36%     3.12%          ✓   141.1   143.88
     airland12  250   4      3.4900      2.4400      2.4400    43.03%     0.00%          ✓    33.4   104.91
     airland12  250   5      0.0000      0.0000      0.0000     0.00%     0.00%          ✓     0.0    62.32
     airland13  500   2   4659.6000   4074.4600   3943.8500    18.15%     3.31%          ✓  1209.9  1224.19
     airland13  500   3    863.2800    706.9000    673.8500    28.11%     4.90%          ✓   690.6   700.67
     airland13  500   4    145.6100     89.9500     89.9500    61.88%     0.00%          ✓    51.5   421.61
     airland13  500   5      0.0000      0.0000      0.0000     0.00%     0.00%          ✓     0.1    66.54
      airland2   15   2    210.0000    210.0000    210.0000     0.00%     0.00%          ✓     0.0     6.49
      airland2   15   3      0.0000      0.0000      0.0000     0.00%     0.00%          ✓     0.0     6.34
      airland3   20   2     60.0000     60.0000     60.0000     0.00%     0.00%          ✓     0.0     8.66
      airland3   20   3      0.0000      0.0000      0.0000     0.00%     0.00%          ✓     0.0     7.37
      airland4   20   2    640.0000    640.0000    640.0000     0.00%     0.00%          ✓     0.0    10.32
      airland4   20   3    130.0000    130.0000    130.0000     0.00%     0.00%          ✓     0.0     7.64
      airland4   20   4      0.0000      0.0000      0.0000     0.00%     0.00%          ✓     0.0     7.28
      airland5   20   2    650.0000    650.0000    650.0000     0.00%     0.00%          ✓     0.1     8.35
      airland5   20   3    200.0000    170.0000    170.0000    17.65%     0.00%          ✓     1.0     8.37
      airland5   20   4      0.0000      0.0000      0.0000     0.00%     0.00%          ✓     0.0    10.01
      airland6   30   2    701.0000    554.0000    554.0000    26.53%     0.00%          ✓     1.5     6.23
      airland6   30   3      0.0000      0.0000      0.0000     0.00%     0.00%          ✓     0.0     6.03
      airland7   44   2      0.0000      0.0000      0.0000     0.00%     0.00%          ✓     0.0     4.39
      airland8   50   2    135.0000    135.0000    135.0000     0.00%     0.00%          ✓     0.9    24.70
      airland8   50   3      0.0000      0.0000      0.0000     0.00%     0.00%          ✓     0.4    14.53
      airland9  100   2    481.7100    452.9200    444.1000     8.47%     1.99%          ✓    55.3    56.27
      airland9  100   3     89.0300     75.7500     75.7500    17.53%     0.00%          ✓     4.7    42.83
      airland9  100   4      0.0000      0.0000      0.0000     0.00%     0.00%          ✓     0.0    18.81
===========================================================================================================
  Feasible         : 36/36
  New BKS cands    : 0
  Avg seed gap     : 14.78%  Max: 61.88%
  Avg final gap    : 0.93%  Max: 5.19%
  Avg improvement  : 13.85pp
===========================================================================================================
  Saved MR_results/summary.csv
  Saved MR_results/schedules.csv
  Saved MR_results/alternatives.csv
  Saved MR_results/verification.txt
  Saved MR_results/run_metadata.json
  Saved MR_results/plots/gap/gap_summary.png
  Saved MR_results/plots/time_to_best/time_to_best.png
  Saved MR_results/plots/convergence/convergence_airland1_3.png
  Saved MR_results/plots/lp_timeline/lp_timeline_airland1_3.png
  Saved MR_results/plots/elite_pool/elite_pool_airland1_3.png
  Saved MR_results/plots/gantt/gantt_airland1_3.png
  Saved MR_results/plots/seeds/seeds_airland1_3.png
  Saved MR_results/plots/convergence/convergence_airland2_3.png
  Saved MR_results/plots/lp_timeline/lp_timeline_airland2_3.png
  Saved MR_results/plots/elite_pool/elite_pool_airland2_3.png
  Saved MR_results/plots/gantt/gantt_airland2_3.png
  Saved MR_results/plots/seeds/seeds_airland2_3.png
  Saved MR_results/plots/convergence/convergence_airland1_2.png
  Saved MR_results/plots/lp_timeline/lp_timeline_airland1_2.png
  Saved MR_results/plots/elite_pool/elite_pool_airland1_2.png
  Saved MR_results/plots/gantt/gantt_airland1_2.png
  Saved MR_results/plots/seeds/seeds_airland1_2.png
  Saved MR_results/plots/convergence/convergence_airland3_3.png
  Saved MR_results/plots/lp_timeline/lp_timeline_airland3_3.png
  Saved MR_results/plots/elite_pool/elite_pool_airland3_3.png
  Saved MR_results/plots/gantt/gantt_airland3_3.png
  Saved MR_results/plots/seeds/seeds_airland3_3.png
  Saved MR_results/plots/convergence/convergence_airland2_2.png
  Saved MR_results/plots/lp_timeline/lp_timeline_airland2_2.png
  Saved MR_results/plots/elite_pool/elite_pool_airland2_2.png
  Saved MR_results/plots/gantt/gantt_airland2_2.png
  Saved MR_results/plots/seeds/seeds_airland2_2.png
  Saved MR_results/plots/convergence/convergence_airland3_2.png
  Saved MR_results/plots/lp_timeline/lp_timeline_airland3_2.png
  Saved MR_results/plots/elite_pool/elite_pool_airland3_2.png
  Saved MR_results/plots/gantt/gantt_airland3_2.png
  Saved MR_results/plots/seeds/seeds_airland3_2.png
  Saved MR_results/plots/convergence/convergence_airland4_2.png
  Saved MR_results/plots/lp_timeline/lp_timeline_airland4_2.png
  Saved MR_results/plots/elite_pool/elite_pool_airland4_2.png
  Saved MR_results/plots/gantt/gantt_airland4_2.png
  Saved MR_results/plots/seeds/seeds_airland4_2.png
  Saved MR_results/plots/convergence/convergence_airland4_3.png
  Saved MR_results/plots/lp_timeline/lp_timeline_airland4_3.png
  Saved MR_results/plots/elite_pool/elite_pool_airland4_3.png
  Saved MR_results/plots/gantt/gantt_airland4_3.png
  Saved MR_results/plots/seeds/seeds_airland4_3.png
  Saved MR_results/plots/convergence/convergence_airland4_4.png
  Saved MR_results/plots/lp_timeline/lp_timeline_airland4_4.png
  Saved MR_results/plots/elite_pool/elite_pool_airland4_4.png
  Saved MR_results/plots/gantt/gantt_airland4_4.png
  Saved MR_results/plots/seeds/seeds_airland4_4.png
  Saved MR_results/plots/convergence/convergence_airland6_3.png
  Saved MR_results/plots/lp_timeline/lp_timeline_airland6_3.png
  Saved MR_results/plots/elite_pool/elite_pool_airland6_3.png
  Saved MR_results/plots/gantt/gantt_airland6_3.png
  Saved MR_results/plots/seeds/seeds_airland6_3.png
  Saved MR_results/plots/convergence/convergence_airland6_2.png
  Saved MR_results/plots/lp_timeline/lp_timeline_airland6_2.png
  Saved MR_results/plots/elite_pool/elite_pool_airland6_2.png
  Saved MR_results/plots/gantt/gantt_airland6_2.png
  Saved MR_results/plots/seeds/seeds_airland6_2.png
  Saved MR_results/plots/convergence/convergence_airland5_4.png
  Saved MR_results/plots/lp_timeline/lp_timeline_airland5_4.png
  Saved MR_results/plots/elite_pool/elite_pool_airland5_4.png
  Saved MR_results/plots/gantt/gantt_airland5_4.png
  Saved MR_results/plots/seeds/seeds_airland5_4.png
  Saved MR_results/plots/convergence/convergence_airland5_3.png
  Saved MR_results/plots/lp_timeline/lp_timeline_airland5_3.png
  Saved MR_results/plots/elite_pool/elite_pool_airland5_3.png
  Saved MR_results/plots/gantt/gantt_airland5_3.png
  Saved MR_results/plots/seeds/seeds_airland5_3.png
  Saved MR_results/plots/convergence/convergence_airland5_2.png
  Saved MR_results/plots/lp_timeline/lp_timeline_airland5_2.png
  Saved MR_results/plots/elite_pool/elite_pool_airland5_2.png
  Saved MR_results/plots/gantt/gantt_airland5_2.png
  Saved MR_results/plots/seeds/seeds_airland5_2.png
  Saved MR_results/plots/convergence/convergence_airland7_2.png
  Saved MR_results/plots/lp_timeline/lp_timeline_airland7_2.png
  Saved MR_results/plots/elite_pool/elite_pool_airland7_2.png
  Saved MR_results/plots/gantt/gantt_airland7_2.png
  Saved MR_results/plots/seeds/seeds_airland7_2.png
  Saved MR_results/plots/convergence/convergence_airland8_3.png
  Saved MR_results/plots/lp_timeline/lp_timeline_airland8_3.png
  Saved MR_results/plots/elite_pool/elite_pool_airland8_3.png
  Saved MR_results/plots/gantt/gantt_airland8_3.png
  Saved MR_results/plots/seeds/seeds_airland8_3.png
  Saved MR_results/plots/convergence/convergence_airland9_4.png
  Saved MR_results/plots/lp_timeline/lp_timeline_airland9_4.png
  Saved MR_results/plots/elite_pool/elite_pool_airland9_4.png
  Saved MR_results/plots/gantt/gantt_airland9_4.png
  Saved MR_results/plots/seeds/seeds_airland9_4.png
  Saved MR_results/plots/convergence/convergence_airland9_3.png
  Saved MR_results/plots/lp_timeline/lp_timeline_airland9_3.png
  Saved MR_results/plots/elite_pool/elite_pool_airland9_3.png
  Saved MR_results/plots/gantt/gantt_airland9_3.png
  Saved MR_results/plots/seeds/seeds_airland9_3.png
  Saved MR_results/plots/convergence/convergence_airland8_2.png
  Saved MR_results/plots/lp_timeline/lp_timeline_airland8_2.png
  Saved MR_results/plots/elite_pool/elite_pool_airland8_2.png
  Saved MR_results/plots/gantt/gantt_airland8_2.png
  Saved MR_results/plots/seeds/seeds_airland8_2.png
  Saved MR_results/plots/convergence/convergence_airland9_2.png
  Saved MR_results/plots/lp_timeline/lp_timeline_airland9_2.png
  Saved MR_results/plots/elite_pool/elite_pool_airland9_2.png
  Saved MR_results/plots/gantt/gantt_airland9_2.png
  Saved MR_results/plots/seeds/seeds_airland9_2.png
  Saved MR_results/plots/convergence/convergence_airland10_5.png
  Saved MR_results/plots/lp_timeline/lp_timeline_airland10_5.png
  Saved MR_results/plots/elite_pool/elite_pool_airland10_5.png
  Saved MR_results/plots/gantt/gantt_airland10_5.png
  Saved MR_results/plots/seeds/seeds_airland10_5.png
  Saved MR_results/plots/convergence/convergence_airland10_3.png
  Saved MR_results/plots/lp_timeline/lp_timeline_airland10_3.png
  Saved MR_results/plots/elite_pool/elite_pool_airland10_3.png
  Saved MR_results/plots/gantt/gantt_airland10_3.png
  Saved MR_results/plots/seeds/seeds_airland10_3.png
  Saved MR_results/plots/convergence/convergence_airland10_4.png
  Saved MR_results/plots/lp_timeline/lp_timeline_airland10_4.png
  Saved MR_results/plots/elite_pool/elite_pool_airland10_4.png
  Saved MR_results/plots/gantt/gantt_airland10_4.png
  Saved MR_results/plots/seeds/seeds_airland10_4.png
  Saved MR_results/plots/convergence/convergence_airland10_2.png
  Saved MR_results/plots/lp_timeline/lp_timeline_airland10_2.png
  Saved MR_results/plots/elite_pool/elite_pool_airland10_2.png
  Saved MR_results/plots/gantt/gantt_airland10_2.png
  Saved MR_results/plots/seeds/seeds_airland10_2.png
  Saved MR_results/plots/convergence/convergence_airland11_5.png
  Saved MR_results/plots/lp_timeline/lp_timeline_airland11_5.png
  Saved MR_results/plots/elite_pool/elite_pool_airland11_5.png
  Saved MR_results/plots/gantt/gantt_airland11_5.png
  Saved MR_results/plots/seeds/seeds_airland11_5.png
  Saved MR_results/plots/convergence/convergence_airland11_4.png
  Saved MR_results/plots/lp_timeline/lp_timeline_airland11_4.png
  Saved MR_results/plots/elite_pool/elite_pool_airland11_4.png
  Saved MR_results/plots/gantt/gantt_airland11_4.png
  Saved MR_results/plots/seeds/seeds_airland11_4.png
  Saved MR_results/plots/convergence/convergence_airland11_3.png
  Saved MR_results/plots/lp_timeline/lp_timeline_airland11_3.png
  Saved MR_results/plots/elite_pool/elite_pool_airland11_3.png
  Saved MR_results/plots/gantt/gantt_airland11_3.png
  Saved MR_results/plots/seeds/seeds_airland11_3.png
  Saved MR_results/plots/convergence/convergence_airland12_5.png
  Saved MR_results/plots/lp_timeline/lp_timeline_airland12_5.png
  Saved MR_results/plots/elite_pool/elite_pool_airland12_5.png
  Saved MR_results/plots/gantt/gantt_airland12_5.png
  Saved MR_results/plots/seeds/seeds_airland12_5.png
  Saved MR_results/plots/convergence/convergence_airland12_3.png
  Saved MR_results/plots/lp_timeline/lp_timeline_airland12_3.png
  Saved MR_results/plots/elite_pool/elite_pool_airland12_3.png
  Saved MR_results/plots/gantt/gantt_airland12_3.png
  Saved MR_results/plots/seeds/seeds_airland12_3.png
  Saved MR_results/plots/convergence/convergence_airland11_2.png
  Saved MR_results/plots/lp_timeline/lp_timeline_airland11_2.png
  Saved MR_results/plots/elite_pool/elite_pool_airland11_2.png
  Saved MR_results/plots/gantt/gantt_airland11_2.png
  Saved MR_results/plots/seeds/seeds_airland11_2.png
  Saved MR_results/plots/convergence/convergence_airland12_4.png
  Saved MR_results/plots/lp_timeline/lp_timeline_airland12_4.png
  Saved MR_results/plots/elite_pool/elite_pool_airland12_4.png
  Saved MR_results/plots/gantt/gantt_airland12_4.png
  Saved MR_results/plots/seeds/seeds_airland12_4.png
  Saved MR_results/plots/convergence/convergence_airland12_2.png
  Saved MR_results/plots/lp_timeline/lp_timeline_airland12_2.png
  Saved MR_results/plots/elite_pool/elite_pool_airland12_2.png
  Saved MR_results/plots/gantt/gantt_airland12_2.png
  Saved MR_results/plots/seeds/seeds_airland12_2.png
  Saved MR_results/plots/convergence/convergence_airland13_5.png
  Saved MR_results/plots/lp_timeline/lp_timeline_airland13_5.png
  Saved MR_results/plots/elite_pool/elite_pool_airland13_5.png
  Saved MR_results/plots/gantt/gantt_airland13_5.png
  Saved MR_results/plots/seeds/seeds_airland13_5.png
  Saved MR_results/plots/convergence/convergence_airland13_4.png
  Saved MR_results/plots/lp_timeline/lp_timeline_airland13_4.png
  Saved MR_results/plots/elite_pool/elite_pool_airland13_4.png
  Saved MR_results/plots/gantt/gantt_airland13_4.png
  Saved MR_results/plots/seeds/seeds_airland13_4.png
  Saved MR_results/plots/convergence/convergence_airland13_3.png
  Saved MR_results/plots/lp_timeline/lp_timeline_airland13_3.png
  Saved MR_results/plots/elite_pool/elite_pool_airland13_3.png
  Saved MR_results/plots/gantt/gantt_airland13_3.png
  Saved MR_results/plots/seeds/seeds_airland13_3.png
  Saved MR_results/plots/convergence/convergence_airland13_2.png
  Saved MR_results/plots/lp_timeline/lp_timeline_airland13_2.png
  Saved MR_results/plots/elite_pool/elite_pool_airland13_2.png
  Saved MR_results/plots/gantt/gantt_airland13_2.png
  Saved MR_results/plots/seeds/seeds_airland13_2.png
